#
# There is insufficient memory for the Java Runtime Environment to continue.
# Native memory allocation (malloc) failed to allocate 1942896 bytes for Chunk::new
# Possible reasons:
#   The system is out of physical RAM or swap space
#   The process is running with CompressedOops enabled, and the Java Heap may be blocking the growth of the native heap
# Possible solutions:
#   Reduce memory load on the system
#   Increase physical memory or swap space
#   Check if swap backing store is full
#   Decrease Java heap size (-Xmx/-Xms)
#   Decrease number of Java threads
#   Decrease Java thread stack sizes (-Xss)
#   Set larger code cache with -XX:ReservedCodeCacheSize=
#   JVM is running with Unscaled Compressed Oops mode in which the Java heap is
#     placed in the first 4GB address space. The Java Heap base address is the
#     maximum limit for the native heap growth. Please use -XX:HeapBaseMinAddress
#     to set the Java Heap base and to place the Java Heap above 4GB virtual address.
# This output file may be truncated or incomplete.
#
#  Out of Memory Error (arena.cpp:189), pid=18096, tid=14716
#
# JRE version: Java(TM) SE Runtime Environment (17.0.7+8) (build 17.0.7+8-LTS-224)
# Java VM: Java HotSpot(TM) 64-Bit Server VM (17.0.7+8-LTS-224, mixed mode, sharing, tiered, compressed oops, compressed class ptrs, g1 gc, windows-amd64)
# No core dump will be written. Minidumps are not enabled by default on client versions of Windows
#

---------------  S U M M A R Y ------------

Command Line: -javaagent:C:\Program Files\JetBrains\IntelliJ IDEA Community Edition 2024.1.4\lib\idea_rt.jar=56576:C:\Program Files\JetBrains\IntelliJ IDEA Community Edition 2024.1.4\bin -Dfile.encoding=UTF-8 com.isi.MicroserviceProfApplication

Host: Intel(R) Core(TM) i5-4300U CPU @ 1.90GHz, 4 cores, 7G,  Windows 10 , 64 bit Build 19041 (10.0.19041.5438)
Time: Sat Mar  8 14:42:25 2025 Greenwich elapsed time: 15.667228 seconds (0d 0h 0m 15s)

---------------  T H R E A D  ---------------

Current thread (0x000001c07f024660):  JavaThread "C2 CompilerThread0" daemon [_thread_in_native, id=14716, stack(0x0000005986e00000,0x0000005986f00000)]


Current CompileTask:
C2:  15667 3997       4       jdk.internal.org.objectweb.asm.Frame::execute (2305 bytes)

Stack: [0x0000005986e00000,0x0000005986f00000]
Native frames: (J=compiled Java code, j=interpreted, Vv=VM code, C=native code)
V  [jvm.dll+0x676a4a]
V  [jvm.dll+0x7d74f4]
V  [jvm.dll+0x7d8c9e]
V  [jvm.dll+0x7d9303]
V  [jvm.dll+0x2452c5]
V  [jvm.dll+0xaaa2b]
V  [jvm.dll+0xaafcc]
V  [jvm.dll+0x3613cf]
V  [jvm.dll+0x32bba1]
V  [jvm.dll+0x32b03a]
V  [jvm.dll+0x217acf]
V  [jvm.dll+0x216f01]
V  [jvm.dll+0x1a35e0]
V  [jvm.dll+0x226a6e]
V  [jvm.dll+0x224e15]
V  [jvm.dll+0x78d05c]
V  [jvm.dll+0x78759a]
V  [jvm.dll+0x675875]
C  [ucrtbase.dll+0x21bb2]
C  [KERNEL32.DLL+0x17374]
C  [ntdll.dll+0x4cc91]


---------------  P R O C E S S  ---------------

Threads class SMR info:
_java_thread_list=0x000001c018b70930, length=16, elements={
0x000001c07820e110, 0x000001c07f00d840, 0x000001c07f00e3c0, 0x000001c07f020f70,
0x000001c07f022840, 0x000001c07f023100, 0x000001c07f0239c0, 0x000001c07f024660,
0x000001c07f025010, 0x000001c07f02bd60, 0x000001c07eff4e20, 0x000001c018a115a0,
0x000001c018a11e80, 0x000001c018fd0fd0, 0x000001c018f99ff0, 0x000001c019cf5020
}

Java Threads: ( => current thread )
  0x000001c07820e110 JavaThread "main" [_thread_blocked, id=21428, stack(0x0000005986000000,0x0000005986100000)]
  0x000001c07f00d840 JavaThread "Reference Handler" daemon [_thread_blocked, id=21436, stack(0x0000005986700000,0x0000005986800000)]
  0x000001c07f00e3c0 JavaThread "Finalizer" daemon [_thread_blocked, id=5908, stack(0x0000005986800000,0x0000005986900000)]
  0x000001c07f020f70 JavaThread "Signal Dispatcher" daemon [_thread_blocked, id=20852, stack(0x0000005986a00000,0x0000005986b00000)]
  0x000001c07f022840 JavaThread "Attach Listener" daemon [_thread_blocked, id=18348, stack(0x0000005986b00000,0x0000005986c00000)]
  0x000001c07f023100 JavaThread "Service Thread" daemon [_thread_blocked, id=10264, stack(0x0000005986c00000,0x0000005986d00000)]
  0x000001c07f0239c0 JavaThread "Monitor Deflation Thread" daemon [_thread_blocked, id=18524, stack(0x0000005986d00000,0x0000005986e00000)]
=>0x000001c07f024660 JavaThread "C2 CompilerThread0" daemon [_thread_in_native, id=14716, stack(0x0000005986e00000,0x0000005986f00000)]
  0x000001c07f025010 JavaThread "C1 CompilerThread0" daemon [_thread_blocked, id=1300, stack(0x0000005986f00000,0x0000005987000000)]
  0x000001c07f02bd60 JavaThread "Sweeper thread" daemon [_thread_blocked, id=17056, stack(0x0000005987000000,0x0000005987100000)]
  0x000001c07eff4e20 JavaThread "Common-Cleaner" daemon [_thread_blocked, id=2692, stack(0x0000005987100000,0x0000005987200000)]
  0x000001c018a115a0 JavaThread "Monitor Ctrl-Break" daemon [_thread_in_native, id=5112, stack(0x0000005987200000,0x0000005987300000)]
  0x000001c018a11e80 JavaThread "Notification Thread" daemon [_thread_blocked, id=4728, stack(0x0000005987300000,0x0000005987400000)]
  0x000001c018fd0fd0 JavaThread "Thread-0" [_thread_blocked, id=12684, stack(0x0000005987900000,0x0000005987a00000)]
  0x000001c018f99ff0 JavaThread "restartedMain" [_thread_in_native, id=21036, stack(0x0000005987a00000,0x0000005987b00000)]
  0x000001c019cf5020 JavaThread "C2 CompilerThread1" daemon [_thread_in_native, id=18612, stack(0x0000005987b00000,0x0000005987c00000)]

Other Threads:
  0x000001c07f0079d0 VMThread "VM Thread" [stack: 0x0000005986600000,0x0000005986700000] [id=20052]
  0x000001c018a1b400 WatcherThread [stack: 0x0000005987400000,0x0000005987500000] [id=20800]
  0x000001c078265f10 GCTaskThread "GC Thread#0" [stack: 0x0000005986100000,0x0000005986200000] [id=20772]
  0x000001c018bb1e40 GCTaskThread "GC Thread#1" [stack: 0x0000005987500000,0x0000005987600000] [id=20964]
  0x000001c018af6630 GCTaskThread "GC Thread#2" [stack: 0x0000005987600000,0x0000005987700000] [id=2516]
  0x000001c018b68d80 GCTaskThread "GC Thread#3" [stack: 0x0000005987700000,0x0000005987800000] [id=10288]
  0x000001c0782773b0 ConcurrentGCThread "G1 Main Marker" [stack: 0x0000005986200000,0x0000005986300000] [id=16172]
  0x000001c078277cd0 ConcurrentGCThread "G1 Conc#0" [stack: 0x0000005986300000,0x0000005986400000] [id=16424]
  0x000001c0782cdb80 ConcurrentGCThread "G1 Refine#0" [stack: 0x0000005986400000,0x0000005986500000] [id=17824]
  0x000001c018cf95e0 ConcurrentGCThread "G1 Refine#1" [stack: 0x0000005987800000,0x0000005987900000] [id=16884]
  0x000001c0782ce3b0 ConcurrentGCThread "G1 Service" [stack: 0x0000005986500000,0x0000005986600000] [id=20776]

Threads with active compile tasks:
C2 CompilerThread0    15720 3997       4       jdk.internal.org.objectweb.asm.Frame::execute (2305 bytes)
C2 CompilerThread1    15720 4043       4       org.springframework.boot.context.properties.source.ConfigurationPropertyName$ElementsParser::parse (234 bytes)

VM state: not at safepoint (normal execution)

VM Mutex/Monitor currently owned by a thread: None

Heap address: 0x0000000084e00000, size: 1970 MB, Compressed Oops mode: 32-bit

CDS archive(s) mapped at: [0x0000000800000000-0x0000000800bd0000-0x0000000800bd0000), size 12386304, SharedBaseAddress: 0x0000000800000000, ArchiveRelocationMode: 0.
Compressed class space mapped at: 0x0000000800c00000-0x0000000840c00000, reserved size: 1073741824
Narrow klass base: 0x0000000800000000, Narrow klass shift: 0, Narrow klass range: 0x100000000

GC Precious Log:
 CPUs: 4 total, 4 available
 Memory: 7879M
 Large Page Support: Disabled
 NUMA Support: Disabled
 Compressed Oops: Enabled (32-bit)
 Heap Region Size: 1M
 Heap Min Capacity: 8M
 Heap Initial Capacity: 124M
 Heap Max Capacity: 1970M
 Pre-touch: Disabled
 Parallel Workers: 4
 Concurrent Workers: 1
 Concurrent Refinement Workers: 4
 Periodic GC: Disabled

Heap:
 garbage-first heap   total 58368K, used 22848K [0x0000000084e00000, 0x0000000100000000)
  region size 1024K, 9 young (9216K), 4 survivors (4096K)
 Metaspace       used 28661K, committed 28992K, reserved 1081344K
  class space    used 3731K, committed 3904K, reserved 1048576K

Heap Regions: E=young(eden), S=young(survivor), O=old, HS=humongous(starts), HC=humongous(continues), CS=collection set, F=free, OA=open archive, CA=closed archive, TAMS=top-at-mark-start (previous, next)
|   0|0x0000000084e00000, 0x0000000084f00000, 0x0000000084f00000|100%|HS|  |TAMS 0x0000000084f00000, 0x0000000084e00000| Complete 
|   1|0x0000000084f00000, 0x0000000085000000, 0x0000000085000000|100%| O|  |TAMS 0x0000000085000000, 0x0000000084f00000| Untracked 
|   2|0x0000000085000000, 0x0000000085100000, 0x0000000085100000|100%| O|  |TAMS 0x0000000085100000, 0x0000000085000000| Untracked 
|   3|0x0000000085100000, 0x0000000085200000, 0x0000000085200000|100%| O|  |TAMS 0x0000000085200000, 0x0000000085100000| Untracked 
|   4|0x0000000085200000, 0x0000000085300000, 0x0000000085300000|100%| O|  |TAMS 0x0000000085300000, 0x0000000085200000| Untracked 
|   5|0x0000000085300000, 0x0000000085400000, 0x0000000085400000|100%| O|  |TAMS 0x0000000085400000, 0x0000000085300000| Untracked 
|   6|0x0000000085400000, 0x0000000085500000, 0x0000000085500000|100%| O|  |TAMS 0x0000000085500000, 0x0000000085400000| Untracked 
|   7|0x0000000085500000, 0x0000000085600000, 0x0000000085600000|100%| O|  |TAMS 0x0000000085600000, 0x0000000085500000| Untracked 
|   8|0x0000000085600000, 0x0000000085700000, 0x0000000085700000|100%| O|  |TAMS 0x0000000085629a00, 0x0000000085600000| Untracked 
|   9|0x0000000085700000, 0x0000000085800000, 0x0000000085800000|100%| O|  |TAMS 0x0000000085700000, 0x0000000085700000| Untracked 
|  10|0x0000000085800000, 0x000000008580a400, 0x0000000085900000|  4%| O|  |TAMS 0x0000000085800000, 0x0000000085800000| Untracked 
|  11|0x0000000085900000, 0x0000000085a00000, 0x0000000085a00000|100%| O|  |TAMS 0x0000000085900000, 0x0000000085900000| Untracked 
|  12|0x0000000085a00000, 0x0000000085b00000, 0x0000000085b00000|100%| O|  |TAMS 0x0000000085a00000, 0x0000000085a00000| Untracked 
|  13|0x0000000085b00000, 0x0000000085c00000, 0x0000000085c00000|100%| O|  |TAMS 0x0000000085b00000, 0x0000000085b00000| Untracked 
|  14|0x0000000085c00000, 0x0000000085d00000, 0x0000000085d00000|100%| O|  |TAMS 0x0000000085c00000, 0x0000000085c00000| Untracked 
|  15|0x0000000085d00000, 0x0000000085d45c00, 0x0000000085e00000| 27%| O|  |TAMS 0x0000000085d00000, 0x0000000085d00000| Untracked 
|  16|0x0000000085e00000, 0x0000000085e00000, 0x0000000085f00000|  0%| F|  |TAMS 0x0000000085e00000, 0x0000000085e00000| Untracked 
|  17|0x0000000085f00000, 0x0000000085f00000, 0x0000000086000000|  0%| F|  |TAMS 0x0000000085f00000, 0x0000000085f00000| Untracked 
|  18|0x0000000086000000, 0x0000000086000000, 0x0000000086100000|  0%| F|  |TAMS 0x0000000086000000, 0x0000000086000000| Untracked 
|  19|0x0000000086100000, 0x0000000086100000, 0x0000000086200000|  0%| F|  |TAMS 0x0000000086100000, 0x0000000086100000| Untracked 
|  20|0x0000000086200000, 0x0000000086200000, 0x0000000086300000|  0%| F|  |TAMS 0x0000000086200000, 0x0000000086200000| Untracked 
|  21|0x0000000086300000, 0x0000000086300000, 0x0000000086400000|  0%| F|  |TAMS 0x0000000086300000, 0x0000000086300000| Untracked 
|  22|0x0000000086400000, 0x0000000086400000, 0x0000000086500000|  0%| F|  |TAMS 0x0000000086400000, 0x0000000086400000| Untracked 
|  23|0x0000000086500000, 0x0000000086500000, 0x0000000086600000|  0%| F|  |TAMS 0x0000000086500000, 0x0000000086500000| Untracked 
|  24|0x0000000086600000, 0x0000000086600000, 0x0000000086700000|  0%| F|  |TAMS 0x0000000086600000, 0x0000000086600000| Untracked 
|  25|0x0000000086700000, 0x0000000086700000, 0x0000000086800000|  0%| F|  |TAMS 0x0000000086700000, 0x0000000086700000| Untracked 
|  26|0x0000000086800000, 0x0000000086800000, 0x0000000086900000|  0%| F|  |TAMS 0x0000000086800000, 0x0000000086800000| Untracked 
|  27|0x0000000086900000, 0x0000000086900000, 0x0000000086a00000|  0%| F|  |TAMS 0x0000000086900000, 0x0000000086900000| Untracked 
|  28|0x0000000086a00000, 0x0000000086a00000, 0x0000000086b00000|  0%| F|  |TAMS 0x0000000086a00000, 0x0000000086a00000| Untracked 
|  29|0x0000000086b00000, 0x0000000086c00000, 0x0000000086c00000|100%| S|CS|TAMS 0x0000000086b00000, 0x0000000086b00000| Complete 
|  30|0x0000000086c00000, 0x0000000086d00000, 0x0000000086d00000|100%| S|CS|TAMS 0x0000000086c00000, 0x0000000086c00000| Complete 
|  31|0x0000000086d00000, 0x0000000086e00000, 0x0000000086e00000|100%| S|CS|TAMS 0x0000000086d00000, 0x0000000086d00000| Complete 
|  32|0x0000000086e00000, 0x0000000086f00000, 0x0000000086f00000|100%| S|CS|TAMS 0x0000000086e00000, 0x0000000086e00000| Complete 
|  33|0x0000000086f00000, 0x0000000086f00000, 0x0000000087000000|  0%| F|  |TAMS 0x0000000086f00000, 0x0000000086f00000| Untracked 
|  34|0x0000000087000000, 0x0000000087000000, 0x0000000087100000|  0%| F|  |TAMS 0x0000000087000000, 0x0000000087000000| Untracked 
|  35|0x0000000087100000, 0x0000000087100000, 0x0000000087200000|  0%| F|  |TAMS 0x0000000087100000, 0x0000000087100000| Untracked 
|  36|0x0000000087200000, 0x0000000087200000, 0x0000000087300000|  0%| F|  |TAMS 0x0000000087200000, 0x0000000087200000| Untracked 
|  37|0x0000000087300000, 0x0000000087300000, 0x0000000087400000|  0%| F|  |TAMS 0x0000000087300000, 0x0000000087300000| Untracked 
|  38|0x0000000087400000, 0x0000000087400000, 0x0000000087500000|  0%| F|  |TAMS 0x0000000087400000, 0x0000000087400000| Untracked 
|  39|0x0000000087500000, 0x0000000087500000, 0x0000000087600000|  0%| F|  |TAMS 0x0000000087500000, 0x0000000087500000| Untracked 
|  40|0x0000000087600000, 0x0000000087600000, 0x0000000087700000|  0%| F|  |TAMS 0x0000000087600000, 0x0000000087600000| Untracked 
|  41|0x0000000087700000, 0x0000000087700000, 0x0000000087800000|  0%| F|  |TAMS 0x0000000087700000, 0x0000000087700000| Untracked 
|  42|0x0000000087800000, 0x0000000087800000, 0x0000000087900000|  0%| F|  |TAMS 0x0000000087800000, 0x0000000087800000| Untracked 
|  43|0x0000000087900000, 0x0000000087900000, 0x0000000087a00000|  0%| F|  |TAMS 0x0000000087900000, 0x0000000087900000| Untracked 
|  44|0x0000000087a00000, 0x0000000087a00000, 0x0000000087b00000|  0%| F|  |TAMS 0x0000000087a00000, 0x0000000087a00000| Untracked 
|  45|0x0000000087b00000, 0x0000000087b00000, 0x0000000087c00000|  0%| F|  |TAMS 0x0000000087b00000, 0x0000000087b00000| Untracked 
|  46|0x0000000087c00000, 0x0000000087c00000, 0x0000000087d00000|  0%| F|  |TAMS 0x0000000087c00000, 0x0000000087c00000| Untracked 
|  47|0x0000000087d00000, 0x0000000087d00000, 0x0000000087e00000|  0%| F|  |TAMS 0x0000000087d00000, 0x0000000087d00000| Untracked 
|  48|0x0000000087e00000, 0x0000000087e00000, 0x0000000087f00000|  0%| F|  |TAMS 0x0000000087e00000, 0x0000000087e00000| Untracked 
|  49|0x0000000087f00000, 0x0000000087f00000, 0x0000000088000000|  0%| F|  |TAMS 0x0000000087f00000, 0x0000000087f00000| Untracked 
|  50|0x0000000088000000, 0x0000000088000000, 0x0000000088100000|  0%| F|  |TAMS 0x0000000088000000, 0x0000000088000000| Untracked 
| 112|0x000000008be00000, 0x000000008be00000, 0x000000008bf00000|  0%| F|  |TAMS 0x000000008be00000, 0x000000008be00000| Untracked 
| 113|0x000000008bf00000, 0x000000008c000000, 0x000000008c000000|100%| E|  |TAMS 0x000000008bf00000, 0x000000008bf00000| Complete 
| 114|0x000000008c000000, 0x000000008c100000, 0x000000008c100000|100%| E|CS|TAMS 0x000000008c000000, 0x000000008c000000| Complete 
| 115|0x000000008c100000, 0x000000008c200000, 0x000000008c200000|100%| E|CS|TAMS 0x000000008c100000, 0x000000008c100000| Complete 
| 116|0x000000008c200000, 0x000000008c300000, 0x000000008c300000|100%| E|CS|TAMS 0x000000008c200000, 0x000000008c200000| Complete 
| 123|0x000000008c900000, 0x000000008ca00000, 0x000000008ca00000|100%| E|CS|TAMS 0x000000008c900000, 0x000000008c900000| Complete 

Card table byte_map: [0x000001c07a4e0000,0x000001c07a8c0000] _byte_map_base: 0x000001c07a0b9000

Marking Bits (Prev, Next): (CMBitMap*) 0x000001c078267480, (CMBitMap*) 0x000001c078267440
 Prev Bits: [0x000001c07cb70000, 0x000001c07ea38000)
 Next Bits: [0x000001c07aca0000, 0x000001c07cb68000)

Polling page: 0x000001c0780b0000

Metaspace:

Usage:
  Non-class:     24.35 MB used.
      Class:      3.64 MB used.
       Both:     27.99 MB used.

Virtual space:
  Non-class space:       32.00 MB reserved,      24.50 MB ( 77%) committed,  4 nodes.
      Class space:        1.00 GB reserved,       3.81 MB ( <1%) committed,  1 nodes.
             Both:        1.03 GB reserved,      28.31 MB (  3%) committed. 

Chunk freelists:
   Non-Class:  2.79 MB
       Class:  12.00 KB
        Both:  2.80 MB

MaxMetaspaceSize: unlimited
CompressedClassSpaceSize: 1.00 GB
Initial GC threshold: 21.00 MB
Current GC threshold: 35.12 MB
CDS: on
MetaspaceReclaimPolicy: balanced
 - commit_granule_bytes: 65536.
 - commit_granule_words: 8192.
 - virtual_space_node_default_size: 1048576.
 - enlarge_chunks_in_place: 1.
 - new_chunks_are_fully_committed: 0.
 - uncommit_free_chunks: 1.
 - use_allocation_guard: 0.
 - handle_deallocations: 1.


Internal statistics:

num_allocs_failed_limit: 3.
num_arena_births: 318.
num_arena_deaths: 0.
num_vsnodes_births: 5.
num_vsnodes_deaths: 0.
num_space_committed: 453.
num_space_uncommitted: 0.
num_chunks_returned_to_freelist: 3.
num_chunks_taken_from_freelist: 1361.
num_chunk_merges: 3.
num_chunk_splits: 928.
num_chunks_enlarged: 699.
num_purges: 0.
num_inconsistent_stats: 0.

CodeHeap 'non-profiled nmethods': size=120000Kb used=2192Kb max_used=2192Kb free=117807Kb
 bounds [0x000001c00f280000, 0x000001c00f4f0000, 0x000001c0167b0000]
CodeHeap 'profiled nmethods': size=120000Kb used=9414Kb max_used=9414Kb free=110585Kb
 bounds [0x000001c0077b0000, 0x000001c0080f0000, 0x000001c00ece0000]
CodeHeap 'non-nmethods': size=5760Kb used=1187Kb max_used=1250Kb free=4572Kb
 bounds [0x000001c00ece0000, 0x000001c00ef50000, 0x000001c00f280000]
 total_blobs=4610 nmethods=4129 adapters=393
 compilation: enabled
              stopped_count=0, restarted_count=0
 full_count=0

Compilation events (20 events):
Event: 15.618 Thread 0x000001c07f025010 4096   !   3       jdk.proxy2.$Proxy67::annotationType (29 bytes)
Event: 15.619 Thread 0x000001c07f025010 nmethod 4096 0x000001c0080c7010 code [0x000001c0080c71e0, 0x000001c0080c75d8]
Event: 15.619 Thread 0x000001c07f025010 4097       3       org.springframework.core.annotation.RepeatableContainers::of (11 bytes)
Event: 15.619 Thread 0x000001c07f025010 nmethod 4097 0x000001c0080c7790 code [0x000001c0080c7940, 0x000001c0080c7ae8]
Event: 15.621 Thread 0x000001c07f025010 4098       3       java.lang.reflect.AccessibleObject::getAnnotations (5 bytes)
Event: 15.621 Thread 0x000001c07f025010 nmethod 4098 0x000001c0080c7b90 code [0x000001c0080c7d40, 0x000001c0080c7f08]
Event: 15.629 Thread 0x000001c07f025010 4099       1       org.springframework.beans.factory.config.InstantiationAwareBeanPostProcessor::postProcessBeforeInstantiation (2 bytes)
Event: 15.629 Thread 0x000001c07f025010 nmethod 4099 0x000001c00f4a3910 code [0x000001c00f4a3aa0, 0x000001c00f4a3b78]
Event: 15.630 Thread 0x000001c07f025010 4100       3       java.util.ArrayList::addAll (111 bytes)
Event: 15.631 Thread 0x000001c07f025010 nmethod 4100 0x000001c0080c7f90 code [0x000001c0080c81a0, 0x000001c0080c8958]
Event: 15.650 Thread 0x000001c07f025010 4101       3       org.springframework.boot.context.properties.bind.JavaBeanBinder$Bean::addMethodIfPossible (79 bytes)
Event: 15.651 Thread 0x000001c07f025010 nmethod 4101 0x000001c0080c8c10 code [0x000001c0080c8ee0, 0x000001c0080c9d38]
Event: 15.652 Thread 0x000001c07f025010 4102       3       java.lang.reflect.Field::getDeclaredAnnotations (8 bytes)
Event: 15.653 Thread 0x000001c07f025010 nmethod 4102 0x000001c0080ca310 code [0x000001c0080ca4e0, 0x000001c0080ca928]
Event: 15.657 Thread 0x000001c07f025010 4103       3       java.util.concurrent.ConcurrentHashMap::mappingCount (17 bytes)
Event: 15.658 Thread 0x000001c07f025010 nmethod 4103 0x000001c0080caa90 code [0x000001c0080cac40, 0x000001c0080cade8]
Event: 15.659 Thread 0x000001c07f025010 4104       3       org.springframework.boot.context.properties.source.SpringIterableConfigurationPropertySource$Mappings::containsDescendantOf (93 bytes)
Event: 15.660 Thread 0x000001c07f025010 nmethod 4104 0x000001c0080cae90 code [0x000001c0080cb0e0, 0x000001c0080cbbd8]
Event: 15.660 Thread 0x000001c07f025010 4105       3       org.springframework.boot.context.properties.bind.Binder$Context::getSources (20 bytes)
Event: 15.660 Thread 0x000001c07f025010 nmethod 4105 0x000001c0080cbe90 code [0x000001c0080cc020, 0x000001c0080cc1b8]

GC Heap History (14 events):
Event: 2.363 GC heap before
{Heap before GC invocations=0 (full 0):
 garbage-first heap   total 126976K, used 13312K [0x0000000084e00000, 0x0000000100000000)
  region size 1024K, 13 young (13312K), 0 survivors (0K)
 Metaspace       used 2661K, committed 2816K, reserved 1056768K
  class space    used 238K, committed 320K, reserved 1048576K
}
Event: 2.374 GC heap after
{Heap after GC invocations=1 (full 0):
 garbage-first heap   total 126976K, used 7903K [0x0000000084e00000, 0x0000000100000000)
  region size 1024K, 2 young (2048K), 2 survivors (2048K)
 Metaspace       used 2661K, committed 2816K, reserved 1056768K
  class space    used 238K, committed 320K, reserved 1048576K
}
Event: 4.462 GC heap before
{Heap before GC invocations=1 (full 0):
 garbage-first heap   total 126976K, used 15071K [0x0000000084e00000, 0x0000000100000000)
  region size 1024K, 9 young (9216K), 2 survivors (2048K)
 Metaspace       used 4672K, committed 4864K, reserved 1056768K
  class space    used 486K, committed 576K, reserved 1048576K
}
Event: 4.469 GC heap after
{Heap after GC invocations=2 (full 0):
 garbage-first heap   total 126976K, used 9009K [0x0000000084e00000, 0x0000000100000000)
  region size 1024K, 1 young (1024K), 1 survivors (1024K)
 Metaspace       used 4672K, committed 4864K, reserved 1056768K
  class space    used 486K, committed 576K, reserved 1048576K
}
Event: 6.372 GC heap before
{Heap before GC invocations=2 (full 0):
 garbage-first heap   total 126976K, used 29489K [0x0000000084e00000, 0x0000000100000000)
  region size 1024K, 21 young (21504K), 1 survivors (1024K)
 Metaspace       used 9312K, committed 9536K, reserved 1064960K
  class space    used 1131K, committed 1216K, reserved 1048576K
}
Event: 6.385 GC heap after
{Heap after GC invocations=3 (full 0):
 garbage-first heap   total 126976K, used 10565K [0x0000000084e00000, 0x0000000100000000)
  region size 1024K, 3 young (3072K), 3 survivors (3072K)
 Metaspace       used 9312K, committed 9536K, reserved 1064960K
  class space    used 1131K, committed 1216K, reserved 1048576K
}
Event: 10.661 GC heap before
{Heap before GC invocations=3 (full 0):
 garbage-first heap   total 126976K, used 83269K [0x0000000084e00000, 0x0000000100000000)
  region size 1024K, 74 young (75776K), 3 survivors (3072K)
 Metaspace       used 20754K, committed 20992K, reserved 1073152K
  class space    used 2587K, committed 2688K, reserved 1048576K
}
Event: 10.673 GC heap after
{Heap after GC invocations=4 (full 0):
 garbage-first heap   total 126976K, used 14312K [0x0000000084e00000, 0x0000000100000000)
  region size 1024K, 6 young (6144K), 6 survivors (6144K)
 Metaspace       used 20754K, committed 20992K, reserved 1073152K
  class space    used 2587K, committed 2688K, reserved 1048576K
}
Event: 11.062 GC heap before
{Heap before GC invocations=4 (full 0):
 garbage-first heap   total 126976K, used 20456K [0x0000000084e00000, 0x0000000100000000)
  region size 1024K, 13 young (13312K), 6 survivors (6144K)
 Metaspace       used 21262K, committed 21504K, reserved 1073152K
  class space    used 2647K, committed 2752K, reserved 1048576K
}
Event: 11.087 GC heap after
{Heap after GC invocations=5 (full 0):
 garbage-first heap   total 126976K, used 14848K [0x0000000084e00000, 0x0000000100000000)
  region size 1024K, 5 young (5120K), 5 survivors (5120K)
 Metaspace       used 21262K, committed 21504K, reserved 1073152K
  class space    used 2647K, committed 2752K, reserved 1048576K
}
Event: 12.862 GC heap before
{Heap before GC invocations=6 (full 0):
 garbage-first heap   total 58368K, used 44544K [0x0000000084e00000, 0x0000000100000000)
  region size 1024K, 34 young (34816K), 5 survivors (5120K)
 Metaspace       used 24337K, committed 24576K, reserved 1073152K
  class space    used 3084K, committed 3200K, reserved 1048576K
}
Event: 12.875 GC heap after
{Heap after GC invocations=7 (full 0):
 garbage-first heap   total 58368K, used 16781K [0x0000000084e00000, 0x0000000100000000)
  region size 1024K, 3 young (3072K), 3 survivors (3072K)
 Metaspace       used 24337K, committed 24576K, reserved 1073152K
  class space    used 3084K, committed 3200K, reserved 1048576K
}
Event: 15.362 GC heap before
{Heap before GC invocations=7 (full 0):
 garbage-first heap   total 58368K, used 41357K [0x0000000084e00000, 0x0000000100000000)
  region size 1024K, 27 young (27648K), 3 survivors (3072K)
 Metaspace       used 28206K, committed 28544K, reserved 1081344K
  class space    used 3636K, committed 3840K, reserved 1048576K
}
Event: 15.373 GC heap after
{Heap after GC invocations=8 (full 0):
 garbage-first heap   total 58368K, used 18752K [0x0000000084e00000, 0x0000000100000000)
  region size 1024K, 4 young (4096K), 4 survivors (4096K)
 Metaspace       used 28206K, committed 28544K, reserved 1081344K
  class space    used 3636K, committed 3840K, reserved 1048576K
}

Deoptimization events (20 events):
Event: 15.254 Thread 0x000001c018f99ff0 Uncommon trap: trap_request=0xffffffc6 fr.pc=0x000001c00f354ecc relative=0x000000000000046c
Event: 15.254 Thread 0x000001c018f99ff0 Uncommon trap: reason=bimorphic_or_optimized_type_check action=maybe_recompile pc=0x000001c00f354ecc method=java.util.HashMap.getNode(Ljava/lang/Object;)Ljava/util/HashMap$Node; @ 128 c2
Event: 15.254 Thread 0x000001c018f99ff0 DEOPT PACKING pc=0x000001c00f354ecc sp=0x0000005987afc020
Event: 15.254 Thread 0x000001c018f99ff0 DEOPT UNPACKING pc=0x000001c00ed323a3 sp=0x0000005987afbf98 mode 2
Event: 15.254 Thread 0x000001c018f99ff0 Uncommon trap: trap_request=0xffffffc6 fr.pc=0x000001c00f354ecc relative=0x000000000000046c
Event: 15.254 Thread 0x000001c018f99ff0 Uncommon trap: reason=bimorphic_or_optimized_type_check action=maybe_recompile pc=0x000001c00f354ecc method=java.util.HashMap.getNode(Ljava/lang/Object;)Ljava/util/HashMap$Node; @ 128 c2
Event: 15.254 Thread 0x000001c018f99ff0 DEOPT PACKING pc=0x000001c00f354ecc sp=0x0000005987afbd20
Event: 15.254 Thread 0x000001c018f99ff0 DEOPT UNPACKING pc=0x000001c00ed323a3 sp=0x0000005987afbc98 mode 2
Event: 15.349 Thread 0x000001c018f99ff0 Uncommon trap: trap_request=0xffffffc6 fr.pc=0x000001c00f464c08 relative=0x00000000000002c8
Event: 15.349 Thread 0x000001c018f99ff0 Uncommon trap: reason=bimorphic_or_optimized_type_check action=maybe_recompile pc=0x000001c00f464c08 method=java.util.Collections$SetFromMap.contains(Ljava/lang/Object;)Z @ 5 c2
Event: 15.349 Thread 0x000001c018f99ff0 DEOPT PACKING pc=0x000001c00f464c08 sp=0x0000005987afae70
Event: 15.349 Thread 0x000001c018f99ff0 DEOPT UNPACKING pc=0x000001c00ed323a3 sp=0x0000005987afae18 mode 2
Event: 15.458 Thread 0x000001c018f99ff0 Uncommon trap: trap_request=0xffffffde fr.pc=0x000001c00f2e10b8 relative=0x0000000000000f18
Event: 15.458 Thread 0x000001c018f99ff0 Uncommon trap: reason=class_check action=maybe_recompile pc=0x000001c00f2e10b8 method=java.util.concurrent.ConcurrentHashMap.putVal(Ljava/lang/Object;Ljava/lang/Object;Z)Ljava/lang/Object; @ 242 c2
Event: 15.458 Thread 0x000001c018f99ff0 DEOPT PACKING pc=0x000001c00f2e10b8 sp=0x0000005987afccc0
Event: 15.458 Thread 0x000001c018f99ff0 DEOPT UNPACKING pc=0x000001c00ed323a3 sp=0x0000005987afcc30 mode 2
Event: 15.466 Thread 0x000001c018f99ff0 Uncommon trap: trap_request=0xffffffde fr.pc=0x000001c00f2e10b8 relative=0x0000000000000f18
Event: 15.466 Thread 0x000001c018f99ff0 Uncommon trap: reason=class_check action=maybe_recompile pc=0x000001c00f2e10b8 method=java.util.concurrent.ConcurrentHashMap.putVal(Ljava/lang/Object;Ljava/lang/Object;Z)Ljava/lang/Object; @ 242 c2
Event: 15.466 Thread 0x000001c018f99ff0 DEOPT PACKING pc=0x000001c00f2e10b8 sp=0x0000005987afccc0
Event: 15.466 Thread 0x000001c018f99ff0 DEOPT UNPACKING pc=0x000001c00ed323a3 sp=0x0000005987afcc30 mode 2

Classes unloaded (0 events):
No events

Classes redefined (0 events):
No events

Internal exceptions (20 events):
Event: 13.925 Thread 0x000001c018f99ff0 Exception <a 'java/lang/ClassNotFoundException'{0x0000000087513eb0}: org/springframework/beans/factory/config/SmartInstantiationAwareBeanPostProcessorCustomizer> (0x0000000087513eb0) 
thrown [s\open\src\hotspot\share\classfile\systemDictionary.cpp, line 256]
Event: 13.927 Thread 0x000001c018f99ff0 Exception <a 'java/lang/ClassNotFoundException'{0x000000008751c800}: org/springframework/beans/factory/config/InstantiationAwareBeanPostProcessorCustomizer> (0x000000008751c800) 
thrown [s\open\src\hotspot\share\classfile\systemDictionary.cpp, line 256]
Event: 13.928 Thread 0x000001c018f99ff0 Exception <a 'java/lang/ClassNotFoundException'{0x0000000087524998}: org/springframework/beans/factory/config/BeanPostProcessorCustomizer> (0x0000000087524998) 
thrown [s\open\src\hotspot\share\classfile\systemDictionary.cpp, line 256]
Event: 13.929 Thread 0x000001c018f99ff0 Exception <a 'java/lang/ClassNotFoundException'{0x000000008752a558}: org/springframework/beans/factory/BeanFactoryAwareCustomizer> (0x000000008752a558) 
thrown [s\open\src\hotspot\share\classfile\systemDictionary.cpp, line 256]
Event: 13.941 Thread 0x000001c018f99ff0 Exception <a 'java/lang/ClassNotFoundException'{0x00000000875300f0}: org/springframework/beans/factory/AwareCustomizer> (0x00000000875300f0) 
thrown [s\open\src\hotspot\share\classfile\systemDictionary.cpp, line 256]
Event: 13.942 Thread 0x000001c018f99ff0 Exception <a 'java/lang/ClassNotFoundException'{0x0000000087534000}: org/springframework/core/OrderedCustomizer> (0x0000000087534000) 
thrown [s\open\src\hotspot\share\classfile\systemDictionary.cpp, line 256]
Event: 13.943 Thread 0x000001c018f99ff0 Exception <a 'java/lang/ClassNotFoundException'{0x0000000087539000}: org/springframework/beans/factory/BeanClassLoaderAwareCustomizer> (0x0000000087539000) 
thrown [s\open\src\hotspot\share\classfile\systemDictionary.cpp, line 256]
Event: 13.945 Thread 0x000001c018f99ff0 Exception <a 'java/lang/ClassNotFoundException'{0x000000008753dfc8}: org/springframework/beans/factory/AwareCustomizer> (0x000000008753dfc8) 
thrown [s\open\src\hotspot\share\classfile\systemDictionary.cpp, line 256]
Event: 13.945 Thread 0x000001c018f99ff0 Exception <a 'java/lang/ClassNotFoundException'{0x00000000875424a0}: org/springframework/aop/framework/AopInfrastructureBeanCustomizer> (0x00000000875424a0) 
thrown [s\open\src\hotspot\share\classfile\systemDictionary.cpp, line 256]
Event: 14.041 Thread 0x000001c018f99ff0 Exception <a 'java/lang/ClassNotFoundException'{0x0000000087438fa0}: java/lang/ObjectCustomizer> (0x0000000087438fa0) 
thrown [s\open\src\hotspot\share\classfile\systemDictionary.cpp, line 256]
Event: 14.043 Thread 0x000001c018f99ff0 Exception <a 'java/lang/ClassNotFoundException'{0x0000000087441ab0}: org/springframework/transaction/annotation/AbstractTransactionManagementConfigurationCustomizer> (0x0000000087441ab0) 
thrown [s\open\src\hotspot\share\classfile\systemDictionary.cpp, line 256]
Event: 14.044 Thread 0x000001c018f99ff0 Exception <a 'java/lang/ClassNotFoundException'{0x0000000087449280}: org/springframework/transaction/annotation/ProxyTransactionManagementConfigurationCustomizer> (0x0000000087449280) 
thrown [s\open\src\hotspot\share\classfile\systemDictionary.cpp, line 256]
Event: 14.046 Thread 0x000001c018f99ff0 Exception <a 'java/lang/ClassNotFoundException'{0x0000000087451c80}: org/springframework/context/annotation/ImportAwareCustomizer> (0x0000000087451c80) 
thrown [s\open\src\hotspot\share\classfile\systemDictionary.cpp, line 256]
Event: 14.047 Thread 0x000001c018f99ff0 Exception <a 'java/lang/ClassNotFoundException'{0x0000000087457460}: org/springframework/beans/factory/AwareCustomizer> (0x0000000087457460) 
thrown [s\open\src\hotspot\share\classfile\systemDictionary.cpp, line 256]
Event: 15.259 Thread 0x000001c018f99ff0 Exception <a 'java/lang/NoSuchMethodError'{0x0000000086f6bc38}: 'java.lang.Object java.lang.invoke.DirectMethodHandle$Holder.invokeStatic(java.lang.Object, java.lang.Object, int)'> (0x0000000086f6bc38) 
thrown [s\open\src\hotspot\share\interpreter\linkResolver.cpp, line 759]
Event: 15.261 Thread 0x000001c018f99ff0 Exception <a 'java/lang/NoSuchMethodError'{0x0000000086f77880}: 'void java.lang.invoke.DelegatingMethodHandle$Holder.delegate(java.lang.Object, java.lang.Object, int, java.lang.Object)'> (0x0000000086f77880) 
thrown [s\open\src\hotspot\share\interpreter\linkResolver.cpp, line 759]
Event: 15.525 Thread 0x000001c018f99ff0 Exception <a 'java/lang/NoSuchMethodError'{0x000000008c246090}: 'void java.lang.invoke.DirectMethodHandle$Holder.invokeInterface(java.lang.Object, java.lang.Object, int)'> (0x000000008c246090) 
thrown [s\open\src\hotspot\share\interpreter\linkResolver.cpp, line 759]
Event: 15.539 Thread 0x000001c018f99ff0 Exception <a 'java/lang/IncompatibleClassChangeError'{0x000000008c2964d0}: Found class java.lang.Object, but interface was expected> (0x000000008c2964d0) 
thrown [s\open\src\hotspot\share\interpreter\linkResolver.cpp, line 826]
Event: 15.539 Thread 0x000001c018f99ff0 Exception <a 'java/lang/NoSuchMethodError'{0x000000008c29b620}: 'void java.lang.invoke.DirectMethodHandle$Holder.invokeStatic(java.lang.Object, int, java.lang.Object)'> (0x000000008c29b620) 
thrown [s\open\src\hotspot\share\interpreter\linkResolver.cpp, line 759]
Event: 15.551 Thread 0x000001c018f99ff0 Exception <a 'java/lang/NoSuchMethodError'{0x000000008c2d0a58}: 'int java.lang.invoke.DirectMethodHandle$Holder.invokeSpecial(java.lang.Object, java.lang.Object, int)'> (0x000000008c2d0a58) 
thrown [s\open\src\hotspot\share\interpreter\linkResolver.cpp, line 759]

VM Operations (20 events):
Event: 13.308 Executing VM operation: HandshakeAllThreads
Event: 13.309 Executing VM operation: HandshakeAllThreads done
Event: 13.315 Executing VM operation: HandshakeAllThreads
Event: 13.315 Executing VM operation: HandshakeAllThreads done
Event: 13.636 Executing VM operation: HandshakeAllThreads
Event: 13.636 Executing VM operation: HandshakeAllThreads done
Event: 13.638 Executing VM operation: HandshakeAllThreads
Event: 13.639 Executing VM operation: HandshakeAllThreads done
Event: 13.844 Executing VM operation: HandshakeAllThreads
Event: 13.844 Executing VM operation: HandshakeAllThreads done
Event: 14.097 Executing VM operation: ICBufferFull
Event: 14.097 Executing VM operation: ICBufferFull done
Event: 14.174 Executing VM operation: HandshakeAllThreads
Event: 14.174 Executing VM operation: HandshakeAllThreads done
Event: 15.179 Executing VM operation: Cleanup
Event: 15.194 Executing VM operation: Cleanup done
Event: 15.258 Executing VM operation: HandshakeAllThreads
Event: 15.258 Executing VM operation: HandshakeAllThreads done
Event: 15.362 Executing VM operation: G1CollectForAllocation
Event: 15.373 Executing VM operation: G1CollectForAllocation done

Events (20 events):
Event: 14.653 loading class jdk/internal/access/JavaUtilCollectionAccess done
Event: 14.653 loading class java/util/ImmutableCollections$Access$1 done
Event: 14.655 loading class java/util/ResourceBundle$CacheKey
Event: 14.655 loading class java/util/ResourceBundle$CacheKey done
Event: 14.655 loading class java/util/ResourceBundle$KeyElementReference
Event: 14.655 loading class java/util/ResourceBundle$CacheKeyReference
Event: 14.655 loading class java/util/ResourceBundle$CacheKeyReference done
Event: 14.656 loading class java/util/ResourceBundle$KeyElementReference done
Event: 14.723 loading class java/util/ResourceBundle$Control$2
Event: 14.723 loading class java/util/ResourceBundle$Control$2 done
Event: 14.847 loading class java/util/PropertyResourceBundle
Event: 14.849 loading class java/util/PropertyResourceBundle done
Event: 14.849 loading class sun/util/PropertyResourceBundleCharset
Event: 14.851 loading class sun/util/PropertyResourceBundleCharset done
Event: 14.851 loading class sun/util/PropertyResourceBundleCharset$PropertiesFileDecoder
Event: 14.851 loading class sun/util/PropertyResourceBundleCharset$PropertiesFileDecoder done
Event: 14.893 loading class java/util/ResourceBundle$BundleReference
Event: 14.893 loading class java/util/ResourceBundle$BundleReference done
Event: 15.135 loading class javax/management/MBeanRegistration
Event: 15.135 loading class javax/management/MBeanRegistration done


Dynamic libraries:
0x00007ff7afe60000 - 0x00007ff7afe70000 	C:\Program Files\Java\jdk-17\bin\java.exe
0x00007ffa902b0000 - 0x00007ffa904a8000 	C:\WINDOWS\SYSTEM32\ntdll.dll
0x00007ffa8fae0000 - 0x00007ffa8fba2000 	C:\WINDOWS\System32\KERNEL32.DLL
0x00007ffa8d950000 - 0x00007ffa8dc4f000 	C:\WINDOWS\System32\KERNELBASE.dll
0x00007ffa8dcc0000 - 0x00007ffa8ddc0000 	C:\WINDOWS\System32\ucrtbase.dll
0x00007ffa7d8d0000 - 0x00007ffa7d8e9000 	C:\Program Files\Java\jdk-17\bin\jli.dll
0x00007ffa8fed0000 - 0x00007ffa8ff7f000 	C:\WINDOWS\System32\ADVAPI32.dll
0x00007ffa8f6e0000 - 0x00007ffa8f77e000 	C:\WINDOWS\System32\msvcrt.dll
0x00007ffa8fbb0000 - 0x00007ffa8fc4f000 	C:\WINDOWS\System32\sechost.dll
0x00007ffa8eec0000 - 0x00007ffa8efe3000 	C:\WINDOWS\System32\RPCRT4.dll
0x00007ffa8ddc0000 - 0x00007ffa8dde7000 	C:\WINDOWS\System32\bcrypt.dll
0x00007ffa8f030000 - 0x00007ffa8f1cd000 	C:\WINDOWS\System32\USER32.dll
0x00007ffa8dfd0000 - 0x00007ffa8dff2000 	C:\WINDOWS\System32\win32u.dll
0x00007ffa8eff0000 - 0x00007ffa8f01b000 	C:\WINDOWS\System32\GDI32.dll
0x00007ffa8e050000 - 0x00007ffa8e16a000 	C:\WINDOWS\System32\gdi32full.dll
0x00007ffa8dea0000 - 0x00007ffa8df3d000 	C:\WINDOWS\System32\msvcp_win.dll
0x00007ffa7d8b0000 - 0x00007ffa7d8cb000 	C:\Program Files\Java\jdk-17\bin\VCRUNTIME140.dll
0x00007ffa79eb0000 - 0x00007ffa7a14a000 	C:\WINDOWS\WinSxS\amd64_microsoft.windows.common-controls_6595b64144ccf1df_6.0.19041.4355_none_60b8b9eb71f62e16\COMCTL32.dll
0x00007ffa80170000 - 0x00007ffa8017a000 	C:\WINDOWS\SYSTEM32\VERSION.dll
0x00007ffa8ee30000 - 0x00007ffa8ee5f000 	C:\WINDOWS\System32\IMM32.DLL
0x00007ffa87370000 - 0x00007ffa8737c000 	C:\Program Files\Java\jdk-17\bin\vcruntime140_1.dll
0x00007ffa772f0000 - 0x00007ffa7737e000 	C:\Program Files\Java\jdk-17\bin\msvcp140.dll
0x00007ffa0b1e0000 - 0x00007ffa0bdbd000 	C:\Program Files\Java\jdk-17\bin\server\jvm.dll
0x00007ffa8f6d0000 - 0x00007ffa8f6d8000 	C:\WINDOWS\System32\PSAPI.DLL
0x00007ffa7ca30000 - 0x00007ffa7ca39000 	C:\WINDOWS\SYSTEM32\WSOCK32.dll
0x00007ffa8f660000 - 0x00007ffa8f6cb000 	C:\WINDOWS\System32\WS2_32.dll
0x00007ffa7e090000 - 0x00007ffa7e0b7000 	C:\WINDOWS\SYSTEM32\WINMM.dll
0x00007ffa8c180000 - 0x00007ffa8c192000 	C:\WINDOWS\SYSTEM32\kernel.appcore.dll
0x00007ffa7d8a0000 - 0x00007ffa7d8aa000 	C:\Program Files\Java\jdk-17\bin\jimage.dll
0x00007ffa8bca0000 - 0x00007ffa8be84000 	C:\WINDOWS\SYSTEM32\DBGHELP.DLL
0x00007ffa7c790000 - 0x00007ffa7c7c4000 	C:\WINDOWS\SYSTEM32\dbgcore.DLL
0x00007ffa8df40000 - 0x00007ffa8dfc2000 	C:\WINDOWS\System32\bcryptPrimitives.dll
0x00007ffa86ce0000 - 0x00007ffa86cee000 	C:\Program Files\Java\jdk-17\bin\instrument.dll
0x00007ffa7d870000 - 0x00007ffa7d895000 	C:\Program Files\Java\jdk-17\bin\java.dll
0x00007ffa60010000 - 0x00007ffa600e7000 	C:\Program Files\Java\jdk-17\bin\jsvml.dll
0x00007ffa8e5b0000 - 0x00007ffa8ed1d000 	C:\WINDOWS\System32\SHELL32.dll
0x00007ffa8ab80000 - 0x00007ffa8b324000 	C:\WINDOWS\SYSTEM32\windows.storage.dll
0x00007ffa8f780000 - 0x00007ffa8fad5000 	C:\WINDOWS\System32\combase.dll
0x00007ffa8d2a0000 - 0x00007ffa8d2cf000 	C:\WINDOWS\SYSTEM32\Wldp.dll
0x00007ffa900c0000 - 0x00007ffa9018d000 	C:\WINDOWS\System32\OLEAUT32.dll
0x00007ffa8fc50000 - 0x00007ffa8fcfd000 	C:\WINDOWS\System32\SHCORE.dll
0x00007ffa8fd80000 - 0x00007ffa8fdd5000 	C:\WINDOWS\System32\shlwapi.dll
0x00007ffa8d880000 - 0x00007ffa8d8a4000 	C:\WINDOWS\SYSTEM32\profapi.dll
0x00007ffa7b820000 - 0x00007ffa7b838000 	C:\Program Files\Java\jdk-17\bin\zip.dll
0x00007ffa7d850000 - 0x00007ffa7d869000 	C:\Program Files\Java\jdk-17\bin\net.dll
0x00007ffa84250000 - 0x00007ffa8435a000 	C:\WINDOWS\SYSTEM32\WINHTTP.dll
0x00007ffa8d080000 - 0x00007ffa8d0ec000 	C:\WINDOWS\system32\mswsock.dll
0x00007ffa7d830000 - 0x00007ffa7d846000 	C:\Program Files\Java\jdk-17\bin\nio.dll
0x00007ffa7c190000 - 0x00007ffa7c1aa000 	C:\Program Files\JetBrains\IntelliJ IDEA Community Edition 2024.1.4\bin\breakgen64.dll
0x00007ffa7bf90000 - 0x00007ffa7bfa0000 	C:\Program Files\Java\jdk-17\bin\verify.dll
0x00007ffa7c140000 - 0x00007ffa7c14a000 	C:\Program Files\Java\jdk-17\bin\management.dll
0x00007ffa7bf80000 - 0x00007ffa7bf8b000 	C:\Program Files\Java\jdk-17\bin\management_ext.dll
0x00007ffa78e50000 - 0x00007ffa78e67000 	C:\WINDOWS\system32\napinsp.dll
0x00007ffa78e30000 - 0x00007ffa78e4b000 	C:\WINDOWS\system32\pnrpnsp.dll
0x00007ffa78e10000 - 0x00007ffa78e25000 	C:\WINDOWS\system32\wshbth.dll
0x00007ffa87130000 - 0x00007ffa8714d000 	C:\WINDOWS\system32\NLAapi.dll
0x00007ffa8cd30000 - 0x00007ffa8cd6b000 	C:\WINDOWS\SYSTEM32\IPHLPAPI.DLL
0x00007ffa8cd80000 - 0x00007ffa8ce4a000 	C:\WINDOWS\SYSTEM32\DNSAPI.dll
0x00007ffa8f020000 - 0x00007ffa8f028000 	C:\WINDOWS\System32\NSI.dll
0x00007ffa78a10000 - 0x00007ffa78a22000 	C:\WINDOWS\System32\winrnr.dll
0x000000006b760000 - 0x000000006b786000 	C:\Program Files\Bonjour\mdnsNSP.dll
0x00007ffa804d0000 - 0x00007ffa804da000 	C:\Windows\System32\rasadhlp.dll
0x00007ffa80cf0000 - 0x00007ffa80d70000 	C:\WINDOWS\System32\fwpuclnt.dll

dbghelp: loaded successfully - version: 4.0.5 - missing functions: none
symbol engine: initialized successfully - sym options: 0x614 - pdb path: .;C:\Program Files\Java\jdk-17\bin;C:\WINDOWS\SYSTEM32;C:\WINDOWS\WinSxS\amd64_microsoft.windows.common-controls_6595b64144ccf1df_6.0.19041.4355_none_60b8b9eb71f62e16;C:\Program Files\Java\jdk-17\bin\server;C:\Program Files\JetBrains\IntelliJ IDEA Community Edition 2024.1.4\bin;C:\Program Files\Bonjour

VM Arguments:
jvm_args: -javaagent:C:\Program Files\JetBrains\IntelliJ IDEA Community Edition 2024.1.4\lib\idea_rt.jar=56576:C:\Program Files\JetBrains\IntelliJ IDEA Community Edition 2024.1.4\bin -Dfile.encoding=UTF-8 
java_command: com.isi.MicroserviceProfApplication
java_class_path (initial): C:\devops\microservice-gestion-prof\target\classes;C:\Users\SERIGNE M  DIOUF\.m2\repository\org\springframework\boot\spring-boot-starter-data-jpa\2.6.1\spring-boot-starter-data-jpa-2.6.1.jar;C:\Users\SERIGNE M  DIOUF\.m2\repository\org\springframework\boot\spring-boot-starter-aop\2.6.1\spring-boot-starter-aop-2.6.1.jar;C:\Users\SERIGNE M  DIOUF\.m2\repository\org\aspectj\aspectjweaver\1.9.7\aspectjweaver-1.9.7.jar;C:\Users\SERIGNE M  DIOUF\.m2\repository\org\springframework\boot\spring-boot-starter-jdbc\2.6.1\spring-boot-starter-jdbc-2.6.1.jar;C:\Users\SERIGNE M  DIOUF\.m2\repository\com\zaxxer\HikariCP\4.0.3\HikariCP-4.0.3.jar;C:\Users\SERIGNE M  DIOUF\.m2\repository\org\springframework\spring-jdbc\5.3.13\spring-jdbc-5.3.13.jar;C:\Users\SERIGNE M  DIOUF\.m2\repository\jakarta\transaction\jakarta.transaction-api\1.3.3\jakarta.transaction-api-1.3.3.jar;C:\Users\SERIGNE M  DIOUF\.m2\repository\jakarta\persistence\jakarta.persistence-api\2.2.3\jakarta.persistence-api-2.2.3.jar;C:\Users\SERIGNE M  DIOUF\.m2\repository\org\hibernate\hibernate-core\5.6.1.Final\hibernate-core-5.6.1.Final.jar;C:\Users\SERIGNE M  DIOUF\.m2\repository\org\jboss\logging\jboss-logging\3.4.2.Final\jboss-logging-3.4.2.Final.jar;C:\Users\SERIGNE M  DIOUF\.m2\repository\net\bytebuddy\byte-buddy\1.11.22\byte-buddy-1.11.22.jar;C:\Users\SERIGNE M  DIOUF\.m2\repository\antlr\antlr\2.7.7\antlr-2.7.7.jar;C:\Users\SERIGNE M  DIOUF\.m2\repository\org\jboss\jandex\2.2.3.Final\jandex-2.2.3.Final.jar;C:\Users\SERIGNE M  DIOUF\.m2\repository\org\hibernate\common\hibernate-commons-annotations\5.1.2.Final\hibernate-commons-annotations-5.1.2.Final.jar;C:\Users\SERIGNE M  DIOUF\.m2\repository\org\glassfish\jaxb\jaxb-runtime\2.3.5\jaxb-runtime-2.3.5.jar;C:\Users\SERIGNE M  DIOUF\.m2\repository\org\glassfish\jaxb\txw2\2.3.5\txw2-2.3.5.jar;C:\Users\SERIGNE M  DIOUF\.m2\repository\com\sun\istack\istack-commons-runtime\3.0.12\istack-commons-runtime-3.0.12.jar;C:\Users\SERIGNE M  DIOUF\.m2\r
Launcher Type: SUN_STANDARD

[Global flags]
     intx CICompilerCount                          = 3                                         {product} {ergonomic}
     uint ConcGCThreads                            = 1                                         {product} {ergonomic}
     uint G1ConcRefinementThreads                  = 4                                         {product} {ergonomic}
   size_t G1HeapRegionSize                         = 1048576                                   {product} {ergonomic}
    uintx GCDrainStackTargetSize                   = 64                                        {product} {ergonomic}
   size_t InitialHeapSize                          = 130023424                                 {product} {ergonomic}
   size_t MarkStackSize                            = 4194304                                   {product} {ergonomic}
   size_t MaxHeapSize                              = 2065694720                                {product} {ergonomic}
   size_t MaxNewSize                               = 1239416832                                {product} {ergonomic}
   size_t MinHeapDeltaBytes                        = 1048576                                   {product} {ergonomic}
   size_t MinHeapSize                              = 8388608                                   {product} {ergonomic}
    uintx NonNMethodCodeHeapSize                   = 5832780                                {pd product} {ergonomic}
    uintx NonProfiledCodeHeapSize                  = 122912730                              {pd product} {ergonomic}
    uintx ProfiledCodeHeapSize                     = 122912730                              {pd product} {ergonomic}
    uintx ReservedCodeCacheSize                    = 251658240                              {pd product} {ergonomic}
     bool SegmentedCodeCache                       = true                                      {product} {ergonomic}
   size_t SoftMaxHeapSize                          = 2065694720                             {manageable} {ergonomic}
     bool UseCompressedClassPointers               = true                           {product lp64_product} {ergonomic}
     bool UseCompressedOops                        = true                           {product lp64_product} {ergonomic}
     bool UseG1GC                                  = true                                      {product} {ergonomic}
     bool UseLargePagesIndividualAllocation        = false                                  {pd product} {ergonomic}

Logging:
Log output configuration:
 #0: stdout all=warning uptime,level,tags
 #1: stderr all=off uptime,level,tags

Environment Variables:
JAVA_HOME=C:\Program Files\Java\jdk-17
PATH=C:\Program Files\Common Files\Oracle\Java\javapath;C:\WINDOWS\system32;C:\WINDOWS;C:\WINDOWS\System32\Wbem;C:\WINDOWS\System32\WindowsPowerShell\v1.0\;C:\WINDOWS\System32\OpenSSH\;C:\xampp\php;C:\Program Files\Microsoft SQL Server\150\Tools\Binn\;C:\Program Files\Microsoft SQL Server\Client SDK\ODBC\170\Tools\Binn\;C:\Program Files\Azure Data Studio\bin;C:\Program Files\Git\cmd;C:\Program Files (x86)\Microsoft SQL Server\160\Tools\Binn\;C:\Program Files\Microsoft SQL Server\160\Tools\Binn\;C:\Program Files\Microsoft SQL Server\160\DTS\Binn\;C:\ProgramData\ComposerSetup\bin;C:\Users\SERIGNE M  DIOUF\AppData\Roaming\Microsoft\Windows\Start Menu\Programs\Python 3.11;C:\Users\SERIGNE M  DIOUF\AppData\Roaming\Microsoft\Windows\Start Menu\Programs\Python 3.11;C:\Windows\System32\cmd.exe;C:\Users\SERIGNE M  DIOUF\AppData\Local\Programs\Python\Python311;C:\ProgramData\chocolatey\bin;C:\Program Files\nodejs\;;C:\Program Files (x86)\Certbot\bin;C:\Program Files\Docker\Docker\resources\bin;C:\Program Files\dotnet\;C:\Program Files\Amazon\AWSCLIV2\;C:\Users\SERIGNE M  DIOUF\AppData\Local\Microsoft\WindowsApps;C:\Users\SERIGNE M  DIOUF\AppData\Local\Programs\Microsoft VS Code\bin;C:\Users\SERIGNE M  DIOUF\AppData\Roaming\Composer\vendor\bin;C:\ProgramData\Microsoft\Windows\Start Menu\Programs\Node.js;C:\Users\SERIGNE M  DIOUF\AppData\Roaming\npm;C:\Program Files\JetBrains\IntelliJ IDEA 2022.1\bin;C:\Users\SERIGNE M  DIOUF\.dotnet\tools;C:\Users\SERIGNE M  DIOUF\AppData\Local\Programs\cursor\resources\app\bin;C:\flutter\bin;C:\Program Files\terraform;;C:\Program Files\terraform;C:\Users\SERIGNE M  DIOUF\AppData\Local\Microsoft\WindowsApps;C:\Users\SERIGNE M  DIOUF\AppData\Local\Programs\Microsoft VS Code\bin;C:\Program Files\Azure Data Studio\bin;C:\Users\SERIGNE M  DIOUF\AppData\Roaming\Composer\vendor\bin;C:\Users\SERIGNE M  DIOUF\AppData\Roaming\Microsoft\Windows\Start Menu\Programs\Python 3.11;C:\Users\SERIGNE M  DIOUF\AppData\Roaming\Microsoft\Windows\Start Menu\Programs\P
USERNAME=SERIGNE M  DIOUF
OS=Windows_NT
PROCESSOR_IDENTIFIER=Intel64 Family 6 Model 69 Stepping 1, GenuineIntel



---------------  S Y S T E M  ---------------

OS:
 Windows 10 , 64 bit Build 19041 (10.0.19041.5438)
OS uptime: 0 days 16:10 hours
Hyper-V role detected

CPU: total 4 (initial active 4) (2 cores per cpu, 2 threads per core) family 6 model 69 stepping 1 microcode 0x25, cx8, cmov, fxsr, ht, mmx, sse, sse2, sse3, ssse3, sse4.1, sse4.2, popcnt, lzcnt, tsc, tscinvbit, avx, avx2, aes, erms, clmul, bmi1, bmi2, fma, vzeroupper, clflush, hv

Memory: 4k page, system-wide physical 7879M (466M free)
TotalPageFile size 16635M (AvailPageFile size 9M)
current process WorkingSet (physical memory assigned to process): 176M, peak: 185M
current process commit charge ("private bytes"): 215M, peak: 259M

vm_info: Java HotSpot(TM) 64-Bit Server VM (17.0.7+8-LTS-224) for windows-amd64 JRE (17.0.7+8-LTS-224), built on Feb 28 2023 23:03:02 by "mach5one" with MS VC++ 17.1 (VS2022)

END.
