#
# There is insufficient memory for the Java Runtime Environment to continue.
# Native memory allocation (malloc) failed to allocate 189216 bytes for Chunk::new
# Possible reasons:
#   The system is out of physical RAM or swap space
#   The process is running with CompressedOops enabled, and the Java Heap may be blocking the growth of the native heap
# Possible solutions:
#   Reduce memory load on the system
#   Increase physical memory or swap space
#   Check if swap backing store is full
#   Decrease Java heap size (-Xmx/-Xms)
#   Decrease number of Java threads
#   Decrease Java thread stack sizes (-Xss)
#   Set larger code cache with -XX:ReservedCodeCacheSize=
#   JVM is running with Unscaled Compressed Oops mode in which the Java heap is
#     placed in the first 4GB address space. The Java Heap base address is the
#     maximum limit for the native heap growth. Please use -XX:HeapBaseMinAddress
#     to set the Java Heap base and to place the Java Heap above 4GB virtual address.
# This output file may be truncated or incomplete.
#
#  Out of Memory Error (arena.cpp:189), pid=14960, tid=16508
#
# JRE version: Java(TM) SE Runtime Environment (17.0.7+8) (build 17.0.7+8-LTS-224)
# Java VM: Java HotSpot(TM) 64-Bit Server VM (17.0.7+8-LTS-224, mixed mode, sharing, tiered, compressed oops, compressed class ptrs, g1 gc, windows-amd64)
# No core dump will be written. Minidumps are not enabled by default on client versions of Windows
#

---------------  S U M M A R Y ------------

Command Line: -javaagent:C:\Program Files\JetBrains\IntelliJ IDEA Community Edition 2024.1.4\lib\idea_rt.jar=56683:C:\Program Files\JetBrains\IntelliJ IDEA Community Edition 2024.1.4\bin -Dfile.encoding=UTF-8 com.isi.MicroserviceProfApplication

Host: Intel(R) Core(TM) i5-4300U CPU @ 1.90GHz, 4 cores, 7G,  Windows 10 , 64 bit Build 19041 (10.0.19041.5438)
Time: Sat Mar  8 14:43:42 2025 Greenwich elapsed time: 3.638212 seconds (0d 0h 0m 3s)

---------------  T H R E A D  ---------------

Current thread (0x000002029ff38340):  JavaThread "C2 CompilerThread1" daemon [_thread_in_native, id=16508, stack(0x000000521f500000,0x000000521f600000)]


Current CompileTask:
C2:   3638 2054       4       java.util.jar.JarFile::getEntry (35 bytes)

Stack: [0x000000521f500000,0x000000521f600000]
Native frames: (J=compiled Java code, j=interpreted, Vv=VM code, C=native code)
V  [jvm.dll+0x676a4a]
V  [jvm.dll+0x7d74f4]
V  [jvm.dll+0x7d8c9e]
V  [jvm.dll+0x7d9303]
V  [jvm.dll+0x2452c5]
V  [jvm.dll+0xaaa2b]
V  [jvm.dll+0xaafcc]
V  [jvm.dll+0x2aac2f]
V  [jvm.dll+0x57f375]
V  [jvm.dll+0x2205f2]
V  [jvm.dll+0x2209cf]
V  [jvm.dll+0x219926]
V  [jvm.dll+0x216df9]
V  [jvm.dll+0x1a35e0]
V  [jvm.dll+0x226a6e]
V  [jvm.dll+0x224e15]
V  [jvm.dll+0x78d05c]
V  [jvm.dll+0x78759a]
V  [jvm.dll+0x675875]
C  [ucrtbase.dll+0x21bb2]
C  [KERNEL32.DLL+0x17374]
C  [ntdll.dll+0x4cc91]


---------------  P R O C E S S  ---------------

Threads class SMR info:
_java_thread_list=0x00000202a0b7f390, length=17, elements={
0x00000202ffbad850, 0x000002029eddde20, 0x000002029eddea90, 0x000002029edf05a0,
0x000002029edf1f60, 0x000002029edf30b0, 0x000002029edf4200, 0x000002029edf8b80,
0x000002029edf9d10, 0x000002029ee0f640, 0x000002029edc7ae0, 0x000002029fad6250,
0x000002029fad6720, 0x000002029fe53e00, 0x000002029fe54750, 0x000002029ff38340,
0x00000202a08ae6d0
}

Java Threads: ( => current thread )
  0x00000202ffbad850 JavaThread "main" [_thread_blocked, id=20244, stack(0x000000521e100000,0x000000521e200000)]
  0x000002029eddde20 JavaThread "Reference Handler" daemon [_thread_blocked, id=13908, stack(0x000000521e800000,0x000000521e900000)]
  0x000002029eddea90 JavaThread "Finalizer" daemon [_thread_blocked, id=11112, stack(0x000000521e900000,0x000000521ea00000)]
  0x000002029edf05a0 JavaThread "Signal Dispatcher" daemon [_thread_blocked, id=19612, stack(0x000000521ea00000,0x000000521eb00000)]
  0x000002029edf1f60 JavaThread "Attach Listener" daemon [_thread_blocked, id=20652, stack(0x000000521eb00000,0x000000521ec00000)]
  0x000002029edf30b0 JavaThread "Service Thread" daemon [_thread_blocked, id=8808, stack(0x000000521ec00000,0x000000521ed00000)]
  0x000002029edf4200 JavaThread "Monitor Deflation Thread" daemon [_thread_blocked, id=15852, stack(0x000000521ed00000,0x000000521ee00000)]
  0x000002029edf8b80 JavaThread "C2 CompilerThread0" daemon [_thread_in_native, id=10236, stack(0x000000521ee00000,0x000000521ef00000)]
  0x000002029edf9d10 JavaThread "C1 CompilerThread0" daemon [_thread_blocked, id=19100, stack(0x000000521ef00000,0x000000521f000000)]
  0x000002029ee0f640 JavaThread "Sweeper thread" daemon [_thread_blocked, id=2984, stack(0x000000521f000000,0x000000521f100000)]
  0x000002029edc7ae0 JavaThread "Common-Cleaner" daemon [_thread_blocked, id=10780, stack(0x000000521f100000,0x000000521f200000)]
  0x000002029fad6250 JavaThread "Monitor Ctrl-Break" daemon [_thread_in_native, id=15340, stack(0x000000521f200000,0x000000521f300000)]
  0x000002029fad6720 JavaThread "Notification Thread" daemon [_thread_blocked, id=21484, stack(0x000000521f300000,0x000000521f400000)]
  0x000002029fe53e00 JavaThread "Thread-0" [_thread_blocked, id=18888, stack(0x000000521fa00000,0x000000521fb00000)]
  0x000002029fe54750 JavaThread "restartedMain" [_thread_in_vm, id=4900, stack(0x000000521fb00000,0x000000521fc00000)]
=>0x000002029ff38340 JavaThread "C2 CompilerThread1" daemon [_thread_in_native, id=16508, stack(0x000000521f500000,0x000000521f600000)]
  0x00000202a08ae6d0 JavaThread "background-preinit" [_thread_blocked, id=14036, stack(0x000000521fc00000,0x000000521fd00000)]

Other Threads:
  0x000002029edd7ec0 VMThread "VM Thread" [stack: 0x000000521e700000,0x000000521e800000] [id=19552]
  0x000002029fa17a90 WatcherThread [stack: 0x000000521f400000,0x000000521f500000] [id=19220]
  0x00000202ffc055d0 GCTaskThread "GC Thread#0" [stack: 0x000000521e200000,0x000000521e300000] [id=18320]
  0x00000202a088bcf0 GCTaskThread "GC Thread#1" [stack: 0x000000521f600000,0x000000521f700000] [id=19432]
  0x000002029fe99170 GCTaskThread "GC Thread#2" [stack: 0x000000521f700000,0x000000521f800000] [id=18192]
  0x00000202a015ab30 GCTaskThread "GC Thread#3" [stack: 0x000000521f800000,0x000000521f900000] [id=13980]
  0x00000202ffc16b60 ConcurrentGCThread "G1 Main Marker" [stack: 0x000000521e300000,0x000000521e400000] [id=15968]
  0x00000202ffc17d10 ConcurrentGCThread "G1 Conc#0" [stack: 0x000000521e400000,0x000000521e500000] [id=6068]
  0x00000202ffc6e540 ConcurrentGCThread "G1 Refine#0" [stack: 0x000000521e500000,0x000000521e600000] [id=5156]
  0x00000202a0380610 ConcurrentGCThread "G1 Refine#1" [stack: 0x000000521f900000,0x000000521fa00000] [id=15004]
  0x000002029ec830b0 ConcurrentGCThread "G1 Service" [stack: 0x000000521e600000,0x000000521e700000] [id=6596]

Threads with active compile tasks:
C2 CompilerThread0     3691 1978       4       jdk.internal.org.objectweb.asm.Frame::execute (2305 bytes)
C2 CompilerThread1     3691 2054       4       java.util.jar.JarFile::getEntry (35 bytes)

VM state: not at safepoint (normal execution)

VM Mutex/Monitor currently owned by a thread: None

OutOfMemory and StackOverflow Exception counts:
OutOfMemoryError java_heap_errors=1
LinkageErrors=36

Heap address: 0x0000000084e00000, size: 1970 MB, Compressed Oops mode: 32-bit

CDS archive(s) mapped at: [0x0000000800000000-0x0000000800bd0000-0x0000000800bd0000), size 12386304, SharedBaseAddress: 0x0000000800000000, ArchiveRelocationMode: 0.
Compressed class space mapped at: 0x0000000800c00000-0x0000000840c00000, reserved size: 1073741824
Narrow klass base: 0x0000000800000000, Narrow klass shift: 0, Narrow klass range: 0x100000000

GC Precious Log:
 CPUs: 4 total, 4 available
 Memory: 7879M
 Large Page Support: Disabled
 NUMA Support: Disabled
 Compressed Oops: Enabled (32-bit)
 Heap Region Size: 1M
 Heap Min Capacity: 8M
 Heap Initial Capacity: 124M
 Heap Max Capacity: 1970M
 Pre-touch: Disabled
 Parallel Workers: 4
 Concurrent Workers: 1
 Concurrent Refinement Workers: 4
 Periodic GC: Disabled

Heap:
 garbage-first heap   total 126976K, used 30618K [0x0000000084e00000, 0x0000000100000000)
  region size 1024K, 24 young (24576K), 3 survivors (3072K)
 Metaspace       used 14494K, committed 14720K, reserved 1064960K
  class space    used 1902K, committed 2048K, reserved 1048576K

Heap Regions: E=young(eden), S=young(survivor), O=old, HS=humongous(starts), HC=humongous(continues), CS=collection set, F=free, OA=open archive, CA=closed archive, TAMS=top-at-mark-start (previous, next)
|   0|0x0000000084e00000, 0x0000000084f00000, 0x0000000084f00000|100%|HS|  |TAMS 0x0000000084e00000, 0x0000000084e00000| Complete 
|   1|0x0000000084f00000, 0x0000000085000000, 0x0000000085000000|100%| O|  |TAMS 0x0000000084f00000, 0x0000000084f00000| Untracked 
|   2|0x0000000085000000, 0x0000000085100000, 0x0000000085100000|100%| O|  |TAMS 0x0000000085000000, 0x0000000085000000| Untracked 
|   3|0x0000000085100000, 0x0000000085200000, 0x0000000085200000|100%| O|  |TAMS 0x0000000085100000, 0x0000000085100000| Untracked 
|   4|0x0000000085200000, 0x0000000085300000, 0x0000000085300000|100%| O|  |TAMS 0x0000000085200000, 0x0000000085200000| Untracked 
|   5|0x0000000085300000, 0x0000000085400000, 0x0000000085400000|100%| O|  |TAMS 0x0000000085300000, 0x0000000085300000| Untracked 
|   6|0x0000000085400000, 0x0000000085500000, 0x0000000085500000|100%| O|  |TAMS 0x0000000085400000, 0x0000000085400000| Untracked 
|   7|0x0000000085500000, 0x00000000855d0800, 0x0000000085600000| 81%| O|  |TAMS 0x0000000085500000, 0x0000000085500000| Untracked 
|   8|0x0000000085600000, 0x0000000085600000, 0x0000000085700000|  0%| F|  |TAMS 0x0000000085600000, 0x0000000085600000| Untracked 
|   9|0x0000000085700000, 0x0000000085700000, 0x0000000085800000|  0%| F|  |TAMS 0x0000000085700000, 0x0000000085700000| Untracked 
|  10|0x0000000085800000, 0x0000000085800000, 0x0000000085900000|  0%| F|  |TAMS 0x0000000085800000, 0x0000000085800000| Untracked 
|  11|0x0000000085900000, 0x0000000085900000, 0x0000000085a00000|  0%| F|  |TAMS 0x0000000085900000, 0x0000000085900000| Untracked 
|  12|0x0000000085a00000, 0x0000000085a00000, 0x0000000085b00000|  0%| F|  |TAMS 0x0000000085a00000, 0x0000000085a00000| Untracked 
|  13|0x0000000085b00000, 0x0000000085b00000, 0x0000000085c00000|  0%| F|  |TAMS 0x0000000085b00000, 0x0000000085b00000| Untracked 
|  14|0x0000000085c00000, 0x0000000085c00000, 0x0000000085d00000|  0%| F|  |TAMS 0x0000000085c00000, 0x0000000085c00000| Untracked 
|  15|0x0000000085d00000, 0x0000000085d00000, 0x0000000085e00000|  0%| F|  |TAMS 0x0000000085d00000, 0x0000000085d00000| Untracked 
|  16|0x0000000085e00000, 0x0000000085e00000, 0x0000000085f00000|  0%| F|  |TAMS 0x0000000085e00000, 0x0000000085e00000| Untracked 
|  17|0x0000000085f00000, 0x0000000085f00000, 0x0000000086000000|  0%| F|  |TAMS 0x0000000085f00000, 0x0000000085f00000| Untracked 
|  18|0x0000000086000000, 0x0000000086000000, 0x0000000086100000|  0%| F|  |TAMS 0x0000000086000000, 0x0000000086000000| Untracked 
|  19|0x0000000086100000, 0x0000000086100000, 0x0000000086200000|  0%| F|  |TAMS 0x0000000086100000, 0x0000000086100000| Untracked 
|  20|0x0000000086200000, 0x0000000086200000, 0x0000000086300000|  0%| F|  |TAMS 0x0000000086200000, 0x0000000086200000| Untracked 
|  21|0x0000000086300000, 0x0000000086300000, 0x0000000086400000|  0%| F|  |TAMS 0x0000000086300000, 0x0000000086300000| Untracked 
|  22|0x0000000086400000, 0x0000000086400000, 0x0000000086500000|  0%| F|  |TAMS 0x0000000086400000, 0x0000000086400000| Untracked 
|  23|0x0000000086500000, 0x0000000086500000, 0x0000000086600000|  0%| F|  |TAMS 0x0000000086500000, 0x0000000086500000| Untracked 
|  24|0x0000000086600000, 0x0000000086600000, 0x0000000086700000|  0%| F|  |TAMS 0x0000000086600000, 0x0000000086600000| Untracked 
|  25|0x0000000086700000, 0x0000000086700000, 0x0000000086800000|  0%| F|  |TAMS 0x0000000086700000, 0x0000000086700000| Untracked 
|  26|0x0000000086800000, 0x0000000086800000, 0x0000000086900000|  0%| F|  |TAMS 0x0000000086800000, 0x0000000086800000| Untracked 
|  27|0x0000000086900000, 0x0000000086900000, 0x0000000086a00000|  0%| F|  |TAMS 0x0000000086900000, 0x0000000086900000| Untracked 
|  28|0x0000000086a00000, 0x0000000086a00000, 0x0000000086b00000|  0%| F|  |TAMS 0x0000000086a00000, 0x0000000086a00000| Untracked 
|  29|0x0000000086b00000, 0x0000000086b00000, 0x0000000086c00000|  0%| F|  |TAMS 0x0000000086b00000, 0x0000000086b00000| Untracked 
|  30|0x0000000086c00000, 0x0000000086c00000, 0x0000000086d00000|  0%| F|  |TAMS 0x0000000086c00000, 0x0000000086c00000| Untracked 
|  31|0x0000000086d00000, 0x0000000086d00000, 0x0000000086e00000|  0%| F|  |TAMS 0x0000000086d00000, 0x0000000086d00000| Untracked 
|  32|0x0000000086e00000, 0x0000000086e00000, 0x0000000086f00000|  0%| F|  |TAMS 0x0000000086e00000, 0x0000000086e00000| Untracked 
|  33|0x0000000086f00000, 0x0000000086f00000, 0x0000000087000000|  0%| F|  |TAMS 0x0000000086f00000, 0x0000000086f00000| Untracked 
|  34|0x0000000087000000, 0x0000000087000000, 0x0000000087100000|  0%| F|  |TAMS 0x0000000087000000, 0x0000000087000000| Untracked 
|  35|0x0000000087100000, 0x0000000087100000, 0x0000000087200000|  0%| F|  |TAMS 0x0000000087100000, 0x0000000087100000| Untracked 
|  36|0x0000000087200000, 0x0000000087200000, 0x0000000087300000|  0%| F|  |TAMS 0x0000000087200000, 0x0000000087200000| Untracked 
|  37|0x0000000087300000, 0x0000000087300000, 0x0000000087400000|  0%| F|  |TAMS 0x0000000087300000, 0x0000000087300000| Untracked 
|  38|0x0000000087400000, 0x0000000087400000, 0x0000000087500000|  0%| F|  |TAMS 0x0000000087400000, 0x0000000087400000| Untracked 
|  39|0x0000000087500000, 0x0000000087500000, 0x0000000087600000|  0%| F|  |TAMS 0x0000000087500000, 0x0000000087500000| Untracked 
|  40|0x0000000087600000, 0x0000000087600000, 0x0000000087700000|  0%| F|  |TAMS 0x0000000087600000, 0x0000000087600000| Untracked 
|  41|0x0000000087700000, 0x0000000087700000, 0x0000000087800000|  0%| F|  |TAMS 0x0000000087700000, 0x0000000087700000| Untracked 
|  42|0x0000000087800000, 0x0000000087800000, 0x0000000087900000|  0%| F|  |TAMS 0x0000000087800000, 0x0000000087800000| Untracked 
|  43|0x0000000087900000, 0x0000000087900000, 0x0000000087a00000|  0%| F|  |TAMS 0x0000000087900000, 0x0000000087900000| Untracked 
|  44|0x0000000087a00000, 0x0000000087a00000, 0x0000000087b00000|  0%| F|  |TAMS 0x0000000087a00000, 0x0000000087a00000| Untracked 
|  45|0x0000000087b00000, 0x0000000087b00000, 0x0000000087c00000|  0%| F|  |TAMS 0x0000000087b00000, 0x0000000087b00000| Untracked 
|  46|0x0000000087c00000, 0x0000000087c00000, 0x0000000087d00000|  0%| F|  |TAMS 0x0000000087c00000, 0x0000000087c00000| Untracked 
|  47|0x0000000087d00000, 0x0000000087d00000, 0x0000000087e00000|  0%| F|  |TAMS 0x0000000087d00000, 0x0000000087d00000| Untracked 
|  48|0x0000000087e00000, 0x0000000087e00000, 0x0000000087f00000|  0%| F|  |TAMS 0x0000000087e00000, 0x0000000087e00000| Untracked 
|  49|0x0000000087f00000, 0x0000000087f00000, 0x0000000088000000|  0%| F|  |TAMS 0x0000000087f00000, 0x0000000087f00000| Untracked 
|  50|0x0000000088000000, 0x0000000088000000, 0x0000000088100000|  0%| F|  |TAMS 0x0000000088000000, 0x0000000088000000| Untracked 
|  51|0x0000000088100000, 0x0000000088100000, 0x0000000088200000|  0%| F|  |TAMS 0x0000000088100000, 0x0000000088100000| Untracked 
|  52|0x0000000088200000, 0x0000000088200000, 0x0000000088300000|  0%| F|  |TAMS 0x0000000088200000, 0x0000000088200000| Untracked 
|  53|0x0000000088300000, 0x0000000088300000, 0x0000000088400000|  0%| F|  |TAMS 0x0000000088300000, 0x0000000088300000| Untracked 
|  54|0x0000000088400000, 0x0000000088400000, 0x0000000088500000|  0%| F|  |TAMS 0x0000000088400000, 0x0000000088400000| Untracked 
|  55|0x0000000088500000, 0x0000000088500000, 0x0000000088600000|  0%| F|  |TAMS 0x0000000088500000, 0x0000000088500000| Untracked 
|  56|0x0000000088600000, 0x0000000088600000, 0x0000000088700000|  0%| F|  |TAMS 0x0000000088600000, 0x0000000088600000| Untracked 
|  57|0x0000000088700000, 0x0000000088700000, 0x0000000088800000|  0%| F|  |TAMS 0x0000000088700000, 0x0000000088700000| Untracked 
|  58|0x0000000088800000, 0x0000000088800000, 0x0000000088900000|  0%| F|  |TAMS 0x0000000088800000, 0x0000000088800000| Untracked 
|  59|0x0000000088900000, 0x0000000088900000, 0x0000000088a00000|  0%| F|  |TAMS 0x0000000088900000, 0x0000000088900000| Untracked 
|  60|0x0000000088a00000, 0x0000000088a00000, 0x0000000088b00000|  0%| F|  |TAMS 0x0000000088a00000, 0x0000000088a00000| Untracked 
|  61|0x0000000088b00000, 0x0000000088b00000, 0x0000000088c00000|  0%| F|  |TAMS 0x0000000088b00000, 0x0000000088b00000| Untracked 
|  62|0x0000000088c00000, 0x0000000088c00000, 0x0000000088d00000|  0%| F|  |TAMS 0x0000000088c00000, 0x0000000088c00000| Untracked 
|  63|0x0000000088d00000, 0x0000000088d00000, 0x0000000088e00000|  0%| F|  |TAMS 0x0000000088d00000, 0x0000000088d00000| Untracked 
|  64|0x0000000088e00000, 0x0000000088e00000, 0x0000000088f00000|  0%| F|  |TAMS 0x0000000088e00000, 0x0000000088e00000| Untracked 
|  65|0x0000000088f00000, 0x0000000088f00000, 0x0000000089000000|  0%| F|  |TAMS 0x0000000088f00000, 0x0000000088f00000| Untracked 
|  66|0x0000000089000000, 0x0000000089000000, 0x0000000089100000|  0%| F|  |TAMS 0x0000000089000000, 0x0000000089000000| Untracked 
|  67|0x0000000089100000, 0x0000000089100000, 0x0000000089200000|  0%| F|  |TAMS 0x0000000089100000, 0x0000000089100000| Untracked 
|  68|0x0000000089200000, 0x0000000089200000, 0x0000000089300000|  0%| F|  |TAMS 0x0000000089200000, 0x0000000089200000| Untracked 
|  69|0x0000000089300000, 0x0000000089300000, 0x0000000089400000|  0%| F|  |TAMS 0x0000000089300000, 0x0000000089300000| Untracked 
|  70|0x0000000089400000, 0x0000000089400000, 0x0000000089500000|  0%| F|  |TAMS 0x0000000089400000, 0x0000000089400000| Untracked 
|  71|0x0000000089500000, 0x0000000089500000, 0x0000000089600000|  0%| F|  |TAMS 0x0000000089500000, 0x0000000089500000| Untracked 
|  72|0x0000000089600000, 0x0000000089600000, 0x0000000089700000|  0%| F|  |TAMS 0x0000000089600000, 0x0000000089600000| Untracked 
|  73|0x0000000089700000, 0x0000000089700000, 0x0000000089800000|  0%| F|  |TAMS 0x0000000089700000, 0x0000000089700000| Untracked 
|  74|0x0000000089800000, 0x0000000089800000, 0x0000000089900000|  0%| F|  |TAMS 0x0000000089800000, 0x0000000089800000| Untracked 
|  75|0x0000000089900000, 0x0000000089900000, 0x0000000089a00000|  0%| F|  |TAMS 0x0000000089900000, 0x0000000089900000| Untracked 
|  76|0x0000000089a00000, 0x0000000089a00000, 0x0000000089b00000|  0%| F|  |TAMS 0x0000000089a00000, 0x0000000089a00000| Untracked 
|  77|0x0000000089b00000, 0x0000000089b00000, 0x0000000089c00000|  0%| F|  |TAMS 0x0000000089b00000, 0x0000000089b00000| Untracked 
|  78|0x0000000089c00000, 0x0000000089c00000, 0x0000000089d00000|  0%| F|  |TAMS 0x0000000089c00000, 0x0000000089c00000| Untracked 
|  79|0x0000000089d00000, 0x0000000089d00000, 0x0000000089e00000|  0%| F|  |TAMS 0x0000000089d00000, 0x0000000089d00000| Untracked 
|  80|0x0000000089e00000, 0x0000000089e00000, 0x0000000089f00000|  0%| F|  |TAMS 0x0000000089e00000, 0x0000000089e00000| Untracked 
|  81|0x0000000089f00000, 0x0000000089f00000, 0x000000008a000000|  0%| F|  |TAMS 0x0000000089f00000, 0x0000000089f00000| Untracked 
|  82|0x000000008a000000, 0x000000008a000000, 0x000000008a100000|  0%| F|  |TAMS 0x000000008a000000, 0x000000008a000000| Untracked 
|  83|0x000000008a100000, 0x000000008a100000, 0x000000008a200000|  0%| F|  |TAMS 0x000000008a100000, 0x000000008a100000| Untracked 
|  84|0x000000008a200000, 0x000000008a200000, 0x000000008a300000|  0%| F|  |TAMS 0x000000008a200000, 0x000000008a200000| Untracked 
|  85|0x000000008a300000, 0x000000008a300000, 0x000000008a400000|  0%| F|  |TAMS 0x000000008a300000, 0x000000008a300000| Untracked 
|  86|0x000000008a400000, 0x000000008a400000, 0x000000008a500000|  0%| F|  |TAMS 0x000000008a400000, 0x000000008a400000| Untracked 
|  87|0x000000008a500000, 0x000000008a500000, 0x000000008a600000|  0%| F|  |TAMS 0x000000008a500000, 0x000000008a500000| Untracked 
|  88|0x000000008a600000, 0x000000008a600000, 0x000000008a700000|  0%| F|  |TAMS 0x000000008a600000, 0x000000008a600000| Untracked 
|  89|0x000000008a700000, 0x000000008a700000, 0x000000008a800000|  0%| F|  |TAMS 0x000000008a700000, 0x000000008a700000| Untracked 
|  90|0x000000008a800000, 0x000000008a800000, 0x000000008a900000|  0%| F|  |TAMS 0x000000008a800000, 0x000000008a800000| Untracked 
|  91|0x000000008a900000, 0x000000008a900000, 0x000000008aa00000|  0%| F|  |TAMS 0x000000008a900000, 0x000000008a900000| Untracked 
|  92|0x000000008aa00000, 0x000000008aa00000, 0x000000008ab00000|  0%| F|  |TAMS 0x000000008aa00000, 0x000000008aa00000| Untracked 
|  93|0x000000008ab00000, 0x000000008ab00000, 0x000000008ac00000|  0%| F|  |TAMS 0x000000008ab00000, 0x000000008ab00000| Untracked 
|  94|0x000000008ac00000, 0x000000008ac00000, 0x000000008ad00000|  0%| F|  |TAMS 0x000000008ac00000, 0x000000008ac00000| Untracked 
|  95|0x000000008ad00000, 0x000000008ad00000, 0x000000008ae00000|  0%| F|  |TAMS 0x000000008ad00000, 0x000000008ad00000| Untracked 
|  96|0x000000008ae00000, 0x000000008ae00000, 0x000000008af00000|  0%| F|  |TAMS 0x000000008ae00000, 0x000000008ae00000| Untracked 
|  97|0x000000008af00000, 0x000000008af00000, 0x000000008b000000|  0%| F|  |TAMS 0x000000008af00000, 0x000000008af00000| Untracked 
|  98|0x000000008b000000, 0x000000008b000000, 0x000000008b100000|  0%| F|  |TAMS 0x000000008b000000, 0x000000008b000000| Untracked 
|  99|0x000000008b100000, 0x000000008b116218, 0x000000008b200000|  8%| S|CS|TAMS 0x000000008b100000, 0x000000008b100000| Complete 
| 100|0x000000008b200000, 0x000000008b300000, 0x000000008b300000|100%| S|CS|TAMS 0x000000008b200000, 0x000000008b200000| Complete 
| 101|0x000000008b300000, 0x000000008b400000, 0x000000008b400000|100%| S|CS|TAMS 0x000000008b300000, 0x000000008b300000| Complete 
| 102|0x000000008b400000, 0x000000008b400000, 0x000000008b500000|  0%| F|  |TAMS 0x000000008b400000, 0x000000008b400000| Untracked 
| 103|0x000000008b500000, 0x000000008b5ce8c0, 0x000000008b600000| 80%| E|  |TAMS 0x000000008b500000, 0x000000008b500000| Complete 
| 104|0x000000008b600000, 0x000000008b700000, 0x000000008b700000|100%| E|CS|TAMS 0x000000008b600000, 0x000000008b600000| Complete 
| 105|0x000000008b700000, 0x000000008b800000, 0x000000008b800000|100%| E|CS|TAMS 0x000000008b700000, 0x000000008b700000| Complete 
| 106|0x000000008b800000, 0x000000008b900000, 0x000000008b900000|100%| E|CS|TAMS 0x000000008b800000, 0x000000008b800000| Complete 
| 107|0x000000008b900000, 0x000000008ba00000, 0x000000008ba00000|100%| E|CS|TAMS 0x000000008b900000, 0x000000008b900000| Complete 
| 108|0x000000008ba00000, 0x000000008bb00000, 0x000000008bb00000|100%| E|CS|TAMS 0x000000008ba00000, 0x000000008ba00000| Complete 
| 109|0x000000008bb00000, 0x000000008bc00000, 0x000000008bc00000|100%| E|CS|TAMS 0x000000008bb00000, 0x000000008bb00000| Complete 
| 110|0x000000008bc00000, 0x000000008bd00000, 0x000000008bd00000|100%| E|CS|TAMS 0x000000008bc00000, 0x000000008bc00000| Complete 
| 111|0x000000008bd00000, 0x000000008be00000, 0x000000008be00000|100%| E|CS|TAMS 0x000000008bd00000, 0x000000008bd00000| Complete 
| 112|0x000000008be00000, 0x000000008bf00000, 0x000000008bf00000|100%| E|CS|TAMS 0x000000008be00000, 0x000000008be00000| Complete 
| 113|0x000000008bf00000, 0x000000008c000000, 0x000000008c000000|100%| E|CS|TAMS 0x000000008bf00000, 0x000000008bf00000| Complete 
| 114|0x000000008c000000, 0x000000008c100000, 0x000000008c100000|100%| E|CS|TAMS 0x000000008c000000, 0x000000008c000000| Complete 
| 115|0x000000008c100000, 0x000000008c200000, 0x000000008c200000|100%| E|CS|TAMS 0x000000008c100000, 0x000000008c100000| Complete 
| 116|0x000000008c200000, 0x000000008c300000, 0x000000008c300000|100%| E|CS|TAMS 0x000000008c200000, 0x000000008c200000| Complete 
| 117|0x000000008c300000, 0x000000008c400000, 0x000000008c400000|100%| E|CS|TAMS 0x000000008c300000, 0x000000008c300000| Complete 
| 118|0x000000008c400000, 0x000000008c500000, 0x000000008c500000|100%| E|CS|TAMS 0x000000008c400000, 0x000000008c400000| Complete 
| 119|0x000000008c500000, 0x000000008c600000, 0x000000008c600000|100%| E|CS|TAMS 0x000000008c500000, 0x000000008c500000| Complete 
| 120|0x000000008c600000, 0x000000008c700000, 0x000000008c700000|100%| E|CS|TAMS 0x000000008c600000, 0x000000008c600000| Complete 
| 121|0x000000008c700000, 0x000000008c800000, 0x000000008c800000|100%| E|CS|TAMS 0x000000008c700000, 0x000000008c700000| Complete 
| 122|0x000000008c800000, 0x000000008c900000, 0x000000008c900000|100%| E|CS|TAMS 0x000000008c800000, 0x000000008c800000| Complete 
| 123|0x000000008c900000, 0x000000008ca00000, 0x000000008ca00000|100%| E|CS|TAMS 0x000000008c900000, 0x000000008c900000| Complete 

Card table byte_map: [0x00000202982d0000,0x00000202986b0000] _byte_map_base: 0x0000020297ea9000

Marking Bits (Prev, Next): (CMBitMap*) 0x00000202ffc06bf0, (CMBitMap*) 0x00000202ffc06c30
 Prev Bits: [0x0000020298a90000, 0x000002029a958000)
 Next Bits: [0x000002029a960000, 0x000002029c828000)

Polling page: 0x00000202ffc70000

Metaspace:

Usage:
  Non-class:     12.30 MB used.
      Class:      1.86 MB used.
       Both:     14.15 MB used.

Virtual space:
  Non-class space:       16.00 MB reserved,      12.38 MB ( 77%) committed,  2 nodes.
      Class space:        1.00 GB reserved,       2.00 MB ( <1%) committed,  1 nodes.
             Both:        1.02 GB reserved,      14.38 MB (  1%) committed. 

Chunk freelists:
   Non-Class:  3.01 MB
       Class:  2.04 MB
        Both:  5.05 MB

MaxMetaspaceSize: unlimited
CompressedClassSpaceSize: 1.00 GB
Initial GC threshold: 21.00 MB
Current GC threshold: 21.00 MB
CDS: on
MetaspaceReclaimPolicy: balanced
 - commit_granule_bytes: 65536.
 - commit_granule_words: 8192.
 - virtual_space_node_default_size: 1048576.
 - enlarge_chunks_in_place: 1.
 - new_chunks_are_fully_committed: 0.
 - uncommit_free_chunks: 1.
 - use_allocation_guard: 0.
 - handle_deallocations: 1.


Internal statistics:

num_allocs_failed_limit: 0.
num_arena_births: 156.
num_arena_deaths: 0.
num_vsnodes_births: 3.
num_vsnodes_deaths: 0.
num_space_committed: 230.
num_space_uncommitted: 0.
num_chunks_returned_to_freelist: 0.
num_chunks_taken_from_freelist: 578.
num_chunk_merges: 0.
num_chunk_splits: 403.
num_chunks_enlarged: 327.
num_purges: 0.
num_inconsistent_stats: 0.

CodeHeap 'non-profiled nmethods': size=120000Kb used=832Kb max_used=832Kb free=119167Kb
 bounds [0x0000020290690000, 0x0000020290900000, 0x0000020297bc0000]
CodeHeap 'profiled nmethods': size=120000Kb used=4151Kb max_used=4151Kb free=115848Kb
 bounds [0x0000020288bc0000, 0x0000020288fd0000, 0x00000202900f0000]
CodeHeap 'non-nmethods': size=5760Kb used=1173Kb max_used=1207Kb free=4586Kb
 bounds [0x00000202900f0000, 0x0000020290360000, 0x0000020290690000]
 total_blobs=2594 nmethods=2131 adapters=375
 compilation: enabled
              stopped_count=0, restarted_count=0
 full_count=0

Compilation events (20 events):
Event: 3.621 Thread 0x000002029edf9d10 2113       3       java.util.BitSet::get (69 bytes)
Event: 3.622 Thread 0x000002029edf9d10 nmethod 2113 0x0000020288fbd090 code [0x0000020288fbd2e0, 0x0000020288fbdae8]
Event: 3.622 Thread 0x000002029edf9d10 2114       3       sun.reflect.annotation.AnnotationType::getInstance (65 bytes)
Event: 3.623 Thread 0x000002029edf9d10 nmethod 2114 0x0000020288fbde10 code [0x0000020288fbe000, 0x0000020288fbe578]
Event: 3.623 Thread 0x000002029edf9d10 2115       3       java.util.Collections$EmptyMap::values (4 bytes)
Event: 3.623 Thread 0x000002029edf9d10 nmethod 2115 0x0000020288fbe810 code [0x0000020288fbe9a0, 0x0000020288fbeb18]
Event: 3.623 Thread 0x000002029edf9d10 2116       3       java.lang.StringLatin1::compareTo (14 bytes)
Event: 3.623 Thread 0x000002029edf9d10 nmethod 2116 0x0000020288fbec10 code [0x0000020288fbedc0, 0x0000020288fbeee8]
Event: 3.624 Thread 0x000002029edf9d10 2117       1       java.lang.invoke.MethodHandleImpl$IntrinsicMethodHandle::getTarget (5 bytes)
Event: 3.624 Thread 0x000002029edf9d10 nmethod 2117 0x000002029075f110 code [0x000002029075f2a0, 0x000002029075f378]
Event: 3.624 Thread 0x000002029edf9d10 2118   !   3       sun.reflect.annotation.AnnotationParser::parseAnnotation2 (271 bytes)
Event: 3.627 Thread 0x000002029edf9d10 nmethod 2118 0x0000020288fbf010 code [0x0000020288fbf420, 0x0000020288fc1128]
Event: 3.627 Thread 0x000002029edf9d10 2121       3       java.util.HashMap::afterNodeAccess (1 bytes)
Event: 3.627 Thread 0x000002029edf9d10 nmethod 2121 0x0000020288fc1b90 code [0x0000020288fc1d20, 0x0000020288fc1e38]
Event: 3.627 Thread 0x000002029edf9d10 2120       3       java.lang.PublicMethods$MethodList::merge (192 bytes)
Event: 3.628 Thread 0x000002029edf9d10 nmethod 2120 0x0000020288fc1f10 code [0x0000020288fc2180, 0x0000020288fc2c68]
Event: 3.628 Thread 0x000002029edf9d10 2119       1       java.lang.Enum::name (5 bytes)
Event: 3.628 Thread 0x000002029edf9d10 nmethod 2119 0x000002029075f410 code [0x000002029075f5a0, 0x000002029075f678]
Event: 3.633 Thread 0x000002029edf9d10 2122       3       java.lang.Class::getMethod (59 bytes)
Event: 3.634 Thread 0x000002029edf9d10 nmethod 2122 0x0000020288fc3010 code [0x0000020288fc32c0, 0x0000020288fc3ec8]

GC Heap History (6 events):
Event: 1.203 GC heap before
{Heap before GC invocations=0 (full 0):
 garbage-first heap   total 126976K, used 13312K [0x0000000084e00000, 0x0000000100000000)
  region size 1024K, 13 young (13312K), 0 survivors (0K)
 Metaspace       used 2598K, committed 2752K, reserved 1056768K
  class space    used 228K, committed 320K, reserved 1048576K
}
Event: 1.214 GC heap after
{Heap after GC invocations=1 (full 0):
 garbage-first heap   total 126976K, used 7796K [0x0000000084e00000, 0x0000000100000000)
  region size 1024K, 2 young (2048K), 2 survivors (2048K)
 Metaspace       used 2598K, committed 2752K, reserved 1056768K
  class space    used 228K, committed 320K, reserved 1048576K
}
Event: 1.615 GC heap before
{Heap before GC invocations=1 (full 0):
 garbage-first heap   total 126976K, used 13940K [0x0000000084e00000, 0x0000000100000000)
  region size 1024K, 9 young (9216K), 2 survivors (2048K)
 Metaspace       used 4643K, committed 4800K, reserved 1056768K
  class space    used 484K, committed 576K, reserved 1048576K
}
Event: 1.621 GC heap after
{Heap after GC invocations=2 (full 0):
 garbage-first heap   total 126976K, used 8590K [0x0000000084e00000, 0x0000000100000000)
  region size 1024K, 1 young (1024K), 1 survivors (1024K)
 Metaspace       used 4643K, committed 4800K, reserved 1056768K
  class space    used 484K, committed 576K, reserved 1048576K
}
Event: 2.731 GC heap before
{Heap before GC invocations=2 (full 0):
 garbage-first heap   total 126976K, used 29070K [0x0000000084e00000, 0x0000000100000000)
  region size 1024K, 22 young (22528K), 1 survivors (1024K)
 Metaspace       used 9715K, committed 9920K, reserved 1064960K
  class space    used 1188K, committed 1280K, reserved 1048576K
}
Event: 2.736 GC heap after
{Heap after GC invocations=3 (full 0):
 garbage-first heap   total 126976K, used 10138K [0x0000000084e00000, 0x0000000100000000)
  region size 1024K, 3 young (3072K), 3 survivors (3072K)
 Metaspace       used 9715K, committed 9920K, reserved 1064960K
  class space    used 1188K, committed 1280K, reserved 1048576K
}

Deoptimization events (20 events):
Event: 3.559 Thread 0x00000202a08ae6d0 Uncommon trap: trap_request=0xffffffc6 fr.pc=0x00000202907512d0 relative=0x00000000000019b0
Event: 3.559 Thread 0x00000202a08ae6d0 Uncommon trap: reason=bimorphic_or_optimized_type_check action=maybe_recompile pc=0x00000202907512d0 method=java.util.HashMap.putVal(ILjava/lang/Object;Ljava/lang/Object;ZZ)Ljava/lang/Object; @ 91 c2
Event: 3.559 Thread 0x00000202a08ae6d0 DEOPT PACKING pc=0x00000202907512d0 sp=0x000000521fcfe910
Event: 3.559 Thread 0x00000202a08ae6d0 DEOPT UNPACKING pc=0x00000202901423a3 sp=0x000000521fcfe7d8 mode 2
Event: 3.559 Thread 0x00000202a08ae6d0 Uncommon trap: trap_request=0xffffffc6 fr.pc=0x00000202907512d0 relative=0x00000000000019b0
Event: 3.559 Thread 0x00000202a08ae6d0 Uncommon trap: reason=bimorphic_or_optimized_type_check action=maybe_recompile pc=0x00000202907512d0 method=java.util.HashMap.putVal(ILjava/lang/Object;Ljava/lang/Object;ZZ)Ljava/lang/Object; @ 91 c2
Event: 3.559 Thread 0x00000202a08ae6d0 DEOPT PACKING pc=0x00000202907512d0 sp=0x000000521fcfe910
Event: 3.559 Thread 0x00000202a08ae6d0 DEOPT UNPACKING pc=0x00000202901423a3 sp=0x000000521fcfe7d8 mode 2
Event: 3.570 Thread 0x00000202a08ae6d0 Uncommon trap: trap_request=0xffffffc6 fr.pc=0x00000202907512d0 relative=0x00000000000019b0
Event: 3.570 Thread 0x00000202a08ae6d0 Uncommon trap: reason=bimorphic_or_optimized_type_check action=maybe_recompile pc=0x00000202907512d0 method=java.util.HashMap.putVal(ILjava/lang/Object;Ljava/lang/Object;ZZ)Ljava/lang/Object; @ 91 c2
Event: 3.570 Thread 0x00000202a08ae6d0 DEOPT PACKING pc=0x00000202907512d0 sp=0x000000521fcfe9d0
Event: 3.570 Thread 0x00000202a08ae6d0 DEOPT UNPACKING pc=0x00000202901423a3 sp=0x000000521fcfe888 mode 2
Event: 3.570 Thread 0x00000202a08ae6d0 Uncommon trap: trap_request=0xffffffc6 fr.pc=0x00000202907512d0 relative=0x00000000000019b0
Event: 3.570 Thread 0x00000202a08ae6d0 Uncommon trap: reason=bimorphic_or_optimized_type_check action=maybe_recompile pc=0x00000202907512d0 method=java.util.HashMap.putVal(ILjava/lang/Object;Ljava/lang/Object;ZZ)Ljava/lang/Object; @ 91 c2
Event: 3.570 Thread 0x00000202a08ae6d0 DEOPT PACKING pc=0x00000202907512d0 sp=0x000000521fcfe9d0
Event: 3.570 Thread 0x00000202a08ae6d0 DEOPT UNPACKING pc=0x00000202901423a3 sp=0x000000521fcfe888 mode 2
Event: 3.632 Thread 0x000002029fe54750 Uncommon trap: trap_request=0xffffff45 fr.pc=0x000002029072063c relative=0x0000000000000e5c
Event: 3.632 Thread 0x000002029fe54750 Uncommon trap: reason=unstable_if action=reinterpret pc=0x000002029072063c method=jdk.internal.org.objectweb.asm.SymbolTable.put(Ljdk/internal/org/objectweb/asm/SymbolTable$Entry;)Ljdk/internal/org/objectweb/asm/SymbolTable$Entry; @ 13 c2
Event: 3.632 Thread 0x000002029fe54750 DEOPT PACKING pc=0x000002029072063c sp=0x000000521fbfc360
Event: 3.632 Thread 0x000002029fe54750 DEOPT UNPACKING pc=0x00000202901423a3 sp=0x000000521fbfc2b8 mode 2

Classes unloaded (0 events):
No events

Classes redefined (0 events):
No events

Internal exceptions (20 events):
Event: 2.455 Thread 0x000002029fe54750 Exception <a 'java/lang/NoSuchMethodError'{0x000000008baa1e00}: 'void java.lang.invoke.DirectMethodHandle$Holder.invokeStaticInit(java.lang.Object, java.lang.Object, java.lang.Object)'> (0x000000008baa1e00) 
thrown [s\open\src\hotspot\share\interpreter\linkResolver.cpp, line 759]
Event: 2.517 Thread 0x000002029fe54750 Exception <a 'java/lang/NoSuchMethodError'{0x000000008b928118}: 'void java.lang.invoke.DirectMethodHandle$Holder.invokeVirtual(java.lang.Object, java.lang.Object, java.lang.Object, java.lang.Object)'> (0x000000008b928118) 
thrown [s\open\src\hotspot\share\interpreter\linkResolver.cpp, line 759]
Event: 2.591 Thread 0x000002029fe54750 Exception <a 'java/lang/NoSuchMethodError'{0x000000008b868428}: 'void java.lang.invoke.DirectMethodHandle$Holder.invokeSpecial(java.lang.Object, java.lang.Object, java.lang.Object)'> (0x000000008b868428) 
thrown [s\open\src\hotspot\share\interpreter\linkResolver.cpp, line 759]
Event: 2.592 Thread 0x000002029fe54750 Exception <a 'java/lang/NoSuchMethodError'{0x000000008b86ed58}: 'void java.lang.invoke.DirectMethodHandle$Holder.invokeSpecial(java.lang.Object, java.lang.Object, java.lang.Object, java.lang.Object, java.lang.Object)'> (0x000000008b86ed58) 
thrown [s\open\src\hotspot\share\interpreter\linkResolver.cpp, line 759]
Event: 2.904 Thread 0x000002029fe54750 Implicit null exception at 0x00000202906df08f to 0x00000202906df470
Event: 3.343 Thread 0x000002029fe54750 Exception <a 'java/lang/ClassNotFoundException'{0x000000008bec8938}: java/lang/ObjectCustomizer> (0x000000008bec8938) 
thrown [s\open\src\hotspot\share\classfile\systemDictionary.cpp, line 256]
Event: 3.351 Thread 0x000002029fe54750 Exception <a 'java/lang/IncompatibleClassChangeError'{0x000000008becd7d8}: Found class java.lang.Object, but interface was expected> (0x000000008becd7d8) 
thrown [s\open\src\hotspot\share\interpreter\linkResolver.cpp, line 826]
Event: 3.361 Thread 0x000002029fe54750 Exception <a 'java/lang/ClassNotFoundException'{0x000000008bdb5480}: org/springframework/context/annotation/ConfigurationClassPostProcessorCustomizer> (0x000000008bdb5480) 
thrown [s\open\src\hotspot\share\classfile\systemDictionary.cpp, line 256]
Event: 3.385 Thread 0x000002029fe54750 Exception <a 'java/lang/ClassNotFoundException'{0x000000008bdd4618}: org/springframework/beans/factory/support/BeanDefinitionRegistryPostProcessorCustomizer> (0x000000008bdd4618) 
thrown [s\open\src\hotspot\share\classfile\systemDictionary.cpp, line 256]
Event: 3.388 Thread 0x000002029fe54750 Exception <a 'java/lang/ClassNotFoundException'{0x000000008bdd9d60}: org/springframework/beans/factory/config/BeanFactoryPostProcessorCustomizer> (0x000000008bdd9d60) 
thrown [s\open\src\hotspot\share\classfile\systemDictionary.cpp, line 256]
Event: 3.389 Thread 0x000002029fe54750 Exception <a 'java/lang/ClassNotFoundException'{0x000000008bddf180}: org/springframework/core/PriorityOrderedCustomizer> (0x000000008bddf180) 
thrown [s\open\src\hotspot\share\classfile\systemDictionary.cpp, line 256]
Event: 3.392 Thread 0x000002029fe54750 Exception <a 'java/lang/ClassNotFoundException'{0x000000008bde31c0}: org/springframework/core/OrderedCustomizer> (0x000000008bde31c0) 
thrown [s\open\src\hotspot\share\classfile\systemDictionary.cpp, line 256]
Event: 3.396 Thread 0x000002029fe54750 Exception <a 'java/lang/ClassNotFoundException'{0x000000008bde84d0}: org/springframework/context/ResourceLoaderAwareCustomizer> (0x000000008bde84d0) 
thrown [s\open\src\hotspot\share\classfile\systemDictionary.cpp, line 256]
Event: 3.397 Thread 0x000002029fe54750 Exception <a 'java/lang/ClassNotFoundException'{0x000000008bded908}: org/springframework/beans/factory/AwareCustomizer> (0x000000008bded908) 
thrown [s\open\src\hotspot\share\classfile\systemDictionary.cpp, line 256]
Event: 3.398 Thread 0x000002029fe54750 Exception <a 'java/lang/ClassNotFoundException'{0x000000008bdf1d50}: org/springframework/context/ApplicationStartupAwareCustomizer> (0x000000008bdf1d50) 
thrown [s\open\src\hotspot\share\classfile\systemDictionary.cpp, line 256]
Event: 3.400 Thread 0x000002029fe54750 Exception <a 'java/lang/ClassNotFoundException'{0x000000008bdf7410}: org/springframework/beans/factory/AwareCustomizer> (0x000000008bdf7410) 
thrown [s\open\src\hotspot\share\classfile\systemDictionary.cpp, line 256]
Event: 3.401 Thread 0x000002029fe54750 Exception <a 'java/lang/ClassNotFoundException'{0x000000008bdfb8e0}: org/springframework/beans/factory/BeanClassLoaderAwareCustomizer> (0x000000008bdfb8e0) 
thrown [s\open\src\hotspot\share\classfile\systemDictionary.cpp, line 256]
Event: 3.408 Thread 0x000002029fe54750 Exception <a 'java/lang/ClassNotFoundException'{0x000000008bced338}: org/springframework/beans/factory/AwareCustomizer> (0x000000008bced338) 
thrown [s\open\src\hotspot\share\classfile\systemDictionary.cpp, line 256]
Event: 3.410 Thread 0x000002029fe54750 Exception <a 'java/lang/ClassNotFoundException'{0x000000008bcf1528}: org/springframework/context/EnvironmentAwareCustomizer> (0x000000008bcf1528) 
thrown [s\open\src\hotspot\share\classfile\systemDictionary.cpp, line 256]
Event: 3.412 Thread 0x000002029fe54750 Exception <a 'java/lang/ClassNotFoundException'{0x000000008bcf68e0}: org/springframework/beans/factory/AwareCustomizer> (0x000000008bcf68e0) 
thrown [s\open\src\hotspot\share\classfile\systemDictionary.cpp, line 256]

VM Operations (20 events):
Event: 1.828 Executing VM operation: HandshakeAllThreads
Event: 1.828 Executing VM operation: HandshakeAllThreads done
Event: 2.281 Executing VM operation: HandshakeAllThreads
Event: 2.281 Executing VM operation: HandshakeAllThreads done
Event: 2.518 Executing VM operation: ICBufferFull
Event: 2.518 Executing VM operation: ICBufferFull done
Event: 2.731 Executing VM operation: G1CollectForAllocation
Event: 2.736 Executing VM operation: G1CollectForAllocation done
Event: 3.105 Executing VM operation: HandshakeAllThreads
Event: 3.105 Executing VM operation: HandshakeAllThreads done
Event: 3.129 Executing VM operation: HandshakeAllThreads
Event: 3.129 Executing VM operation: HandshakeAllThreads done
Event: 3.151 Executing VM operation: HandshakeAllThreads
Event: 3.153 Executing VM operation: HandshakeAllThreads done
Event: 3.241 Executing VM operation: HandshakeAllThreads
Event: 3.241 Executing VM operation: HandshakeAllThreads done
Event: 3.356 Executing VM operation: HandshakeAllThreads
Event: 3.356 Executing VM operation: HandshakeAllThreads done
Event: 3.448 Executing VM operation: HandshakeAllThreads
Event: 3.448 Executing VM operation: HandshakeAllThreads done

Events (20 events):
Event: 3.539 loading class sun/reflect/annotation/TypeAnnotation$LocationInfo
Event: 3.539 loading class sun/reflect/annotation/TypeAnnotation$LocationInfo done
Event: 3.539 loading class sun/reflect/annotation/TypeAnnotation$LocationInfo$Location
Event: 3.540 loading class sun/reflect/annotation/TypeAnnotation$LocationInfo$Location done
Event: 3.540 loading class sun/reflect/annotation/AnnotatedTypeFactory
Event: 3.540 loading class sun/reflect/annotation/AnnotatedTypeFactory done
Event: 3.540 loading class sun/reflect/annotation/AnnotatedTypeFactory$AnnotatedTypeBaseImpl
Event: 3.541 loading class sun/reflect/annotation/AnnotatedTypeFactory$AnnotatedTypeBaseImpl done
Event: 3.541 loading class java/lang/reflect/AnnotatedParameterizedType
Event: 3.541 loading class java/lang/reflect/AnnotatedParameterizedType done
Event: 3.541 loading class java/lang/reflect/AnnotatedArrayType
Event: 3.541 loading class java/lang/reflect/AnnotatedArrayType done
Event: 3.565 loading class sun/reflect/annotation/AnnotatedTypeFactory$AnnotatedParameterizedTypeImpl
Event: 3.565 loading class sun/reflect/annotation/AnnotatedTypeFactory$AnnotatedParameterizedTypeImpl done
Event: 3.565 loading class sun/reflect/annotation/AnnotatedTypeFactory$AnnotatedWildcardTypeImpl
Event: 3.566 loading class java/lang/reflect/AnnotatedWildcardType
Event: 3.566 loading class java/lang/reflect/AnnotatedWildcardType done
Event: 3.566 loading class sun/reflect/annotation/AnnotatedTypeFactory$AnnotatedWildcardTypeImpl done
Event: 3.611 loading class java/util/BitSet
Event: 3.612 loading class java/util/BitSet done


Dynamic libraries:
0x00007ff7afe60000 - 0x00007ff7afe70000 	C:\Program Files\Java\jdk-17\bin\java.exe
0x00007ffa902b0000 - 0x00007ffa904a8000 	C:\WINDOWS\SYSTEM32\ntdll.dll
0x00007ffa8fae0000 - 0x00007ffa8fba2000 	C:\WINDOWS\System32\KERNEL32.DLL
0x00007ffa8d950000 - 0x00007ffa8dc4f000 	C:\WINDOWS\System32\KERNELBASE.dll
0x00007ffa8dcc0000 - 0x00007ffa8ddc0000 	C:\WINDOWS\System32\ucrtbase.dll
0x00007ffa7d8b0000 - 0x00007ffa7d8cb000 	C:\Program Files\Java\jdk-17\bin\VCRUNTIME140.dll
0x00007ffa7d8d0000 - 0x00007ffa7d8e9000 	C:\Program Files\Java\jdk-17\bin\jli.dll
0x00007ffa8fed0000 - 0x00007ffa8ff7f000 	C:\WINDOWS\System32\ADVAPI32.dll
0x00007ffa8f6e0000 - 0x00007ffa8f77e000 	C:\WINDOWS\System32\msvcrt.dll
0x00007ffa8fbb0000 - 0x00007ffa8fc4f000 	C:\WINDOWS\System32\sechost.dll
0x00007ffa8eec0000 - 0x00007ffa8efe3000 	C:\WINDOWS\System32\RPCRT4.dll
0x00007ffa8ddc0000 - 0x00007ffa8dde7000 	C:\WINDOWS\System32\bcrypt.dll
0x00007ffa8f030000 - 0x00007ffa8f1cd000 	C:\WINDOWS\System32\USER32.dll
0x00007ffa8dfd0000 - 0x00007ffa8dff2000 	C:\WINDOWS\System32\win32u.dll
0x00007ffa8eff0000 - 0x00007ffa8f01b000 	C:\WINDOWS\System32\GDI32.dll
0x00007ffa8e050000 - 0x00007ffa8e16a000 	C:\WINDOWS\System32\gdi32full.dll
0x00007ffa8dea0000 - 0x00007ffa8df3d000 	C:\WINDOWS\System32\msvcp_win.dll
0x00007ffa79eb0000 - 0x00007ffa7a14a000 	C:\WINDOWS\WinSxS\amd64_microsoft.windows.common-controls_6595b64144ccf1df_6.0.19041.4355_none_60b8b9eb71f62e16\COMCTL32.dll
0x00007ffa80170000 - 0x00007ffa8017a000 	C:\WINDOWS\SYSTEM32\VERSION.dll
0x00007ffa8ee30000 - 0x00007ffa8ee5f000 	C:\WINDOWS\System32\IMM32.DLL
0x00007ffa87370000 - 0x00007ffa8737c000 	C:\Program Files\Java\jdk-17\bin\vcruntime140_1.dll
0x00007ffa772f0000 - 0x00007ffa7737e000 	C:\Program Files\Java\jdk-17\bin\msvcp140.dll
0x00007ffa0b1e0000 - 0x00007ffa0bdbd000 	C:\Program Files\Java\jdk-17\bin\server\jvm.dll
0x00007ffa8f6d0000 - 0x00007ffa8f6d8000 	C:\WINDOWS\System32\PSAPI.DLL
0x00007ffa7ca30000 - 0x00007ffa7ca39000 	C:\WINDOWS\SYSTEM32\WSOCK32.dll
0x00007ffa8f660000 - 0x00007ffa8f6cb000 	C:\WINDOWS\System32\WS2_32.dll
0x00007ffa7e090000 - 0x00007ffa7e0b7000 	C:\WINDOWS\SYSTEM32\WINMM.dll
0x00007ffa8c180000 - 0x00007ffa8c192000 	C:\WINDOWS\SYSTEM32\kernel.appcore.dll
0x00007ffa7d8a0000 - 0x00007ffa7d8aa000 	C:\Program Files\Java\jdk-17\bin\jimage.dll
0x00007ffa8bca0000 - 0x00007ffa8be84000 	C:\WINDOWS\SYSTEM32\DBGHELP.DLL
0x00007ffa7c790000 - 0x00007ffa7c7c4000 	C:\WINDOWS\SYSTEM32\dbgcore.DLL
0x00007ffa8df40000 - 0x00007ffa8dfc2000 	C:\WINDOWS\System32\bcryptPrimitives.dll
0x00007ffa86ce0000 - 0x00007ffa86cee000 	C:\Program Files\Java\jdk-17\bin\instrument.dll
0x00007ffa7d870000 - 0x00007ffa7d895000 	C:\Program Files\Java\jdk-17\bin\java.dll
0x00007ffa60010000 - 0x00007ffa600e7000 	C:\Program Files\Java\jdk-17\bin\jsvml.dll
0x00007ffa8e5b0000 - 0x00007ffa8ed1d000 	C:\WINDOWS\System32\SHELL32.dll
0x00007ffa8ab80000 - 0x00007ffa8b324000 	C:\WINDOWS\SYSTEM32\windows.storage.dll
0x00007ffa8f780000 - 0x00007ffa8fad5000 	C:\WINDOWS\System32\combase.dll
0x00007ffa8d2a0000 - 0x00007ffa8d2cf000 	C:\WINDOWS\SYSTEM32\Wldp.dll
0x00007ffa900c0000 - 0x00007ffa9018d000 	C:\WINDOWS\System32\OLEAUT32.dll
0x00007ffa8fc50000 - 0x00007ffa8fcfd000 	C:\WINDOWS\System32\SHCORE.dll
0x00007ffa8fd80000 - 0x00007ffa8fdd5000 	C:\WINDOWS\System32\shlwapi.dll
0x00007ffa8d880000 - 0x00007ffa8d8a4000 	C:\WINDOWS\SYSTEM32\profapi.dll
0x00007ffa7b820000 - 0x00007ffa7b838000 	C:\Program Files\Java\jdk-17\bin\zip.dll
0x00007ffa7d850000 - 0x00007ffa7d869000 	C:\Program Files\Java\jdk-17\bin\net.dll
0x00007ffa84250000 - 0x00007ffa8435a000 	C:\WINDOWS\SYSTEM32\WINHTTP.dll
0x00007ffa8d080000 - 0x00007ffa8d0ec000 	C:\WINDOWS\system32\mswsock.dll
0x00007ffa7d830000 - 0x00007ffa7d846000 	C:\Program Files\Java\jdk-17\bin\nio.dll
0x00007ffa7c190000 - 0x00007ffa7c1aa000 	C:\Program Files\JetBrains\IntelliJ IDEA Community Edition 2024.1.4\bin\breakgen64.dll
0x00007ffa7bf90000 - 0x00007ffa7bfa0000 	C:\Program Files\Java\jdk-17\bin\verify.dll
0x00007ffa7c140000 - 0x00007ffa7c14a000 	C:\Program Files\Java\jdk-17\bin\management.dll
0x00007ffa7bf80000 - 0x00007ffa7bf8b000 	C:\Program Files\Java\jdk-17\bin\management_ext.dll
0x00007ffa78e50000 - 0x00007ffa78e67000 	C:\WINDOWS\system32\napinsp.dll
0x00007ffa78e30000 - 0x00007ffa78e4b000 	C:\WINDOWS\system32\pnrpnsp.dll
0x00007ffa78e10000 - 0x00007ffa78e25000 	C:\WINDOWS\system32\wshbth.dll
0x00007ffa87130000 - 0x00007ffa8714d000 	C:\WINDOWS\system32\NLAapi.dll
0x00007ffa8cd30000 - 0x00007ffa8cd6b000 	C:\WINDOWS\SYSTEM32\IPHLPAPI.DLL
0x00007ffa8cd80000 - 0x00007ffa8ce4a000 	C:\WINDOWS\SYSTEM32\DNSAPI.dll
0x00007ffa8f020000 - 0x00007ffa8f028000 	C:\WINDOWS\System32\NSI.dll
0x00007ffa78a10000 - 0x00007ffa78a22000 	C:\WINDOWS\System32\winrnr.dll
0x000000006b760000 - 0x000000006b786000 	C:\Program Files\Bonjour\mdnsNSP.dll
0x00007ffa804d0000 - 0x00007ffa804da000 	C:\Windows\System32\rasadhlp.dll
0x00007ffa80cf0000 - 0x00007ffa80d70000 	C:\WINDOWS\System32\fwpuclnt.dll

dbghelp: loaded successfully - version: 4.0.5 - missing functions: none
symbol engine: initialized successfully - sym options: 0x614 - pdb path: .;C:\Program Files\Java\jdk-17\bin;C:\WINDOWS\SYSTEM32;C:\WINDOWS\WinSxS\amd64_microsoft.windows.common-controls_6595b64144ccf1df_6.0.19041.4355_none_60b8b9eb71f62e16;C:\Program Files\Java\jdk-17\bin\server;C:\Program Files\JetBrains\IntelliJ IDEA Community Edition 2024.1.4\bin;C:\Program Files\Bonjour

VM Arguments:
jvm_args: -javaagent:C:\Program Files\JetBrains\IntelliJ IDEA Community Edition 2024.1.4\lib\idea_rt.jar=56683:C:\Program Files\JetBrains\IntelliJ IDEA Community Edition 2024.1.4\bin -Dfile.encoding=UTF-8 
java_command: com.isi.MicroserviceProfApplication
java_class_path (initial): C:\devops\microservice-gestion-prof\target\classes;C:\Users\SERIGNE M  DIOUF\.m2\repository\org\springframework\boot\spring-boot-starter-data-jpa\2.6.1\spring-boot-starter-data-jpa-2.6.1.jar;C:\Users\SERIGNE M  DIOUF\.m2\repository\org\springframework\boot\spring-boot-starter-aop\2.6.1\spring-boot-starter-aop-2.6.1.jar;C:\Users\SERIGNE M  DIOUF\.m2\repository\org\aspectj\aspectjweaver\1.9.7\aspectjweaver-1.9.7.jar;C:\Users\SERIGNE M  DIOUF\.m2\repository\org\springframework\boot\spring-boot-starter-jdbc\2.6.1\spring-boot-starter-jdbc-2.6.1.jar;C:\Users\SERIGNE M  DIOUF\.m2\repository\com\zaxxer\HikariCP\4.0.3\HikariCP-4.0.3.jar;C:\Users\SERIGNE M  DIOUF\.m2\repository\org\springframework\spring-jdbc\5.3.13\spring-jdbc-5.3.13.jar;C:\Users\SERIGNE M  DIOUF\.m2\repository\jakarta\transaction\jakarta.transaction-api\1.3.3\jakarta.transaction-api-1.3.3.jar;C:\Users\SERIGNE M  DIOUF\.m2\repository\jakarta\persistence\jakarta.persistence-api\2.2.3\jakarta.persistence-api-2.2.3.jar;C:\Users\SERIGNE M  DIOUF\.m2\repository\org\hibernate\hibernate-core\5.6.1.Final\hibernate-core-5.6.1.Final.jar;C:\Users\SERIGNE M  DIOUF\.m2\repository\org\jboss\logging\jboss-logging\3.4.2.Final\jboss-logging-3.4.2.Final.jar;C:\Users\SERIGNE M  DIOUF\.m2\repository\net\bytebuddy\byte-buddy\1.11.22\byte-buddy-1.11.22.jar;C:\Users\SERIGNE M  DIOUF\.m2\repository\antlr\antlr\2.7.7\antlr-2.7.7.jar;C:\Users\SERIGNE M  DIOUF\.m2\repository\org\jboss\jandex\2.2.3.Final\jandex-2.2.3.Final.jar;C:\Users\SERIGNE M  DIOUF\.m2\repository\org\hibernate\common\hibernate-commons-annotations\5.1.2.Final\hibernate-commons-annotations-5.1.2.Final.jar;C:\Users\SERIGNE M  DIOUF\.m2\repository\org\glassfish\jaxb\jaxb-runtime\2.3.5\jaxb-runtime-2.3.5.jar;C:\Users\SERIGNE M  DIOUF\.m2\repository\org\glassfish\jaxb\txw2\2.3.5\txw2-2.3.5.jar;C:\Users\SERIGNE M  DIOUF\.m2\repository\com\sun\istack\istack-commons-runtime\3.0.12\istack-commons-runtime-3.0.12.jar;C:\Users\SERIGNE M  DIOUF\.m2\r
Launcher Type: SUN_STANDARD

[Global flags]
     intx CICompilerCount                          = 3                                         {product} {ergonomic}
     uint ConcGCThreads                            = 1                                         {product} {ergonomic}
     uint G1ConcRefinementThreads                  = 4                                         {product} {ergonomic}
   size_t G1HeapRegionSize                         = 1048576                                   {product} {ergonomic}
    uintx GCDrainStackTargetSize                   = 64                                        {product} {ergonomic}
   size_t InitialHeapSize                          = 130023424                                 {product} {ergonomic}
   size_t MarkStackSize                            = 4194304                                   {product} {ergonomic}
   size_t MaxHeapSize                              = 2065694720                                {product} {ergonomic}
   size_t MaxNewSize                               = 1239416832                                {product} {ergonomic}
   size_t MinHeapDeltaBytes                        = 1048576                                   {product} {ergonomic}
   size_t MinHeapSize                              = 8388608                                   {product} {ergonomic}
    uintx NonNMethodCodeHeapSize                   = 5832780                                {pd product} {ergonomic}
    uintx NonProfiledCodeHeapSize                  = 122912730                              {pd product} {ergonomic}
    uintx ProfiledCodeHeapSize                     = 122912730                              {pd product} {ergonomic}
    uintx ReservedCodeCacheSize                    = 251658240                              {pd product} {ergonomic}
     bool SegmentedCodeCache                       = true                                      {product} {ergonomic}
   size_t SoftMaxHeapSize                          = 2065694720                             {manageable} {ergonomic}
     bool UseCompressedClassPointers               = true                           {product lp64_product} {ergonomic}
     bool UseCompressedOops                        = true                           {product lp64_product} {ergonomic}
     bool UseG1GC                                  = true                                      {product} {ergonomic}
     bool UseLargePagesIndividualAllocation        = false                                  {pd product} {ergonomic}

Logging:
Log output configuration:
 #0: stdout all=warning uptime,level,tags
 #1: stderr all=off uptime,level,tags

Environment Variables:
JAVA_HOME=C:\Program Files\Java\jdk-17
PATH=C:\Program Files\Common Files\Oracle\Java\javapath;C:\WINDOWS\system32;C:\WINDOWS;C:\WINDOWS\System32\Wbem;C:\WINDOWS\System32\WindowsPowerShell\v1.0\;C:\WINDOWS\System32\OpenSSH\;C:\xampp\php;C:\Program Files\Microsoft SQL Server\150\Tools\Binn\;C:\Program Files\Microsoft SQL Server\Client SDK\ODBC\170\Tools\Binn\;C:\Program Files\Azure Data Studio\bin;C:\Program Files\Git\cmd;C:\Program Files (x86)\Microsoft SQL Server\160\Tools\Binn\;C:\Program Files\Microsoft SQL Server\160\Tools\Binn\;C:\Program Files\Microsoft SQL Server\160\DTS\Binn\;C:\ProgramData\ComposerSetup\bin;C:\Users\SERIGNE M  DIOUF\AppData\Roaming\Microsoft\Windows\Start Menu\Programs\Python 3.11;C:\Users\SERIGNE M  DIOUF\AppData\Roaming\Microsoft\Windows\Start Menu\Programs\Python 3.11;C:\Windows\System32\cmd.exe;C:\Users\SERIGNE M  DIOUF\AppData\Local\Programs\Python\Python311;C:\ProgramData\chocolatey\bin;C:\Program Files\nodejs\;;C:\Program Files (x86)\Certbot\bin;C:\Program Files\Docker\Docker\resources\bin;C:\Program Files\dotnet\;C:\Program Files\Amazon\AWSCLIV2\;C:\Users\SERIGNE M  DIOUF\AppData\Local\Microsoft\WindowsApps;C:\Users\SERIGNE M  DIOUF\AppData\Local\Programs\Microsoft VS Code\bin;C:\Users\SERIGNE M  DIOUF\AppData\Roaming\Composer\vendor\bin;C:\ProgramData\Microsoft\Windows\Start Menu\Programs\Node.js;C:\Users\SERIGNE M  DIOUF\AppData\Roaming\npm;C:\Program Files\JetBrains\IntelliJ IDEA 2022.1\bin;C:\Users\SERIGNE M  DIOUF\.dotnet\tools;C:\Users\SERIGNE M  DIOUF\AppData\Local\Programs\cursor\resources\app\bin;C:\flutter\bin;C:\Program Files\terraform;;C:\Program Files\terraform;C:\Users\SERIGNE M  DIOUF\AppData\Local\Microsoft\WindowsApps;C:\Users\SERIGNE M  DIOUF\AppData\Local\Programs\Microsoft VS Code\bin;C:\Program Files\Azure Data Studio\bin;C:\Users\SERIGNE M  DIOUF\AppData\Roaming\Composer\vendor\bin;C:\Users\SERIGNE M  DIOUF\AppData\Roaming\Microsoft\Windows\Start Menu\Programs\Python 3.11;C:\Users\SERIGNE M  DIOUF\AppData\Roaming\Microsoft\Windows\Start Menu\Programs\P
USERNAME=SERIGNE M  DIOUF
OS=Windows_NT
PROCESSOR_IDENTIFIER=Intel64 Family 6 Model 69 Stepping 1, GenuineIntel



---------------  S Y S T E M  ---------------

OS:
 Windows 10 , 64 bit Build 19041 (10.0.19041.5438)
OS uptime: 0 days 16:11 hours
Hyper-V role detected

CPU: total 4 (initial active 4) (2 cores per cpu, 2 threads per core) family 6 model 69 stepping 1 microcode 0x25, cx8, cmov, fxsr, ht, mmx, sse, sse2, sse3, ssse3, sse4.1, sse4.2, popcnt, lzcnt, tsc, tscinvbit, avx, avx2, aes, erms, clmul, bmi1, bmi2, fma, vzeroupper, clflush, hv

Memory: 4k page, system-wide physical 7879M (490M free)
TotalPageFile size 16635M (AvailPageFile size 44M)
current process WorkingSet (physical memory assigned to process): 115M, peak: 115M
current process commit charge ("private bytes"): 244M, peak: 244M

vm_info: Java HotSpot(TM) 64-Bit Server VM (17.0.7+8-LTS-224) for windows-amd64 JRE (17.0.7+8-LTS-224), built on Feb 28 2023 23:03:02 by "mach5one" with MS VC++ 17.1 (VS2022)

END.
