#
# There is insufficient memory for the Java Runtime Environment to continue.
# Native memory allocation (malloc) failed to allocate 1609712 bytes for Chunk::new
# Possible reasons:
#   The system is out of physical RAM or swap space
#   The process is running with CompressedOops enabled, and the Java Heap may be blocking the growth of the native heap
# Possible solutions:
#   Reduce memory load on the system
#   Increase physical memory or swap space
#   Check if swap backing store is full
#   Decrease Java heap size (-Xmx/-Xms)
#   Decrease number of Java threads
#   Decrease Java thread stack sizes (-Xss)
#   Set larger code cache with -XX:ReservedCodeCacheSize=
#   JVM is running with Unscaled Compressed Oops mode in which the Java heap is
#     placed in the first 4GB address space. The Java Heap base address is the
#     maximum limit for the native heap growth. Please use -XX:HeapBaseMinAddress
#     to set the Java Heap base and to place the Java Heap above 4GB virtual address.
# This output file may be truncated or incomplete.
#
#  Out of Memory Error (arena.cpp:189), pid=17356, tid=12276
#
# JRE version: Java(TM) SE Runtime Environment (17.0.7+8) (build 17.0.7+8-LTS-224)
# Java VM: Java HotSpot(TM) 64-Bit Server VM (17.0.7+8-LTS-224, mixed mode, sharing, tiered, compressed oops, compressed class ptrs, g1 gc, windows-amd64)
# No core dump will be written. Minidumps are not enabled by default on client versions of Windows
#

---------------  S U M M A R Y ------------

Command Line: -Dmaven.multiModuleProjectDirectory=C:\devops\devopsgitaction\microservice-gestion-prof -Djansi.passthrough=true -Dmaven.home=C:\Users\SERIGNE M  DIOUF\.m2\wrapper\dists\apache-maven-3.8.5-bin\5i5jha092a3i37g0paqnfr15e0\apache-maven-3.8.5 -Dclassworlds.conf=C:\Users\SERIGNE M  DIOUF\.m2\wrapper\dists\apache-maven-3.8.5-bin\5i5jha092a3i37g0paqnfr15e0\apache-maven-3.8.5\bin\m2.conf -Dmaven.ext.class.path=C:\Program Files\JetBrains\IntelliJ IDEA Community Edition 2024.1.4\plugins\maven\lib\maven-event-listener.jar -javaagent:C:\Program Files\JetBrains\IntelliJ IDEA Community Edition 2024.1.4\lib\idea_rt.jar=51649:C:\Program Files\JetBrains\IntelliJ IDEA Community Edition 2024.1.4\bin -Dfile.encoding=UTF-8 org.codehaus.classworlds.Launcher -Didea.version=2024.1.4 clean package

Host: Intel(R) Core(TM) i5-4300U CPU @ 1.90GHz, 4 cores, 7G,  Windows 10 , 64 bit Build 19041 (10.0.19041.5438)
Time: Sun Mar 16 11:41:49 2025 Greenwich elapsed time: 34.383054 seconds (0d 0h 0m 34s)

---------------  T H R E A D  ---------------

Current thread (0x000002bd3d8feaa0):  JavaThread "C2 CompilerThread0" daemon [_thread_in_native, id=12276, stack(0x000000fa15000000,0x000000fa15100000)]


Current CompileTask:
C2:  34383 5634   !   4       com.sun.tools.javac.jvm.ClassReader::classSigToType (497 bytes)

Stack: [0x000000fa15000000,0x000000fa15100000]
Native frames: (J=compiled Java code, j=interpreted, Vv=VM code, C=native code)
V  [jvm.dll+0x676a4a]
V  [jvm.dll+0x7d74f4]
V  [jvm.dll+0x7d8c9e]
V  [jvm.dll+0x7d9303]
V  [jvm.dll+0x2452c5]
V  [jvm.dll+0xaaa2b]
V  [jvm.dll+0xaafcc]
V  [jvm.dll+0x36141e]
V  [jvm.dll+0x1bb36a]
V  [jvm.dll+0x217c27]
V  [jvm.dll+0x216f01]
V  [jvm.dll+0x1a35e0]
V  [jvm.dll+0x226a6e]
V  [jvm.dll+0x224e15]
V  [jvm.dll+0x78d05c]
V  [jvm.dll+0x78759a]
V  [jvm.dll+0x675875]
C  [ucrtbase.dll+0x21bb2]
C  [KERNEL32.DLL+0x17374]
C  [ntdll.dll+0x4cc91]


---------------  P R O C E S S  ---------------

Threads class SMR info:
_java_thread_list=0x000002bd3e5009d0, length=13, elements={
0x000002bd1e319750, 0x000002bd3d8e7b10, 0x000002bd3d8e8780, 0x000002bd3d8fc0b0,
0x000002bd3d8fca60, 0x000002bd3d8fd410, 0x000002bd3d8fddc0, 0x000002bd3d8feaa0,
0x000002bd3d8ff490, 0x000002bd3d96e8a0, 0x000002bd3e473c50, 0x000002bd3e507270,
0x000002bd3e5aef20
}

Java Threads: ( => current thread )
  0x000002bd1e319750 JavaThread "main" [_thread_in_vm, id=5320, stack(0x000000fa14300000,0x000000fa14400000)]
  0x000002bd3d8e7b10 JavaThread "Reference Handler" daemon [_thread_blocked, id=9900, stack(0x000000fa14a00000,0x000000fa14b00000)]
  0x000002bd3d8e8780 JavaThread "Finalizer" daemon [_thread_blocked, id=11300, stack(0x000000fa14b00000,0x000000fa14c00000)]
  0x000002bd3d8fc0b0 JavaThread "Signal Dispatcher" daemon [_thread_blocked, id=6408, stack(0x000000fa14c00000,0x000000fa14d00000)]
  0x000002bd3d8fca60 JavaThread "Attach Listener" daemon [_thread_blocked, id=1816, stack(0x000000fa14d00000,0x000000fa14e00000)]
  0x000002bd3d8fd410 JavaThread "Service Thread" daemon [_thread_blocked, id=348, stack(0x000000fa14e00000,0x000000fa14f00000)]
  0x000002bd3d8fddc0 JavaThread "Monitor Deflation Thread" daemon [_thread_blocked, id=11876, stack(0x000000fa14f00000,0x000000fa15000000)]
=>0x000002bd3d8feaa0 JavaThread "C2 CompilerThread0" daemon [_thread_in_native, id=12276, stack(0x000000fa15000000,0x000000fa15100000)]
  0x000002bd3d8ff490 JavaThread "C1 CompilerThread0" daemon [_thread_blocked, id=14504, stack(0x000000fa15100000,0x000000fa15200000)]
  0x000002bd3d96e8a0 JavaThread "Sweeper thread" daemon [_thread_blocked, id=11596, stack(0x000000fa15200000,0x000000fa15300000)]
  0x000002bd3e473c50 JavaThread "Common-Cleaner" daemon [_thread_blocked, id=16756, stack(0x000000fa15300000,0x000000fa15400000)]
  0x000002bd3e507270 JavaThread "Monitor Ctrl-Break" daemon [_thread_in_native, id=9936, stack(0x000000fa15400000,0x000000fa15500000)]
  0x000002bd3e5aef20 JavaThread "Notification Thread" daemon [_thread_blocked, id=14028, stack(0x000000fa15500000,0x000000fa15600000)]

Other Threads:
  0x000002bd3d8e1ca0 VMThread "VM Thread" [stack: 0x000000fa14900000,0x000000fa14a00000] [id=7856] _threads_hazard_ptr=0x000002bd3e5009d0
  0x000002bd3e507740 WatcherThread [stack: 0x000000fa15600000,0x000000fa15700000] [id=15740]
  0x000002bd1e371d70 GCTaskThread "GC Thread#0" [stack: 0x000000fa14400000,0x000000fa14500000] [id=7600]
  0x000002bd3ec91930 GCTaskThread "GC Thread#1" [stack: 0x000000fa15700000,0x000000fa15800000] [id=124]
  0x000002bd3eb187e0 GCTaskThread "GC Thread#2" [stack: 0x000000fa15800000,0x000000fa15900000] [id=17308]
  0x000002bd3ec687a0 GCTaskThread "GC Thread#3" [stack: 0x000000fa15900000,0x000000fa15a00000] [id=17956]
  0x000002bd1e384310 ConcurrentGCThread "G1 Main Marker" [stack: 0x000000fa14500000,0x000000fa14600000] [id=16252]
  0x000002bd1e384d20 ConcurrentGCThread "G1 Conc#0" [stack: 0x000000fa14600000,0x000000fa14700000] [id=14668]
  0x000002bd1e3ece50 ConcurrentGCThread "G1 Refine#0" [stack: 0x000000fa14700000,0x000000fa14800000] [id=14160]
  0x000002bd3fad9380 ConcurrentGCThread "G1 Refine#1" [stack: 0x000000fa15a00000,0x000000fa15b00000] [id=7204]
  0x000002bd1e3ed870 ConcurrentGCThread "G1 Service" [stack: 0x000000fa14800000,0x000000fa14900000] [id=17388]

Threads with active compile tasks:
C2 CompilerThread0    34446 5634   !   4       com.sun.tools.javac.jvm.ClassReader::classSigToType (497 bytes)

VM state: synchronizing (normal execution)

VM Mutex/Monitor currently owned by a thread:  ([mutex/lock_event])
[0x000002bd1e316c50] Threads_lock - owner thread: 0x000002bd3d8e1ca0

Heap address: 0x0000000084e00000, size: 1970 MB, Compressed Oops mode: 32-bit

CDS archive(s) mapped at: [0x0000000800000000-0x0000000800bd0000-0x0000000800bd0000), size 12386304, SharedBaseAddress: 0x0000000800000000, ArchiveRelocationMode: 0.
Compressed class space mapped at: 0x0000000800c00000-0x0000000840c00000, reserved size: 1073741824
Narrow klass base: 0x0000000800000000, Narrow klass shift: 0, Narrow klass range: 0x100000000

GC Precious Log:
 CPUs: 4 total, 4 available
 Memory: 7879M
 Large Page Support: Disabled
 NUMA Support: Disabled
 Compressed Oops: Enabled (32-bit)
 Heap Region Size: 1M
 Heap Min Capacity: 8M
 Heap Initial Capacity: 124M
 Heap Max Capacity: 1970M
 Pre-touch: Disabled
 Parallel Workers: 4
 Concurrent Workers: 1
 Concurrent Refinement Workers: 4
 Periodic GC: Disabled

Heap:
 garbage-first heap   total 75776K, used 53760K [0x0000000084e00000, 0x0000000100000000)
  region size 1024K, 16 young (16384K), 3 survivors (3072K)
 Metaspace       used 24401K, committed 24704K, reserved 1073152K
  class space    used 2673K, committed 2816K, reserved 1048576K

Heap Regions: E=young(eden), S=young(survivor), O=old, HS=humongous(starts), HC=humongous(continues), CS=collection set, F=free, OA=open archive, CA=closed archive, TAMS=top-at-mark-start (previous, next)
|   0|0x0000000084e00000, 0x0000000084f00000, 0x0000000084f00000|100%| O|  |TAMS 0x0000000084f00000, 0x0000000084e00000| Untracked 
|   1|0x0000000084f00000, 0x0000000085000000, 0x0000000085000000|100%| O|  |TAMS 0x0000000085000000, 0x0000000084f00000| Untracked 
|   2|0x0000000085000000, 0x0000000085100000, 0x0000000085100000|100%| O|  |TAMS 0x0000000085100000, 0x0000000085000000| Untracked 
|   3|0x0000000085100000, 0x0000000085200000, 0x0000000085200000|100%| O|  |TAMS 0x0000000085200000, 0x0000000085100000| Untracked 
|   4|0x0000000085200000, 0x0000000085300000, 0x0000000085300000|100%| O|  |TAMS 0x0000000085300000, 0x0000000085200000| Untracked 
|   5|0x0000000085300000, 0x0000000085400000, 0x0000000085400000|100%| O|  |TAMS 0x0000000085400000, 0x0000000085300000| Untracked 
|   6|0x0000000085400000, 0x0000000085500000, 0x0000000085500000|100%| O|  |TAMS 0x0000000085500000, 0x0000000085400000| Untracked 
|   7|0x0000000085500000, 0x0000000085600000, 0x0000000085600000|100%| O|  |TAMS 0x0000000085600000, 0x0000000085500000| Untracked 
|   8|0x0000000085600000, 0x0000000085700000, 0x0000000085700000|100%| O|  |TAMS 0x0000000085700000, 0x0000000085600000| Untracked 
|   9|0x0000000085700000, 0x0000000085800000, 0x0000000085800000|100%| O|  |TAMS 0x0000000085800000, 0x0000000085700000| Untracked 
|  10|0x0000000085800000, 0x0000000085900000, 0x0000000085900000|100%| O|  |TAMS 0x0000000085900000, 0x0000000085800000| Untracked 
|  11|0x0000000085900000, 0x0000000085a00000, 0x0000000085a00000|100%| O|  |TAMS 0x0000000085900000, 0x0000000085900000| Untracked 
|  12|0x0000000085a00000, 0x0000000085b00000, 0x0000000085b00000|100%|HS|  |TAMS 0x0000000085b00000, 0x0000000085a00000| Complete 
|  13|0x0000000085b00000, 0x0000000085c00000, 0x0000000085c00000|100%|HS|  |TAMS 0x0000000085c00000, 0x0000000085b00000| Complete 
|  14|0x0000000085c00000, 0x0000000085d00000, 0x0000000085d00000|100%| O|  |TAMS 0x0000000085d00000, 0x0000000085c00000| Untracked 
|  15|0x0000000085d00000, 0x0000000085e00000, 0x0000000085e00000|100%| O|  |TAMS 0x0000000085e00000, 0x0000000085d00000| Untracked 
|  16|0x0000000085e00000, 0x0000000085f00000, 0x0000000085f00000|100%| O|  |TAMS 0x0000000085f00000, 0x0000000085e00000| Untracked 
|  17|0x0000000085f00000, 0x0000000086000000, 0x0000000086000000|100%| O|  |TAMS 0x0000000086000000, 0x0000000085f00000| Untracked 
|  18|0x0000000086000000, 0x0000000086100000, 0x0000000086100000|100%| O|  |TAMS 0x0000000086100000, 0x0000000086000000| Untracked 
|  19|0x0000000086100000, 0x0000000086200000, 0x0000000086200000|100%| O|  |TAMS 0x0000000086200000, 0x0000000086100000| Untracked 
|  20|0x0000000086200000, 0x0000000086300000, 0x0000000086300000|100%| O|  |TAMS 0x0000000086300000, 0x0000000086200000| Untracked 
|  21|0x0000000086300000, 0x0000000086400000, 0x0000000086400000|100%| O|  |TAMS 0x0000000086400000, 0x0000000086300000| Untracked 
|  22|0x0000000086400000, 0x0000000086500000, 0x0000000086500000|100%| O|  |TAMS 0x0000000086400000, 0x0000000086400000| Untracked 
|  23|0x0000000086500000, 0x0000000086580000, 0x0000000086600000| 50%| O|  |TAMS 0x0000000086500000, 0x0000000086500000| Untracked 
|  24|0x0000000086600000, 0x0000000086700000, 0x0000000086700000|100%|HS|  |TAMS 0x0000000086600000, 0x0000000086600000| Complete 
|  25|0x0000000086700000, 0x0000000086700000, 0x0000000086800000|  0%| F|  |TAMS 0x0000000086700000, 0x0000000086700000| Untracked 
|  26|0x0000000086800000, 0x0000000086800000, 0x0000000086900000|  0%| F|  |TAMS 0x0000000086800000, 0x0000000086800000| Untracked 
|  27|0x0000000086900000, 0x0000000086a00000, 0x0000000086a00000|100%| O|  |TAMS 0x0000000086a00000, 0x0000000086900000| Untracked 
|  28|0x0000000086a00000, 0x0000000086b00000, 0x0000000086b00000|100%| O|  |TAMS 0x0000000086b00000, 0x0000000086a00000| Untracked 
|  29|0x0000000086b00000, 0x0000000086c00000, 0x0000000086c00000|100%| O|  |TAMS 0x0000000086c00000, 0x0000000086b00000| Untracked 
|  30|0x0000000086c00000, 0x0000000086d00000, 0x0000000086d00000|100%| O|  |TAMS 0x0000000086d00000, 0x0000000086c00000| Untracked 
|  31|0x0000000086d00000, 0x0000000086e00000, 0x0000000086e00000|100%| O|  |TAMS 0x0000000086e00000, 0x0000000086d00000| Untracked 
|  32|0x0000000086e00000, 0x0000000086f00000, 0x0000000086f00000|100%| O|  |TAMS 0x0000000086f00000, 0x0000000086e00000| Complete 
|  33|0x0000000086f00000, 0x0000000086f00000, 0x0000000087000000|  0%| F|  |TAMS 0x0000000086f00000, 0x0000000086f00000| Untracked 
|  34|0x0000000087000000, 0x0000000087000000, 0x0000000087100000|  0%| F|  |TAMS 0x0000000087000000, 0x0000000087000000| Untracked 
|  35|0x0000000087100000, 0x0000000087100000, 0x0000000087200000|  0%| F|  |TAMS 0x0000000087100000, 0x0000000087100000| Untracked 
|  36|0x0000000087200000, 0x0000000087200000, 0x0000000087300000|  0%| F|  |TAMS 0x0000000087200000, 0x0000000087200000| Untracked 
|  37|0x0000000087300000, 0x0000000087300000, 0x0000000087400000|  0%| F|  |TAMS 0x0000000087300000, 0x0000000087300000| Untracked 
|  38|0x0000000087400000, 0x0000000087400000, 0x0000000087500000|  0%| F|  |TAMS 0x0000000087400000, 0x0000000087400000| Untracked 
|  39|0x0000000087500000, 0x0000000087500000, 0x0000000087600000|  0%| F|  |TAMS 0x0000000087500000, 0x0000000087500000| Untracked 
|  40|0x0000000087600000, 0x0000000087600000, 0x0000000087700000|  0%| F|  |TAMS 0x0000000087600000, 0x0000000087600000| Untracked 
|  41|0x0000000087700000, 0x0000000087700000, 0x0000000087800000|  0%| F|  |TAMS 0x0000000087700000, 0x0000000087700000| Untracked 
|  42|0x0000000087800000, 0x0000000087800000, 0x0000000087900000|  0%| F|  |TAMS 0x0000000087800000, 0x0000000087800000| Untracked 
|  43|0x0000000087900000, 0x0000000087900000, 0x0000000087a00000|  0%| F|  |TAMS 0x0000000087900000, 0x0000000087900000| Untracked 
|  44|0x0000000087a00000, 0x0000000087b00000, 0x0000000087b00000|100%| S|CS|TAMS 0x0000000087a00000, 0x0000000087a00000| Complete 
|  45|0x0000000087b00000, 0x0000000087c00000, 0x0000000087c00000|100%| S|CS|TAMS 0x0000000087b00000, 0x0000000087b00000| Complete 
|  46|0x0000000087c00000, 0x0000000087d00000, 0x0000000087d00000|100%| S|CS|TAMS 0x0000000087c00000, 0x0000000087c00000| Complete 
|  47|0x0000000087d00000, 0x0000000087d00000, 0x0000000087e00000|  0%| F|  |TAMS 0x0000000087d00000, 0x0000000087d00000| Untracked 
|  48|0x0000000087e00000, 0x0000000087e00000, 0x0000000087f00000|  0%| F|  |TAMS 0x0000000087e00000, 0x0000000087e00000| Untracked 
|  49|0x0000000087f00000, 0x0000000087f00000, 0x0000000088000000|  0%| F|  |TAMS 0x0000000087f00000, 0x0000000087f00000| Untracked 
|  50|0x0000000088000000, 0x0000000088000000, 0x0000000088100000|  0%| F|  |TAMS 0x0000000088000000, 0x0000000088000000| Untracked 
|  51|0x0000000088100000, 0x0000000088100000, 0x0000000088200000|  0%| F|  |TAMS 0x0000000088100000, 0x0000000088100000| Untracked 
|  52|0x0000000088200000, 0x0000000088200000, 0x0000000088300000|  0%| F|  |TAMS 0x0000000088200000, 0x0000000088200000| Untracked 
|  53|0x0000000088300000, 0x0000000088300000, 0x0000000088400000|  0%| F|  |TAMS 0x0000000088300000, 0x0000000088300000| Untracked 
|  54|0x0000000088400000, 0x00000000884ecf80, 0x0000000088500000| 92%| E|  |TAMS 0x0000000088400000, 0x0000000088400000| Complete 
|  55|0x0000000088500000, 0x0000000088600000, 0x0000000088600000|100%| E|CS|TAMS 0x0000000088500000, 0x0000000088500000| Complete 
|  56|0x0000000088600000, 0x0000000088700000, 0x0000000088700000|100%| E|CS|TAMS 0x0000000088600000, 0x0000000088600000| Complete 
|  57|0x0000000088700000, 0x0000000088800000, 0x0000000088800000|100%| E|CS|TAMS 0x0000000088700000, 0x0000000088700000| Complete 
|  58|0x0000000088800000, 0x0000000088900000, 0x0000000088900000|100%| E|CS|TAMS 0x0000000088800000, 0x0000000088800000| Complete 
|  84|0x000000008a200000, 0x000000008a300000, 0x000000008a300000|100%| E|CS|TAMS 0x000000008a200000, 0x000000008a200000| Complete 
|  85|0x000000008a300000, 0x000000008a400000, 0x000000008a400000|100%| E|CS|TAMS 0x000000008a300000, 0x000000008a300000| Complete 
|  86|0x000000008a400000, 0x000000008a500000, 0x000000008a500000|100%| E|CS|TAMS 0x000000008a400000, 0x000000008a400000| Complete 
|  87|0x000000008a500000, 0x000000008a600000, 0x000000008a600000|100%| E|CS|TAMS 0x000000008a500000, 0x000000008a500000| Complete 
|  88|0x000000008a600000, 0x000000008a700000, 0x000000008a700000|100%| E|CS|TAMS 0x000000008a600000, 0x000000008a600000| Complete 
|  89|0x000000008a700000, 0x000000008a800000, 0x000000008a800000|100%| E|CS|TAMS 0x000000008a700000, 0x000000008a700000| Complete 
|  90|0x000000008a800000, 0x000000008a900000, 0x000000008a900000|100%| E|CS|TAMS 0x000000008a800000, 0x000000008a800000| Complete 
| 123|0x000000008c900000, 0x000000008ca00000, 0x000000008ca00000|100%| E|CS|TAMS 0x000000008c900000, 0x000000008c900000| Complete 
|1963|0x00000000ff900000, 0x00000000ffa00000, 0x00000000ffa00000|100%| O|  |TAMS 0x00000000ffa00000, 0x00000000ff900000| Untracked 
|1964|0x00000000ffa00000, 0x00000000ffb00000, 0x00000000ffb00000|100%| O|  |TAMS 0x00000000ffb00000, 0x00000000ffa00000| Untracked 
|1965|0x00000000ffb00000, 0x00000000ffc00000, 0x00000000ffc00000|100%| O|  |TAMS 0x00000000ffc00000, 0x00000000ffb00000| Untracked 
|1966|0x00000000ffc00000, 0x00000000ffd00000, 0x00000000ffd00000|100%| O|  |TAMS 0x00000000ffd00000, 0x00000000ffc00000| Untracked 
|1967|0x00000000ffd00000, 0x00000000ffe00000, 0x00000000ffe00000|100%| O|  |TAMS 0x00000000ffe00000, 0x00000000ffd00000| Untracked 
|1968|0x00000000ffe00000, 0x00000000fff00000, 0x00000000fff00000|100%| O|  |TAMS 0x00000000fff00000, 0x00000000ffe00000| Untracked 
|1969|0x00000000fff00000, 0x0000000100000000, 0x0000000100000000|100%| O|  |TAMS 0x0000000100000000, 0x00000000fff00000| Untracked 

Card table byte_map: [0x000002bd36da0000,0x000002bd37180000] _byte_map_base: 0x000002bd36979000

Marking Bits (Prev, Next): (CMBitMap*) 0x000002bd1e373390, (CMBitMap*) 0x000002bd1e3733d0
 Prev Bits: [0x000002bd37560000, 0x000002bd39428000)
 Next Bits: [0x000002bd39430000, 0x000002bd3b2f8000)

Polling page: 0x000002bd1e3f0000

Metaspace:

Usage:
  Non-class:     21.22 MB used.
      Class:      2.61 MB used.
       Both:     23.83 MB used.

Virtual space:
  Non-class space:       24.00 MB reserved,      21.38 MB ( 89%) committed,  3 nodes.
      Class space:        1.00 GB reserved,       2.75 MB ( <1%) committed,  1 nodes.
             Both:        1.02 GB reserved,      24.12 MB (  2%) committed. 

Chunk freelists:
   Non-Class:  2.11 MB
       Class:  1.09 MB
        Both:  3.20 MB

MaxMetaspaceSize: unlimited
CompressedClassSpaceSize: 1.00 GB
Initial GC threshold: 21.00 MB
Current GC threshold: 39.81 MB
CDS: on
MetaspaceReclaimPolicy: balanced
 - commit_granule_bytes: 65536.
 - commit_granule_words: 8192.
 - virtual_space_node_default_size: 1048576.
 - enlarge_chunks_in_place: 1.
 - new_chunks_are_fully_committed: 0.
 - uncommit_free_chunks: 1.
 - use_allocation_guard: 0.
 - handle_deallocations: 1.


Internal statistics:

num_allocs_failed_limit: 6.
num_arena_births: 162.
num_arena_deaths: 0.
num_vsnodes_births: 4.
num_vsnodes_deaths: 0.
num_space_committed: 386.
num_space_uncommitted: 0.
num_chunks_returned_to_freelist: 6.
num_chunks_taken_from_freelist: 1019.
num_chunk_merges: 6.
num_chunk_splits: 738.
num_chunks_enlarged: 560.
num_purges: 0.
num_inconsistent_stats: 0.

CodeHeap 'non-profiled nmethods': size=120000Kb used=2565Kb max_used=3075Kb free=117434Kb
 bounds [0x000002bd2ee70000, 0x000002bd2f180000, 0x000002bd363a0000]
CodeHeap 'profiled nmethods': size=120000Kb used=10468Kb max_used=12208Kb free=109531Kb
 bounds [0x000002bd273a0000, 0x000002bd27f90000, 0x000002bd2e8d0000]
CodeHeap 'non-nmethods': size=5760Kb used=1200Kb max_used=1250Kb free=4559Kb
 bounds [0x000002bd2e8d0000, 0x000002bd2eb40000, 0x000002bd2ee70000]
 total_blobs=5487 nmethods=4984 adapters=414
 compilation: enabled
              stopped_count=0, restarted_count=0
 full_count=0

Compilation events (20 events):
Event: 34.277 Thread 0x000002bd3d8ff490 5815       2       com.sun.tools.javac.comp.Enter::classEnter (61 bytes)
Event: 34.278 Thread 0x000002bd3d8ff490 nmethod 5815 0x000002bd276d4510 code [0x000002bd276d46c0, 0x000002bd276d49d8]
Event: 34.278 Thread 0x000002bd3d8ff490 5814       2       com.sun.tools.javac.jvm.ClassReader::adjustFieldFlags (2 bytes)
Event: 34.278 Thread 0x000002bd3d8ff490 nmethod 5814 0x000002bd27d54e90 code [0x000002bd27d55020, 0x000002bd27d55138]
Event: 34.278 Thread 0x000002bd3d8ff490 5816       2       com.sun.tools.javac.tree.TreeInfo::fullName (84 bytes)
Event: 34.279 Thread 0x000002bd3d8ff490 nmethod 5816 0x000002bd27634810 code [0x000002bd27634a20, 0x000002bd27634eb8]
Event: 34.279 Thread 0x000002bd3d8ff490 5818       2       com.sun.tools.javac.code.Type$MethodType::<init> (25 bytes)
Event: 34.279 Thread 0x000002bd3d8ff490 nmethod 5818 0x000002bd27781710 code [0x000002bd277818c0, 0x000002bd27781b98]
Event: 34.279 Thread 0x000002bd3d8ff490 5817       2       com.sun.tools.javac.comp.AttrContext::dup (151 bytes)
Event: 34.280 Thread 0x000002bd3d8ff490 nmethod 5817 0x000002bd27829090 code [0x000002bd27829260, 0x000002bd278297c8]
Event: 34.280 Thread 0x000002bd3d8ff490 5819       2       com.sun.tools.javac.util.Iterators$2::hasNext (13 bytes)
Event: 34.280 Thread 0x000002bd3d8ff490 nmethod 5819 0x000002bd27781390 code [0x000002bd27781520, 0x000002bd27781638]
Event: 34.280 Thread 0x000002bd3d8ff490 5820       2       com.sun.tools.javac.tree.JCTree$JCVariableDecl::accept (6 bytes)
Event: 34.280 Thread 0x000002bd3d8ff490 nmethod 5820 0x000002bd27f32a90 code [0x000002bd27f32c20, 0x000002bd27f32d48]
Event: 34.289 Thread 0x000002bd3d8ff490 5821       2       com.sun.tools.javac.jvm.ClassReader$23::read (151 bytes)
Event: 34.290 Thread 0x000002bd3d8ff490 nmethod 5821 0x000002bd2752d490 code [0x000002bd2752d660, 0x000002bd2752dba8]
Event: 34.290 Thread 0x000002bd3d8ff490 5822       2       com.sun.tools.javac.jvm.ClassReader::nextByte (23 bytes)
Event: 34.290 Thread 0x000002bd3d8ff490 nmethod 5822 0x000002bd2753f590 code [0x000002bd2753f720, 0x000002bd2753f878]
Event: 34.371 Thread 0x000002bd3d8ff490 5824       2       java.util.ArrayDeque::dec (13 bytes)
Event: 34.372 Thread 0x000002bd3d8ff490 nmethod 5824 0x000002bd27500390 code [0x000002bd27500520, 0x000002bd27500618]

GC Heap History (18 events):
Event: 3.543 GC heap before
{Heap before GC invocations=0 (full 0):
 garbage-first heap   total 126976K, used 12288K [0x0000000084e00000, 0x0000000100000000)
  region size 1024K, 13 young (13312K), 0 survivors (0K)
 Metaspace       used 3597K, committed 3712K, reserved 1056768K
  class space    used 369K, committed 384K, reserved 1048576K
}
Event: 3.685 GC heap after
{Heap after GC invocations=1 (full 0):
 garbage-first heap   total 126976K, used 3166K [0x0000000084e00000, 0x0000000100000000)
  region size 1024K, 2 young (2048K), 2 survivors (2048K)
 Metaspace       used 3597K, committed 3712K, reserved 1056768K
  class space    used 369K, committed 384K, reserved 1048576K
}
Event: 5.331 GC heap before
{Heap before GC invocations=1 (full 0):
 garbage-first heap   total 126976K, used 15454K [0x0000000084e00000, 0x0000000100000000)
  region size 1024K, 14 young (14336K), 2 survivors (2048K)
 Metaspace       used 5357K, committed 5504K, reserved 1056768K
  class space    used 610K, committed 704K, reserved 1048576K
}
Event: 5.339 GC heap after
{Heap after GC invocations=2 (full 0):
 garbage-first heap   total 126976K, used 4106K [0x0000000084e00000, 0x0000000100000000)
  region size 1024K, 1 young (1024K), 1 survivors (1024K)
 Metaspace       used 5357K, committed 5504K, reserved 1056768K
  class space    used 610K, committed 704K, reserved 1048576K
}
Event: 7.828 GC heap before
{Heap before GC invocations=2 (full 0):
 garbage-first heap   total 126976K, used 32778K [0x0000000084e00000, 0x0000000100000000)
  region size 1024K, 29 young (29696K), 1 survivors (1024K)
 Metaspace       used 9838K, committed 9984K, reserved 1064960K
  class space    used 1188K, committed 1280K, reserved 1048576K
}
Event: 7.839 GC heap after
{Heap after GC invocations=3 (full 0):
 garbage-first heap   total 126976K, used 5711K [0x0000000084e00000, 0x0000000100000000)
  region size 1024K, 3 young (3072K), 3 survivors (3072K)
 Metaspace       used 9838K, committed 9984K, reserved 1064960K
  class space    used 1188K, committed 1280K, reserved 1048576K
}
Event: 13.885 GC heap before
{Heap before GC invocations=3 (full 0):
 garbage-first heap   total 126976K, used 78415K [0x0000000084e00000, 0x0000000100000000)
  region size 1024K, 74 young (75776K), 3 survivors (3072K)
 Metaspace       used 13388K, committed 13568K, reserved 1064960K
  class space    used 1510K, committed 1600K, reserved 1048576K
}
Event: 13.915 GC heap after
{Heap after GC invocations=4 (full 0):
 garbage-first heap   total 126976K, used 12600K [0x0000000084e00000, 0x0000000100000000)
  region size 1024K, 10 young (10240K), 10 survivors (10240K)
 Metaspace       used 13388K, committed 13568K, reserved 1064960K
  class space    used 1510K, committed 1600K, reserved 1048576K
}
Event: 20.064 GC heap before
{Heap before GC invocations=4 (full 0):
 garbage-first heap   total 126976K, used 78136K [0x0000000084e00000, 0x0000000100000000)
  region size 1024K, 74 young (75776K), 10 survivors (10240K)
 Metaspace       used 15098K, committed 15296K, reserved 1064960K
  class space    used 1640K, committed 1728K, reserved 1048576K
}
Event: 20.097 GC heap after
{Heap after GC invocations=5 (full 0):
 garbage-first heap   total 126976K, used 15992K [0x0000000084e00000, 0x0000000100000000)
  region size 1024K, 4 young (4096K), 4 survivors (4096K)
 Metaspace       used 15098K, committed 15296K, reserved 1064960K
  class space    used 1640K, committed 1728K, reserved 1048576K
}
Event: 24.869 GC heap before
{Heap before GC invocations=5 (full 0):
 garbage-first heap   total 126976K, used 48760K [0x0000000084e00000, 0x0000000100000000)
  region size 1024K, 37 young (37888K), 4 survivors (4096K)
 Metaspace       used 21295K, committed 21504K, reserved 1073152K
  class space    used 2381K, committed 2496K, reserved 1048576K
}
Event: 24.885 GC heap after
{Heap after GC invocations=6 (full 0):
 garbage-first heap   total 126976K, used 18640K [0x0000000084e00000, 0x0000000100000000)
  region size 1024K, 7 young (7168K), 7 survivors (7168K)
 Metaspace       used 21295K, committed 21504K, reserved 1073152K
  class space    used 2381K, committed 2496K, reserved 1048576K
}
Event: 30.112 GC heap before
{Heap before GC invocations=7 (full 0):
 garbage-first heap   total 68608K, used 53456K [0x0000000084e00000, 0x0000000100000000)
  region size 1024K, 40 young (40960K), 7 survivors (7168K)
 Metaspace       used 23428K, committed 23744K, reserved 1073152K
  class space    used 2597K, committed 2752K, reserved 1048576K
}
Event: 30.149 GC heap after
{Heap after GC invocations=8 (full 0):
 garbage-first heap   total 75776K, used 34036K [0x0000000084e00000, 0x0000000100000000)
  region size 1024K, 5 young (5120K), 5 survivors (5120K)
 Metaspace       used 23428K, committed 23744K, reserved 1073152K
  class space    used 2597K, committed 2752K, reserved 1048576K
}
Event: 30.161 GC heap before
{Heap before GC invocations=8 (full 0):
 garbage-first heap   total 75776K, used 35060K [0x0000000084e00000, 0x0000000100000000)
  region size 1024K, 6 young (6144K), 5 survivors (5120K)
 Metaspace       used 23428K, committed 23744K, reserved 1073152K
  class space    used 2597K, committed 2752K, reserved 1048576K
}
Event: 30.174 GC heap after
{Heap after GC invocations=9 (full 0):
 garbage-first heap   total 75776K, used 35840K [0x0000000084e00000, 0x0000000100000000)
  region size 1024K, 1 young (1024K), 1 survivors (1024K)
 Metaspace       used 23428K, committed 23744K, reserved 1073152K
  class space    used 2597K, committed 2752K, reserved 1048576K
}
Event: 33.219 GC heap before
{Heap before GC invocations=9 (full 0):
 garbage-first heap   total 75776K, used 55296K [0x0000000084e00000, 0x0000000100000000)
  region size 1024K, 20 young (20480K), 1 survivors (1024K)
 Metaspace       used 24098K, committed 24384K, reserved 1073152K
  class space    used 2667K, committed 2816K, reserved 1048576K
}
Event: 33.235 GC heap after
{Heap after GC invocations=10 (full 0):
 garbage-first heap   total 75776K, used 40448K [0x0000000084e00000, 0x0000000100000000)
  region size 1024K, 3 young (3072K), 3 survivors (3072K)
 Metaspace       used 24098K, committed 24384K, reserved 1073152K
  class space    used 2667K, committed 2816K, reserved 1048576K
}

Deoptimization events (20 events):
Event: 32.765 Thread 0x000002bd1e319750 DEOPT PACKING pc=0x000002bd2f159570 sp=0x000000fa143fc170
Event: 32.765 Thread 0x000002bd1e319750 DEOPT UNPACKING pc=0x000002bd2e9223a3 sp=0x000000fa143fc128 mode 2
Event: 32.894 Thread 0x000002bd1e319750 Uncommon trap: trap_request=0xffffff45 fr.pc=0x000002bd2f105ce0 relative=0x0000000000000060
Event: 32.894 Thread 0x000002bd1e319750 Uncommon trap: reason=unstable_if action=reinterpret pc=0x000002bd2f105ce0 method=com.sun.tools.javac.jvm.PoolReader.sizeof(I)I @ 1 c2
Event: 32.894 Thread 0x000002bd1e319750 DEOPT PACKING pc=0x000002bd2f105ce0 sp=0x000000fa143fc970
Event: 32.894 Thread 0x000002bd1e319750 DEOPT UNPACKING pc=0x000002bd2e9223a3 sp=0x000000fa143fc900 mode 2
Event: 33.418 Thread 0x000002bd1e319750 Uncommon trap: trap_request=0xffffff45 fr.pc=0x000002bd2f162c4c relative=0x0000000000000a0c
Event: 33.419 Thread 0x000002bd1e319750 Uncommon trap: reason=unstable_if action=reinterpret pc=0x000002bd2f162c4c method=com.sun.tools.javac.util.ArrayUtils.ensureCapacity([BI)[B @ 3 c2
Event: 33.419 Thread 0x000002bd1e319750 DEOPT PACKING pc=0x000002bd2f162c4c sp=0x000000fa143fb8c0
Event: 33.419 Thread 0x000002bd1e319750 DEOPT UNPACKING pc=0x000002bd2e9223a3 sp=0x000000fa143fb7e8 mode 2
Event: 33.441 Thread 0x000002bd1e319750 Uncommon trap: trap_request=0xffffff45 fr.pc=0x000002bd2f170bb8 relative=0x0000000000000118
Event: 33.441 Thread 0x000002bd1e319750 Uncommon trap: reason=unstable_if action=reinterpret pc=0x000002bd2f170bb8 method=com.sun.tools.javac.code.Scope$ScopeImpl.getIndex(Lcom/sun/tools/javac/util/Name;)I @ 60 c2
Event: 33.441 Thread 0x000002bd1e319750 DEOPT PACKING pc=0x000002bd2f170bb8 sp=0x000000fa143fc630
Event: 33.441 Thread 0x000002bd1e319750 DEOPT UNPACKING pc=0x000002bd2e9223a3 sp=0x000000fa143fc5a0 mode 2
Event: 33.967 Thread 0x000002bd1e319750 DEOPT PACKING pc=0x000002bd27d5f0bc sp=0x000000fa143fc6d0
Event: 33.967 Thread 0x000002bd1e319750 DEOPT UNPACKING pc=0x000002bd2e922b43 sp=0x000000fa143fbc50 mode 0
Event: 34.071 Thread 0x000002bd1e319750 Uncommon trap: trap_request=0xffffff45 fr.pc=0x000002bd2f1068c8 relative=0x0000000000000048
Event: 34.071 Thread 0x000002bd1e319750 Uncommon trap: reason=unstable_if action=reinterpret pc=0x000002bd2f1068c8 method=com.sun.tools.javac.util.ArrayUtils.ensureCapacity([BI)[B @ 3 c2
Event: 34.071 Thread 0x000002bd1e319750 DEOPT PACKING pc=0x000002bd2f1068c8 sp=0x000000fa143fc1c0
Event: 34.071 Thread 0x000002bd1e319750 DEOPT UNPACKING pc=0x000002bd2e9223a3 sp=0x000000fa143fc138 mode 2

Classes unloaded (0 events):
No events

Classes redefined (0 events):
No events

Internal exceptions (20 events):
Event: 34.371 Thread 0x000002bd1e319750 Exception <a 'sun/nio/fs/WindowsException'{0x00000000885e2e80}> (0x00000000885e2e80) 
thrown [s\open\src\hotspot\share\prims\jni.cpp, line 516]
Event: 34.371 Thread 0x000002bd1e319750 Exception <a 'sun/nio/fs/WindowsException'{0x00000000885e3180}> (0x00000000885e3180) 
thrown [s\open\src\hotspot\share\prims\jni.cpp, line 516]
Event: 34.372 Thread 0x000002bd1e319750 Exception <a 'sun/nio/fs/WindowsException'{0x00000000885e84a8}> (0x00000000885e84a8) 
thrown [s\open\src\hotspot\share\prims\jni.cpp, line 516]
Event: 34.372 Thread 0x000002bd1e319750 Exception <a 'sun/nio/fs/WindowsException'{0x00000000885e8760}> (0x00000000885e8760) 
thrown [s\open\src\hotspot\share\prims\jni.cpp, line 516]
Event: 34.373 Thread 0x000002bd1e319750 Exception <a 'sun/nio/fs/WindowsException'{0x00000000885e9d50}> (0x00000000885e9d50) 
thrown [s\open\src\hotspot\share\prims\jni.cpp, line 516]
Event: 34.373 Thread 0x000002bd1e319750 Exception <a 'sun/nio/fs/WindowsException'{0x00000000885ea050}> (0x00000000885ea050) 
thrown [s\open\src\hotspot\share\prims\jni.cpp, line 516]
Event: 34.373 Thread 0x000002bd1e319750 Exception <a 'sun/nio/fs/WindowsException'{0x00000000885eb500}> (0x00000000885eb500) 
thrown [s\open\src\hotspot\share\prims\jni.cpp, line 516]
Event: 34.373 Thread 0x000002bd1e319750 Exception <a 'sun/nio/fs/WindowsException'{0x00000000885eb888}> (0x00000000885eb888) 
thrown [s\open\src\hotspot\share\prims\jni.cpp, line 516]
Event: 34.374 Thread 0x000002bd1e319750 Exception <a 'sun/nio/fs/WindowsException'{0x00000000885ed790}> (0x00000000885ed790) 
thrown [s\open\src\hotspot\share\prims\jni.cpp, line 516]
Event: 34.374 Thread 0x000002bd1e319750 Exception <a 'sun/nio/fs/WindowsException'{0x00000000885edac0}> (0x00000000885edac0) 
thrown [s\open\src\hotspot\share\prims\jni.cpp, line 516]
Event: 34.375 Thread 0x000002bd1e319750 Exception <a 'sun/nio/fs/WindowsException'{0x00000000885f0310}> (0x00000000885f0310) 
thrown [s\open\src\hotspot\share\prims\jni.cpp, line 516]
Event: 34.375 Thread 0x000002bd1e319750 Exception <a 'sun/nio/fs/WindowsException'{0x00000000885f05f8}> (0x00000000885f05f8) 
thrown [s\open\src\hotspot\share\prims\jni.cpp, line 516]
Event: 34.376 Thread 0x000002bd1e319750 Exception <a 'sun/nio/fs/WindowsException'{0x00000000885f1c60}> (0x00000000885f1c60) 
thrown [s\open\src\hotspot\share\prims\jni.cpp, line 516]
Event: 34.376 Thread 0x000002bd1e319750 Exception <a 'sun/nio/fs/WindowsException'{0x00000000885f1f90}> (0x00000000885f1f90) 
thrown [s\open\src\hotspot\share\prims\jni.cpp, line 516]
Event: 34.376 Thread 0x000002bd1e319750 Exception <a 'sun/nio/fs/WindowsException'{0x00000000885f3470}> (0x00000000885f3470) 
thrown [s\open\src\hotspot\share\prims\jni.cpp, line 516]
Event: 34.377 Thread 0x000002bd1e319750 Exception <a 'sun/nio/fs/WindowsException'{0x00000000885f3828}> (0x00000000885f3828) 
thrown [s\open\src\hotspot\share\prims\jni.cpp, line 516]
Event: 34.377 Thread 0x000002bd1e319750 Exception <a 'sun/nio/fs/WindowsException'{0x00000000885f58f0}> (0x00000000885f58f0) 
thrown [s\open\src\hotspot\share\prims\jni.cpp, line 516]
Event: 34.377 Thread 0x000002bd1e319750 Exception <a 'sun/nio/fs/WindowsException'{0x00000000885f5c48}> (0x00000000885f5c48) 
thrown [s\open\src\hotspot\share\prims\jni.cpp, line 516]
Event: 34.378 Thread 0x000002bd1e319750 Exception <a 'sun/nio/fs/WindowsException'{0x00000000885f9e88}> (0x00000000885f9e88) 
thrown [s\open\src\hotspot\share\prims\jni.cpp, line 516]
Event: 34.378 Thread 0x000002bd1e319750 Exception <a 'sun/nio/fs/WindowsException'{0x00000000885fa188}> (0x00000000885fa188) 
thrown [s\open\src\hotspot\share\prims\jni.cpp, line 516]

VM Operations (20 events):
Event: 32.043 Executing VM operation: HandshakeAllThreads
Event: 32.043 Executing VM operation: HandshakeAllThreads done
Event: 32.767 Executing VM operation: HandshakeAllThreads
Event: 32.768 Executing VM operation: HandshakeAllThreads done
Event: 32.768 Executing VM operation: Cleanup
Event: 32.768 Executing VM operation: Cleanup done
Event: 33.219 Executing VM operation: G1CollectForAllocation
Event: 33.235 Executing VM operation: G1CollectForAllocation done
Event: 33.281 Executing VM operation: HandshakeAllThreads
Event: 33.344 Executing VM operation: HandshakeAllThreads done
Event: 33.344 Executing VM operation: G1Concurrent
Event: 33.366 Executing VM operation: G1Concurrent done
Event: 33.370 Executing VM operation: HandshakeAllThreads
Event: 33.370 Executing VM operation: HandshakeAllThreads done
Event: 33.386 Executing VM operation: HandshakeAllThreads
Event: 33.386 Executing VM operation: HandshakeAllThreads done
Event: 33.414 Executing VM operation: G1Concurrent
Event: 33.415 Executing VM operation: G1Concurrent done
Event: 33.445 Executing VM operation: HandshakeAllThreads
Event: 33.445 Executing VM operation: HandshakeAllThreads done

Events (20 events):
Event: 33.397 Thread 0x000002bd3d96e8a0 flushing nmethod 0x000002bd27e81c90
Event: 33.397 Thread 0x000002bd3d96e8a0 flushing nmethod 0x000002bd27e83b90
Event: 33.397 Thread 0x000002bd3d96e8a0 flushing nmethod 0x000002bd27e87f90
Event: 33.397 Thread 0x000002bd3d96e8a0 flushing nmethod 0x000002bd27e93210
Event: 33.397 Thread 0x000002bd3d96e8a0 flushing nmethod 0x000002bd27e93810
Event: 33.397 Thread 0x000002bd3d96e8a0 flushing nmethod 0x000002bd27e9e490
Event: 33.397 Thread 0x000002bd3d96e8a0 flushing nmethod 0x000002bd27eac910
Event: 33.397 Thread 0x000002bd3d96e8a0 flushing nmethod 0x000002bd27ead290
Event: 33.397 Thread 0x000002bd3d96e8a0 flushing nmethod 0x000002bd27eafe10
Event: 33.397 Thread 0x000002bd3d96e8a0 flushing nmethod 0x000002bd27eb9c10
Event: 33.397 Thread 0x000002bd3d96e8a0 flushing nmethod 0x000002bd27ec1690
Event: 33.397 Thread 0x000002bd3d96e8a0 flushing nmethod 0x000002bd27ec4a10
Event: 33.397 Thread 0x000002bd3d96e8a0 flushing nmethod 0x000002bd27ec7d90
Event: 33.397 Thread 0x000002bd3d96e8a0 flushing nmethod 0x000002bd27ecb090
Event: 33.397 Thread 0x000002bd3d96e8a0 flushing nmethod 0x000002bd27ed1110
Event: 33.397 Thread 0x000002bd3d96e8a0 flushing nmethod 0x000002bd27ed6190
Event: 33.397 Thread 0x000002bd3d96e8a0 flushing nmethod 0x000002bd27eff010
Event: 33.397 Thread 0x000002bd3d96e8a0 flushing nmethod 0x000002bd27f08210
Event: 33.398 Thread 0x000002bd3d96e8a0 flushing nmethod 0x000002bd27f32a90
Event: 33.398 Thread 0x000002bd3d96e8a0 flushing nmethod 0x000002bd27f3d790


Dynamic libraries:
0x00007ff66f470000 - 0x00007ff66f480000 	C:\Program Files\Java\jdk-17\bin\java.exe
0x00007ffcef410000 - 0x00007ffcef608000 	C:\WINDOWS\SYSTEM32\ntdll.dll
0x00007ffced430000 - 0x00007ffced4f2000 	C:\WINDOWS\System32\KERNEL32.DLL
0x00007ffced090000 - 0x00007ffced38f000 	C:\WINDOWS\System32\KERNELBASE.dll
0x00007ffcecd70000 - 0x00007ffcece70000 	C:\WINDOWS\System32\ucrtbase.dll
0x00007ffce54a0000 - 0x00007ffce54b9000 	C:\Program Files\Java\jdk-17\bin\jli.dll
0x00007ffcef1c0000 - 0x00007ffcef26f000 	C:\WINDOWS\System32\ADVAPI32.dll
0x00007ffcef040000 - 0x00007ffcef0de000 	C:\WINDOWS\System32\msvcrt.dll
0x00007ffcef330000 - 0x00007ffcef3cf000 	C:\WINDOWS\System32\sechost.dll
0x00007ffceee20000 - 0x00007ffceef43000 	C:\WINDOWS\System32\RPCRT4.dll
0x00007ffcecab0000 - 0x00007ffcecad7000 	C:\WINDOWS\System32\bcrypt.dll
0x00007ffcedf90000 - 0x00007ffcee12d000 	C:\WINDOWS\System32\USER32.dll
0x00007ffcecd40000 - 0x00007ffcecd62000 	C:\WINDOWS\System32\win32u.dll
0x00007ffcee840000 - 0x00007ffcee86b000 	C:\WINDOWS\System32\GDI32.dll
0x00007ffcecf00000 - 0x00007ffced01a000 	C:\WINDOWS\System32\gdi32full.dll
0x00007ffced390000 - 0x00007ffced42d000 	C:\WINDOWS\System32\msvcp_win.dll
0x00007ffcd91c0000 - 0x00007ffcd91db000 	C:\Program Files\Java\jdk-17\bin\VCRUNTIME140.dll
0x00007ffcd91e0000 - 0x00007ffcd947a000 	C:\WINDOWS\WinSxS\amd64_microsoft.windows.common-controls_6595b64144ccf1df_6.0.19041.4355_none_60b8b9eb71f62e16\COMCTL32.dll
0x00007ffcdf2e0000 - 0x00007ffcdf2ea000 	C:\WINDOWS\SYSTEM32\VERSION.dll
0x00007ffcef300000 - 0x00007ffcef32f000 	C:\WINDOWS\System32\IMM32.DLL
0x00007ffce5690000 - 0x00007ffce569c000 	C:\Program Files\Java\jdk-17\bin\vcruntime140_1.dll
0x00007ffcd8bf0000 - 0x00007ffcd8c7e000 	C:\Program Files\Java\jdk-17\bin\msvcp140.dll
0x00007ffc784a0000 - 0x00007ffc7907d000 	C:\Program Files\Java\jdk-17\bin\server\jvm.dll
0x00007ffcee830000 - 0x00007ffcee838000 	C:\WINDOWS\System32\PSAPI.DLL
0x00007ffcdccd0000 - 0x00007ffcdccd9000 	C:\WINDOWS\SYSTEM32\WSOCK32.dll
0x00007ffcee610000 - 0x00007ffcee67b000 	C:\WINDOWS\System32\WS2_32.dll
0x00007ffcdce70000 - 0x00007ffcdce97000 	C:\WINDOWS\SYSTEM32\WINMM.dll
0x00007ffceb2e0000 - 0x00007ffceb2f2000 	C:\WINDOWS\SYSTEM32\kernel.appcore.dll
0x00007ffce5610000 - 0x00007ffce561a000 	C:\Program Files\Java\jdk-17\bin\jimage.dll
0x00007ffceae00000 - 0x00007ffceafe4000 	C:\WINDOWS\SYSTEM32\DBGHELP.DLL
0x00007ffcdad60000 - 0x00007ffcdad94000 	C:\WINDOWS\SYSTEM32\dbgcore.DLL
0x00007ffcece70000 - 0x00007ffcecef2000 	C:\WINDOWS\System32\bcryptPrimitives.dll
0x00007ffcd87c0000 - 0x00007ffcd87ce000 	C:\Program Files\Java\jdk-17\bin\instrument.dll
0x00007ffcd8000000 - 0x00007ffcd8025000 	C:\Program Files\Java\jdk-17\bin\java.dll
0x00007ffcc5ad0000 - 0x00007ffcc5ba7000 	C:\Program Files\Java\jdk-17\bin\jsvml.dll
0x00007ffced6b0000 - 0x00007ffcede1d000 	C:\WINDOWS\System32\SHELL32.dll
0x00007ffce9ce0000 - 0x00007ffcea484000 	C:\WINDOWS\SYSTEM32\windows.storage.dll
0x00007ffcee130000 - 0x00007ffcee485000 	C:\WINDOWS\System32\combase.dll
0x00007ffcec400000 - 0x00007ffcec42b000 	C:\WINDOWS\SYSTEM32\Wldp.dll
0x00007ffcef0e0000 - 0x00007ffcef1ad000 	C:\WINDOWS\System32\OLEAUT32.dll
0x00007ffcedee0000 - 0x00007ffcedf8d000 	C:\WINDOWS\System32\SHCORE.dll
0x00007ffcee490000 - 0x00007ffcee4e5000 	C:\WINDOWS\System32\shlwapi.dll
0x00007ffcec9e0000 - 0x00007ffceca05000 	C:\WINDOWS\SYSTEM32\profapi.dll
0x00007ffcd8bd0000 - 0x00007ffcd8be8000 	C:\Program Files\Java\jdk-17\bin\zip.dll
0x00007ffcd91a0000 - 0x00007ffcd91b9000 	C:\Program Files\Java\jdk-17\bin\net.dll
0x00007ffce4300000 - 0x00007ffce440a000 	C:\WINDOWS\SYSTEM32\WINHTTP.dll
0x00007ffcec1e0000 - 0x00007ffcec24c000 	C:\WINDOWS\system32\mswsock.dll
0x00007ffcd9180000 - 0x00007ffcd9196000 	C:\Program Files\Java\jdk-17\bin\nio.dll
0x00007ffcc5ab0000 - 0x00007ffcc5aca000 	C:\Program Files\JetBrains\IntelliJ IDEA Community Edition 2024.1.4\bin\breakgen64.dll
0x0000000069ac0000 - 0x0000000069ae4000 	C:\Users\SERIGNE M  DIOUF\AppData\Local\Temp\jansi-2.4.0-3a5db33336e9cace-jansi.dll
0x00007ffcd8bc0000 - 0x00007ffcd8bd0000 	C:\Program Files\Java\jdk-17\bin\verify.dll

dbghelp: loaded successfully - version: 4.0.5 - missing functions: none
symbol engine: initialized successfully - sym options: 0x614 - pdb path: .;C:\Program Files\Java\jdk-17\bin;C:\WINDOWS\SYSTEM32;C:\WINDOWS\WinSxS\amd64_microsoft.windows.common-controls_6595b64144ccf1df_6.0.19041.4355_none_60b8b9eb71f62e16;C:\Program Files\Java\jdk-17\bin\server;C:\Program Files\JetBrains\IntelliJ IDEA Community Edition 2024.1.4\bin;C:\Users\SERIGNE M  DIOUF\AppData\Local\Temp

VM Arguments:
jvm_args: -Dmaven.multiModuleProjectDirectory=C:\devops\devopsgitaction\microservice-gestion-prof -Djansi.passthrough=true -Dmaven.home=C:\Users\SERIGNE M  DIOUF\.m2\wrapper\dists\apache-maven-3.8.5-bin\5i5jha092a3i37g0paqnfr15e0\apache-maven-3.8.5 -Dclassworlds.conf=C:\Users\SERIGNE M  DIOUF\.m2\wrapper\dists\apache-maven-3.8.5-bin\5i5jha092a3i37g0paqnfr15e0\apache-maven-3.8.5\bin\m2.conf -Dmaven.ext.class.path=C:\Program Files\JetBrains\IntelliJ IDEA Community Edition 2024.1.4\plugins\maven\lib\maven-event-listener.jar -javaagent:C:\Program Files\JetBrains\IntelliJ IDEA Community Edition 2024.1.4\lib\idea_rt.jar=51649:C:\Program Files\JetBrains\IntelliJ IDEA Community Edition 2024.1.4\bin -Dfile.encoding=UTF-8 
java_command: org.codehaus.classworlds.Launcher -Didea.version=2024.1.4 clean package
java_class_path (initial): C:\Users\SERIGNE M  DIOUF\.m2\wrapper\dists\apache-maven-3.8.5-bin\5i5jha092a3i37g0paqnfr15e0\apache-maven-3.8.5\boot\plexus-classworlds-2.6.0.jar;C:\Users\SERIGNE M  DIOUF\.m2\wrapper\dists\apache-maven-3.8.5-bin\5i5jha092a3i37g0paqnfr15e0\apache-maven-3.8.5\boot\plexus-classworlds.license
Launcher Type: SUN_STANDARD

[Global flags]
     intx CICompilerCount                          = 3                                         {product} {ergonomic}
     uint ConcGCThreads                            = 1                                         {product} {ergonomic}
     uint G1ConcRefinementThreads                  = 4                                         {product} {ergonomic}
   size_t G1HeapRegionSize                         = 1048576                                   {product} {ergonomic}
    uintx GCDrainStackTargetSize                   = 64                                        {product} {ergonomic}
   size_t InitialHeapSize                          = 130023424                                 {product} {ergonomic}
   size_t MarkStackSize                            = 4194304                                   {product} {ergonomic}
   size_t MaxHeapSize                              = 2065694720                                {product} {ergonomic}
   size_t MaxNewSize                               = 1239416832                                {product} {ergonomic}
   size_t MinHeapDeltaBytes                        = 1048576                                   {product} {ergonomic}
   size_t MinHeapSize                              = 8388608                                   {product} {ergonomic}
    uintx NonNMethodCodeHeapSize                   = 5832780                                {pd product} {ergonomic}
    uintx NonProfiledCodeHeapSize                  = 122912730                              {pd product} {ergonomic}
    uintx ProfiledCodeHeapSize                     = 122912730                              {pd product} {ergonomic}
    uintx ReservedCodeCacheSize                    = 251658240                              {pd product} {ergonomic}
     bool SegmentedCodeCache                       = true                                      {product} {ergonomic}
   size_t SoftMaxHeapSize                          = 2065694720                             {manageable} {ergonomic}
     bool UseCompressedClassPointers               = true                           {product lp64_product} {ergonomic}
     bool UseCompressedOops                        = true                           {product lp64_product} {ergonomic}
     bool UseG1GC                                  = true                                      {product} {ergonomic}
     bool UseLargePagesIndividualAllocation        = false                                  {pd product} {ergonomic}

Logging:
Log output configuration:
 #0: stdout all=warning uptime,level,tags
 #1: stderr all=off uptime,level,tags

Environment Variables:
JAVA_HOME=C:\Program Files\Java\jdk-17
PATH=C:\Program Files\Common Files\Oracle\Java\javapath;C:\WINDOWS\system32;C:\WINDOWS;C:\WINDOWS\System32\Wbem;C:\WINDOWS\System32\WindowsPowerShell\v1.0\;C:\WINDOWS\System32\OpenSSH\;C:\xampp\php;C:\Program Files\Microsoft SQL Server\150\Tools\Binn\;C:\Program Files\Microsoft SQL Server\Client SDK\ODBC\170\Tools\Binn\;C:\Program Files\Azure Data Studio\bin;C:\Program Files\Git\cmd;C:\Program Files (x86)\Microsoft SQL Server\160\Tools\Binn\;C:\Program Files\Microsoft SQL Server\160\Tools\Binn\;C:\Program Files\Microsoft SQL Server\160\DTS\Binn\;C:\ProgramData\ComposerSetup\bin;C:\Users\SERIGNE M  DIOUF\AppData\Roaming\Microsoft\Windows\Start Menu\Programs\Python 3.11;C:\Users\SERIGNE M  DIOUF\AppData\Roaming\Microsoft\Windows\Start Menu\Programs\Python 3.11;C:\Windows\System32\cmd.exe;C:\Users\SERIGNE M  DIOUF\AppData\Local\Programs\Python\Python311;C:\ProgramData\chocolatey\bin;C:\Program Files\nodejs\;;C:\Program Files (x86)\Certbot\bin;C:\Program Files\Docker\Docker\resources\bin;C:\Program Files\dotnet\;C:\Program Files\Amazon\AWSCLIV2\;C:\Users\SERIGNE M  DIOUF\AppData\Local\Microsoft\WindowsApps;C:\Users\SERIGNE M  DIOUF\AppData\Local\Programs\Microsoft VS Code\bin;C:\Users\SERIGNE M  DIOUF\AppData\Roaming\Composer\vendor\bin;C:\ProgramData\Microsoft\Windows\Start Menu\Programs\Node.js;C:\Users\SERIGNE M  DIOUF\AppData\Roaming\npm;C:\Program Files\JetBrains\IntelliJ IDEA 2022.1\bin;C:\Users\SERIGNE M  DIOUF\.dotnet\tools;C:\Users\SERIGNE M  DIOUF\AppData\Local\Programs\cursor\resources\app\bin;C:\flutter\bin;C:\Program Files\terraform;;C:\Program Files\terraform;C:\Users\SERIGNE M  DIOUF\AppData\Local\Microsoft\WindowsApps;C:\Users\SERIGNE M  DIOUF\AppData\Local\Programs\Microsoft VS Code\bin;C:\Program Files\Azure Data Studio\bin;C:\Users\SERIGNE M  DIOUF\AppData\Roaming\Composer\vendor\bin;C:\Users\SERIGNE M  DIOUF\AppData\Roaming\Microsoft\Windows\Start Menu\Programs\Python 3.11;C:\Users\SERIGNE M  DIOUF\AppData\Roaming\Microsoft\Windows\Start Menu\Programs\P
USERNAME=SERIGNE M  DIOUF
OS=Windows_NT
PROCESSOR_IDENTIFIER=Intel64 Family 6 Model 69 Stepping 1, GenuineIntel



---------------  S Y S T E M  ---------------

OS:
 Windows 10 , 64 bit Build 19041 (10.0.19041.5438)
OS uptime: 0 days 8:15 hours
Hyper-V role detected

CPU: total 4 (initial active 4) (2 cores per cpu, 2 threads per core) family 6 model 69 stepping 1 microcode 0x25, cx8, cmov, fxsr, ht, mmx, sse, sse2, sse3, ssse3, sse4.1, sse4.2, popcnt, lzcnt, tsc, tscinvbit, avx, avx2, aes, erms, clmul, bmi1, bmi2, fma, vzeroupper, clflush, hv

Memory: 4k page, system-wide physical 7879M (290M free)
TotalPageFile size 12406M (AvailPageFile size 5M)
current process WorkingSet (physical memory assigned to process): 198M, peak: 201M
current process commit charge ("private bytes"): 229M, peak: 247M

vm_info: Java HotSpot(TM) 64-Bit Server VM (17.0.7+8-LTS-224) for windows-amd64 JRE (17.0.7+8-LTS-224), built on Feb 28 2023 23:03:02 by "mach5one" with MS VC++ 17.1 (VS2022)

END.
