#
# There is insufficient memory for the Java Runtime Environment to continue.
# Native memory allocation (malloc) failed to allocate 915856 bytes for Chunk::new
# Possible reasons:
#   The system is out of physical RAM or swap space
#   The process is running with CompressedOops enabled, and the Java Heap may be blocking the growth of the native heap
# Possible solutions:
#   Reduce memory load on the system
#   Increase physical memory or swap space
#   Check if swap backing store is full
#   Decrease Java heap size (-Xmx/-Xms)
#   Decrease number of Java threads
#   Decrease Java thread stack sizes (-Xss)
#   Set larger code cache with -XX:ReservedCodeCacheSize=
#   JVM is running with Unscaled Compressed Oops mode in which the Java heap is
#     placed in the first 4GB address space. The Java Heap base address is the
#     maximum limit for the native heap growth. Please use -XX:HeapBaseMinAddress
#     to set the Java Heap base and to place the Java Heap above 4GB virtual address.
# This output file may be truncated or incomplete.
#
#  Out of Memory Error (arena.cpp:189), pid=7252, tid=13608
#
# JRE version: Java(TM) SE Runtime Environment (17.0.7+8) (build 17.0.7+8-LTS-224)
# Java VM: Java HotSpot(TM) 64-Bit Server VM (17.0.7+8-LTS-224, mixed mode, sharing, tiered, compressed oops, compressed class ptrs, g1 gc, windows-amd64)
# No core dump will be written. Minidumps are not enabled by default on client versions of Windows
#

---------------  S U M M A R Y ------------

Command Line: -Dmaven.multiModuleProjectDirectory=C:\devops\devopsgitaction\microservice-gestion-cours -Djansi.passthrough=true -Dmaven.home=C:\Users\SERIGNE M  DIOUF\.m2\wrapper\dists\apache-maven-3.8.5-bin\5i5jha092a3i37g0paqnfr15e0\apache-maven-3.8.5 -Dclassworlds.conf=C:\Users\SERIGNE M  DIOUF\.m2\wrapper\dists\apache-maven-3.8.5-bin\5i5jha092a3i37g0paqnfr15e0\apache-maven-3.8.5\bin\m2.conf -Dmaven.ext.class.path=C:\Program Files\JetBrains\IntelliJ IDEA Community Edition 2024.1.4\plugins\maven\lib\maven-event-listener.jar -javaagent:C:\Program Files\JetBrains\IntelliJ IDEA Community Edition 2024.1.4\lib\idea_rt.jar=51912:C:\Program Files\JetBrains\IntelliJ IDEA Community Edition 2024.1.4\bin -Dfile.encoding=UTF-8 org.codehaus.classworlds.Launcher -Didea.version=2024.1.4 clean package

Host: Intel(R) Core(TM) i5-4300U CPU @ 1.90GHz, 4 cores, 7G,  Windows 10 , 64 bit Build 19041 (10.0.19041.5438)
Time: Sun Mar 16 11:48:40 2025 Greenwich elapsed time: 17.845643 seconds (0d 0h 0m 17s)

---------------  T H R E A D  ---------------

Current thread (0x000001457fbee4c0):  JavaThread "C2 CompilerThread0" daemon [_thread_in_native, id=13608, stack(0x000000027b400000,0x000000027b500000)]


Current CompileTask:
C2:  17845 4018       4       org.apache.maven.model.inheritance.DefaultInheritanceAssembler$InheritanceModelMerger::mergePluginContainer_Plugins (430 bytes)

Stack: [0x000000027b400000,0x000000027b500000]
Native frames: (J=compiled Java code, j=interpreted, Vv=VM code, C=native code)
V  [jvm.dll+0x676a4a]
V  [jvm.dll+0x7d74f4]
V  [jvm.dll+0x7d8c9e]
V  [jvm.dll+0x7d9303]
V  [jvm.dll+0x2452c5]
V  [jvm.dll+0xaaa2b]
V  [jvm.dll+0xaafcc]
V  [jvm.dll+0x2aac2f]
V  [jvm.dll+0x57f375]
V  [jvm.dll+0x2205f2]
V  [jvm.dll+0x2209cf]
V  [jvm.dll+0x219926]
V  [jvm.dll+0x216df9]
V  [jvm.dll+0x1a35e0]
V  [jvm.dll+0x226a6e]
V  [jvm.dll+0x224e15]
V  [jvm.dll+0x78d05c]
V  [jvm.dll+0x78759a]
V  [jvm.dll+0x675875]
C  [ucrtbase.dll+0x21bb2]
C  [KERNEL32.DLL+0x17374]
C  [ntdll.dll+0x4cc91]


---------------  P R O C E S S  ---------------

Threads class SMR info:
_java_thread_list=0x0000014510a20530, length=13, elements={
0x000001456f62a4d0, 0x000001457fbd7480, 0x000001457fbd8890, 0x000001457fbeba20,
0x000001457fbec3d0, 0x000001457fbecd80, 0x000001457fbed730, 0x000001457fbee4c0,
0x000001457fbeef60, 0x000001457fbfc100, 0x000001457fbbfa90, 0x000001450f968070,
0x000001450f968540
}

Java Threads: ( => current thread )
  0x000001456f62a4d0 JavaThread "main" [_thread_in_native, id=1736, stack(0x000000027a700000,0x000000027a800000)]
  0x000001457fbd7480 JavaThread "Reference Handler" daemon [_thread_blocked, id=17452, stack(0x000000027ae00000,0x000000027af00000)]
  0x000001457fbd8890 JavaThread "Finalizer" daemon [_thread_blocked, id=17736, stack(0x000000027af00000,0x000000027b000000)]
  0x000001457fbeba20 JavaThread "Signal Dispatcher" daemon [_thread_blocked, id=9660, stack(0x000000027b000000,0x000000027b100000)]
  0x000001457fbec3d0 JavaThread "Attach Listener" daemon [_thread_blocked, id=5524, stack(0x000000027b100000,0x000000027b200000)]
  0x000001457fbecd80 JavaThread "Service Thread" daemon [_thread_blocked, id=15676, stack(0x000000027b200000,0x000000027b300000)]
  0x000001457fbed730 JavaThread "Monitor Deflation Thread" daemon [_thread_blocked, id=7588, stack(0x000000027b300000,0x000000027b400000)]
=>0x000001457fbee4c0 JavaThread "C2 CompilerThread0" daemon [_thread_in_native, id=13608, stack(0x000000027b400000,0x000000027b500000)]
  0x000001457fbeef60 JavaThread "C1 CompilerThread0" daemon [_thread_blocked, id=3652, stack(0x000000027b500000,0x000000027b600000)]
  0x000001457fbfc100 JavaThread "Sweeper thread" daemon [_thread_blocked, id=18304, stack(0x000000027b600000,0x000000027b700000)]
  0x000001457fbbfa90 JavaThread "Common-Cleaner" daemon [_thread_blocked, id=4732, stack(0x000000027b700000,0x000000027b800000)]
  0x000001450f968070 JavaThread "Monitor Ctrl-Break" daemon [_thread_in_native, id=1980, stack(0x000000027b800000,0x000000027b900000)]
  0x000001450f968540 JavaThread "Notification Thread" daemon [_thread_blocked, id=7748, stack(0x000000027b900000,0x000000027ba00000)]

Other Threads:
  0x000001457fbd1520 VMThread "VM Thread" [stack: 0x000000027ad00000,0x000000027ae00000] [id=2200]
  0x000001456f62b480 WatcherThread [stack: 0x000000027ba00000,0x000000027bb00000] [id=5716]
  0x000001456f6813b0 GCTaskThread "GC Thread#0" [stack: 0x000000027a800000,0x000000027a900000] [id=18128]
  0x00000145103df040 GCTaskThread "GC Thread#1" [stack: 0x000000027bb00000,0x000000027bc00000] [id=2052]
  0x0000014510136780 GCTaskThread "GC Thread#2" [stack: 0x000000027bc00000,0x000000027bd00000] [id=6900]
  0x00000145103dd500 GCTaskThread "GC Thread#3" [stack: 0x000000027bd00000,0x000000027be00000] [id=15660]
  0x000001456f692940 ConcurrentGCThread "G1 Main Marker" [stack: 0x000000027a900000,0x000000027aa00000] [id=16932]
  0x000001456f693350 ConcurrentGCThread "G1 Conc#0" [stack: 0x000000027aa00000,0x000000027ab00000] [id=15604]
  0x000001456f6fa400 ConcurrentGCThread "G1 Refine#0" [stack: 0x000000027ab00000,0x000000027ac00000] [id=17700]
  0x000001451036e850 ConcurrentGCThread "G1 Refine#1" [stack: 0x000000027be00000,0x000000027bf00000] [id=6796]
  0x000001456f6fbe30 ConcurrentGCThread "G1 Service" [stack: 0x000000027ac00000,0x000000027ad00000] [id=1064]

Threads with active compile tasks:
C2 CompilerThread0    17906 4018       4       org.apache.maven.model.inheritance.DefaultInheritanceAssembler$InheritanceModelMerger::mergePluginContainer_Plugins (430 bytes)

VM state: not at safepoint (normal execution)

VM Mutex/Monitor currently owned by a thread: None

Heap address: 0x0000000084e00000, size: 1970 MB, Compressed Oops mode: 32-bit

CDS archive(s) mapped at: [0x0000000800000000-0x0000000800bd0000-0x0000000800bd0000), size 12386304, SharedBaseAddress: 0x0000000800000000, ArchiveRelocationMode: 0.
Compressed class space mapped at: 0x0000000800c00000-0x0000000840c00000, reserved size: 1073741824
Narrow klass base: 0x0000000800000000, Narrow klass shift: 0, Narrow klass range: 0x100000000

GC Precious Log:
 CPUs: 4 total, 4 available
 Memory: 7879M
 Large Page Support: Disabled
 NUMA Support: Disabled
 Compressed Oops: Enabled (32-bit)
 Heap Region Size: 1M
 Heap Min Capacity: 8M
 Heap Initial Capacity: 124M
 Heap Max Capacity: 1970M
 Pre-touch: Disabled
 Parallel Workers: 4
 Concurrent Workers: 1
 Concurrent Refinement Workers: 4
 Periodic GC: Disabled

Heap:
 garbage-first heap   total 126976K, used 68297K [0x0000000084e00000, 0x0000000100000000)
  region size 1024K, 65 young (66560K), 10 survivors (10240K)
 Metaspace       used 14499K, committed 14656K, reserved 1064960K
  class space    used 1587K, committed 1664K, reserved 1048576K

Heap Regions: E=young(eden), S=young(survivor), O=old, HS=humongous(starts), HC=humongous(continues), CS=collection set, F=free, OA=open archive, CA=closed archive, TAMS=top-at-mark-start (previous, next)
|   0|0x0000000084e00000, 0x0000000084f00000, 0x0000000084f00000|100%| O|  |TAMS 0x0000000084e00000, 0x0000000084e00000| Untracked 
|   1|0x0000000084f00000, 0x0000000085000000, 0x0000000085000000|100%| O|  |TAMS 0x0000000084f00000, 0x0000000084f00000| Untracked 
|   2|0x0000000085000000, 0x0000000085100000, 0x0000000085100000|100%| O|  |TAMS 0x0000000085000000, 0x0000000085000000| Untracked 
|   3|0x0000000085100000, 0x0000000085185200, 0x0000000085200000| 52%| O|  |TAMS 0x0000000085100000, 0x0000000085100000| Untracked 
|   4|0x0000000085200000, 0x0000000085200000, 0x0000000085300000|  0%| F|  |TAMS 0x0000000085200000, 0x0000000085200000| Untracked 
|   5|0x0000000085300000, 0x0000000085300000, 0x0000000085400000|  0%| F|  |TAMS 0x0000000085300000, 0x0000000085300000| Untracked 
|   6|0x0000000085400000, 0x0000000085400000, 0x0000000085500000|  0%| F|  |TAMS 0x0000000085400000, 0x0000000085400000| Untracked 
|   7|0x0000000085500000, 0x0000000085500000, 0x0000000085600000|  0%| F|  |TAMS 0x0000000085500000, 0x0000000085500000| Untracked 
|   8|0x0000000085600000, 0x0000000085600000, 0x0000000085700000|  0%| F|  |TAMS 0x0000000085600000, 0x0000000085600000| Untracked 
|   9|0x0000000085700000, 0x0000000085700000, 0x0000000085800000|  0%| F|  |TAMS 0x0000000085700000, 0x0000000085700000| Untracked 
|  10|0x0000000085800000, 0x0000000085800000, 0x0000000085900000|  0%| F|  |TAMS 0x0000000085800000, 0x0000000085800000| Untracked 
|  11|0x0000000085900000, 0x0000000085900000, 0x0000000085a00000|  0%| F|  |TAMS 0x0000000085900000, 0x0000000085900000| Untracked 
|  12|0x0000000085a00000, 0x0000000085a00000, 0x0000000085b00000|  0%| F|  |TAMS 0x0000000085a00000, 0x0000000085a00000| Untracked 
|  13|0x0000000085b00000, 0x0000000085b00000, 0x0000000085c00000|  0%| F|  |TAMS 0x0000000085b00000, 0x0000000085b00000| Untracked 
|  14|0x0000000085c00000, 0x0000000085c00000, 0x0000000085d00000|  0%| F|  |TAMS 0x0000000085c00000, 0x0000000085c00000| Untracked 
|  15|0x0000000085d00000, 0x0000000085d00000, 0x0000000085e00000|  0%| F|  |TAMS 0x0000000085d00000, 0x0000000085d00000| Untracked 
|  16|0x0000000085e00000, 0x0000000085e00000, 0x0000000085f00000|  0%| F|  |TAMS 0x0000000085e00000, 0x0000000085e00000| Untracked 
|  17|0x0000000085f00000, 0x0000000085f00000, 0x0000000086000000|  0%| F|  |TAMS 0x0000000085f00000, 0x0000000085f00000| Untracked 
|  18|0x0000000086000000, 0x0000000086000000, 0x0000000086100000|  0%| F|  |TAMS 0x0000000086000000, 0x0000000086000000| Untracked 
|  19|0x0000000086100000, 0x0000000086100000, 0x0000000086200000|  0%| F|  |TAMS 0x0000000086100000, 0x0000000086100000| Untracked 
|  20|0x0000000086200000, 0x0000000086200000, 0x0000000086300000|  0%| F|  |TAMS 0x0000000086200000, 0x0000000086200000| Untracked 
|  21|0x0000000086300000, 0x0000000086300000, 0x0000000086400000|  0%| F|  |TAMS 0x0000000086300000, 0x0000000086300000| Untracked 
|  22|0x0000000086400000, 0x0000000086400000, 0x0000000086500000|  0%| F|  |TAMS 0x0000000086400000, 0x0000000086400000| Untracked 
|  23|0x0000000086500000, 0x0000000086500000, 0x0000000086600000|  0%| F|  |TAMS 0x0000000086500000, 0x0000000086500000| Untracked 
|  24|0x0000000086600000, 0x0000000086600000, 0x0000000086700000|  0%| F|  |TAMS 0x0000000086600000, 0x0000000086600000| Untracked 
|  25|0x0000000086700000, 0x0000000086700000, 0x0000000086800000|  0%| F|  |TAMS 0x0000000086700000, 0x0000000086700000| Untracked 
|  26|0x0000000086800000, 0x0000000086800000, 0x0000000086900000|  0%| F|  |TAMS 0x0000000086800000, 0x0000000086800000| Untracked 
|  27|0x0000000086900000, 0x0000000086900000, 0x0000000086a00000|  0%| F|  |TAMS 0x0000000086900000, 0x0000000086900000| Untracked 
|  28|0x0000000086a00000, 0x0000000086a00000, 0x0000000086b00000|  0%| F|  |TAMS 0x0000000086a00000, 0x0000000086a00000| Untracked 
|  29|0x0000000086b00000, 0x0000000086b00000, 0x0000000086c00000|  0%| F|  |TAMS 0x0000000086b00000, 0x0000000086b00000| Untracked 
|  30|0x0000000086c00000, 0x0000000086c00000, 0x0000000086d00000|  0%| F|  |TAMS 0x0000000086c00000, 0x0000000086c00000| Untracked 
|  31|0x0000000086d00000, 0x0000000086d00000, 0x0000000086e00000|  0%| F|  |TAMS 0x0000000086d00000, 0x0000000086d00000| Untracked 
|  32|0x0000000086e00000, 0x0000000086e00000, 0x0000000086f00000|  0%| F|  |TAMS 0x0000000086e00000, 0x0000000086e00000| Untracked 
|  33|0x0000000086f00000, 0x0000000086f00000, 0x0000000087000000|  0%| F|  |TAMS 0x0000000086f00000, 0x0000000086f00000| Untracked 
|  34|0x0000000087000000, 0x0000000087000000, 0x0000000087100000|  0%| F|  |TAMS 0x0000000087000000, 0x0000000087000000| Untracked 
|  35|0x0000000087100000, 0x0000000087100000, 0x0000000087200000|  0%| F|  |TAMS 0x0000000087100000, 0x0000000087100000| Untracked 
|  36|0x0000000087200000, 0x0000000087200000, 0x0000000087300000|  0%| F|  |TAMS 0x0000000087200000, 0x0000000087200000| Untracked 
|  37|0x0000000087300000, 0x0000000087300000, 0x0000000087400000|  0%| F|  |TAMS 0x0000000087300000, 0x0000000087300000| Untracked 
|  38|0x0000000087400000, 0x0000000087400000, 0x0000000087500000|  0%| F|  |TAMS 0x0000000087400000, 0x0000000087400000| Untracked 
|  39|0x0000000087500000, 0x0000000087500000, 0x0000000087600000|  0%| F|  |TAMS 0x0000000087500000, 0x0000000087500000| Untracked 
|  40|0x0000000087600000, 0x000000008762d258, 0x0000000087700000| 17%| S|CS|TAMS 0x0000000087600000, 0x0000000087600000| Complete 
|  41|0x0000000087700000, 0x0000000087800000, 0x0000000087800000|100%| S|CS|TAMS 0x0000000087700000, 0x0000000087700000| Complete 
|  42|0x0000000087800000, 0x0000000087900000, 0x0000000087900000|100%| S|CS|TAMS 0x0000000087800000, 0x0000000087800000| Complete 
|  43|0x0000000087900000, 0x0000000087a00000, 0x0000000087a00000|100%| S|CS|TAMS 0x0000000087900000, 0x0000000087900000| Complete 
|  44|0x0000000087a00000, 0x0000000087b00000, 0x0000000087b00000|100%| S|CS|TAMS 0x0000000087a00000, 0x0000000087a00000| Complete 
|  45|0x0000000087b00000, 0x0000000087c00000, 0x0000000087c00000|100%| S|CS|TAMS 0x0000000087b00000, 0x0000000087b00000| Complete 
|  46|0x0000000087c00000, 0x0000000087d00000, 0x0000000087d00000|100%| S|CS|TAMS 0x0000000087c00000, 0x0000000087c00000| Complete 
|  47|0x0000000087d00000, 0x0000000087e00000, 0x0000000087e00000|100%| S|CS|TAMS 0x0000000087d00000, 0x0000000087d00000| Complete 
|  48|0x0000000087e00000, 0x0000000087f00000, 0x0000000087f00000|100%| S|CS|TAMS 0x0000000087e00000, 0x0000000087e00000| Complete 
|  49|0x0000000087f00000, 0x0000000088000000, 0x0000000088000000|100%| S|CS|TAMS 0x0000000087f00000, 0x0000000087f00000| Complete 
|  50|0x0000000088000000, 0x0000000088000000, 0x0000000088100000|  0%| F|  |TAMS 0x0000000088000000, 0x0000000088000000| Untracked 
|  51|0x0000000088100000, 0x0000000088100000, 0x0000000088200000|  0%| F|  |TAMS 0x0000000088100000, 0x0000000088100000| Untracked 
|  52|0x0000000088200000, 0x0000000088200000, 0x0000000088300000|  0%| F|  |TAMS 0x0000000088200000, 0x0000000088200000| Untracked 
|  53|0x0000000088300000, 0x0000000088300000, 0x0000000088400000|  0%| F|  |TAMS 0x0000000088300000, 0x0000000088300000| Untracked 
|  54|0x0000000088400000, 0x0000000088400000, 0x0000000088500000|  0%| F|  |TAMS 0x0000000088400000, 0x0000000088400000| Untracked 
|  55|0x0000000088500000, 0x0000000088500000, 0x0000000088600000|  0%| F|  |TAMS 0x0000000088500000, 0x0000000088500000| Untracked 
|  56|0x0000000088600000, 0x0000000088600000, 0x0000000088700000|  0%| F|  |TAMS 0x0000000088600000, 0x0000000088600000| Untracked 
|  57|0x0000000088700000, 0x0000000088700000, 0x0000000088800000|  0%| F|  |TAMS 0x0000000088700000, 0x0000000088700000| Untracked 
|  58|0x0000000088800000, 0x0000000088800000, 0x0000000088900000|  0%| F|  |TAMS 0x0000000088800000, 0x0000000088800000| Untracked 
|  59|0x0000000088900000, 0x0000000088900000, 0x0000000088a00000|  0%| F|  |TAMS 0x0000000088900000, 0x0000000088900000| Untracked 
|  60|0x0000000088a00000, 0x0000000088a00000, 0x0000000088b00000|  0%| F|  |TAMS 0x0000000088a00000, 0x0000000088a00000| Untracked 
|  61|0x0000000088b00000, 0x0000000088b00000, 0x0000000088c00000|  0%| F|  |TAMS 0x0000000088b00000, 0x0000000088b00000| Untracked 
|  62|0x0000000088c00000, 0x0000000088c00000, 0x0000000088d00000|  0%| F|  |TAMS 0x0000000088c00000, 0x0000000088c00000| Untracked 
|  63|0x0000000088d00000, 0x0000000088d00000, 0x0000000088e00000|  0%| F|  |TAMS 0x0000000088d00000, 0x0000000088d00000| Untracked 
|  64|0x0000000088e00000, 0x0000000088e00000, 0x0000000088f00000|  0%| F|  |TAMS 0x0000000088e00000, 0x0000000088e00000| Untracked 
|  65|0x0000000088f00000, 0x0000000088f00000, 0x0000000089000000|  0%| F|  |TAMS 0x0000000088f00000, 0x0000000088f00000| Untracked 
|  66|0x0000000089000000, 0x0000000089000000, 0x0000000089100000|  0%| F|  |TAMS 0x0000000089000000, 0x0000000089000000| Untracked 
|  67|0x0000000089100000, 0x0000000089100000, 0x0000000089200000|  0%| F|  |TAMS 0x0000000089100000, 0x0000000089100000| Untracked 
|  68|0x0000000089200000, 0x0000000089280800, 0x0000000089300000| 50%| E|  |TAMS 0x0000000089200000, 0x0000000089200000| Complete 
|  69|0x0000000089300000, 0x0000000089400000, 0x0000000089400000|100%| E|CS|TAMS 0x0000000089300000, 0x0000000089300000| Complete 
|  70|0x0000000089400000, 0x0000000089500000, 0x0000000089500000|100%| E|CS|TAMS 0x0000000089400000, 0x0000000089400000| Complete 
|  71|0x0000000089500000, 0x0000000089600000, 0x0000000089600000|100%| E|CS|TAMS 0x0000000089500000, 0x0000000089500000| Complete 
|  72|0x0000000089600000, 0x0000000089700000, 0x0000000089700000|100%| E|CS|TAMS 0x0000000089600000, 0x0000000089600000| Complete 
|  73|0x0000000089700000, 0x0000000089800000, 0x0000000089800000|100%| E|CS|TAMS 0x0000000089700000, 0x0000000089700000| Complete 
|  74|0x0000000089800000, 0x0000000089900000, 0x0000000089900000|100%| E|CS|TAMS 0x0000000089800000, 0x0000000089800000| Complete 
|  75|0x0000000089900000, 0x0000000089a00000, 0x0000000089a00000|100%| E|CS|TAMS 0x0000000089900000, 0x0000000089900000| Complete 
|  76|0x0000000089a00000, 0x0000000089b00000, 0x0000000089b00000|100%| E|CS|TAMS 0x0000000089a00000, 0x0000000089a00000| Complete 
|  77|0x0000000089b00000, 0x0000000089c00000, 0x0000000089c00000|100%| E|CS|TAMS 0x0000000089b00000, 0x0000000089b00000| Complete 
|  78|0x0000000089c00000, 0x0000000089d00000, 0x0000000089d00000|100%| E|CS|TAMS 0x0000000089c00000, 0x0000000089c00000| Complete 
|  79|0x0000000089d00000, 0x0000000089e00000, 0x0000000089e00000|100%| E|CS|TAMS 0x0000000089d00000, 0x0000000089d00000| Complete 
|  80|0x0000000089e00000, 0x0000000089f00000, 0x0000000089f00000|100%| E|CS|TAMS 0x0000000089e00000, 0x0000000089e00000| Complete 
|  81|0x0000000089f00000, 0x000000008a000000, 0x000000008a000000|100%| E|CS|TAMS 0x0000000089f00000, 0x0000000089f00000| Complete 
|  82|0x000000008a000000, 0x000000008a100000, 0x000000008a100000|100%| E|CS|TAMS 0x000000008a000000, 0x000000008a000000| Complete 
|  83|0x000000008a100000, 0x000000008a200000, 0x000000008a200000|100%| E|CS|TAMS 0x000000008a100000, 0x000000008a100000| Complete 
|  84|0x000000008a200000, 0x000000008a300000, 0x000000008a300000|100%| E|CS|TAMS 0x000000008a200000, 0x000000008a200000| Complete 
|  85|0x000000008a300000, 0x000000008a400000, 0x000000008a400000|100%| E|CS|TAMS 0x000000008a300000, 0x000000008a300000| Complete 
|  86|0x000000008a400000, 0x000000008a500000, 0x000000008a500000|100%| E|CS|TAMS 0x000000008a400000, 0x000000008a400000| Complete 
|  87|0x000000008a500000, 0x000000008a600000, 0x000000008a600000|100%| E|CS|TAMS 0x000000008a500000, 0x000000008a500000| Complete 
|  88|0x000000008a600000, 0x000000008a700000, 0x000000008a700000|100%| E|CS|TAMS 0x000000008a600000, 0x000000008a600000| Complete 
|  89|0x000000008a700000, 0x000000008a800000, 0x000000008a800000|100%| E|CS|TAMS 0x000000008a700000, 0x000000008a700000| Complete 
|  90|0x000000008a800000, 0x000000008a900000, 0x000000008a900000|100%| E|CS|TAMS 0x000000008a800000, 0x000000008a800000| Complete 
|  91|0x000000008a900000, 0x000000008aa00000, 0x000000008aa00000|100%| E|CS|TAMS 0x000000008a900000, 0x000000008a900000| Complete 
|  92|0x000000008aa00000, 0x000000008ab00000, 0x000000008ab00000|100%| E|CS|TAMS 0x000000008aa00000, 0x000000008aa00000| Complete 
|  93|0x000000008ab00000, 0x000000008ac00000, 0x000000008ac00000|100%| E|CS|TAMS 0x000000008ab00000, 0x000000008ab00000| Complete 
|  94|0x000000008ac00000, 0x000000008ad00000, 0x000000008ad00000|100%| E|CS|TAMS 0x000000008ac00000, 0x000000008ac00000| Complete 
|  95|0x000000008ad00000, 0x000000008ae00000, 0x000000008ae00000|100%| E|CS|TAMS 0x000000008ad00000, 0x000000008ad00000| Complete 
|  96|0x000000008ae00000, 0x000000008af00000, 0x000000008af00000|100%| E|CS|TAMS 0x000000008ae00000, 0x000000008ae00000| Complete 
|  97|0x000000008af00000, 0x000000008b000000, 0x000000008b000000|100%| E|CS|TAMS 0x000000008af00000, 0x000000008af00000| Complete 
|  98|0x000000008b000000, 0x000000008b100000, 0x000000008b100000|100%| E|CS|TAMS 0x000000008b000000, 0x000000008b000000| Complete 
|  99|0x000000008b100000, 0x000000008b200000, 0x000000008b200000|100%| E|CS|TAMS 0x000000008b100000, 0x000000008b100000| Complete 
| 100|0x000000008b200000, 0x000000008b300000, 0x000000008b300000|100%| E|CS|TAMS 0x000000008b200000, 0x000000008b200000| Complete 
| 101|0x000000008b300000, 0x000000008b400000, 0x000000008b400000|100%| E|CS|TAMS 0x000000008b300000, 0x000000008b300000| Complete 
| 102|0x000000008b400000, 0x000000008b500000, 0x000000008b500000|100%| E|CS|TAMS 0x000000008b400000, 0x000000008b400000| Complete 
| 103|0x000000008b500000, 0x000000008b600000, 0x000000008b600000|100%| E|CS|TAMS 0x000000008b500000, 0x000000008b500000| Complete 
| 104|0x000000008b600000, 0x000000008b700000, 0x000000008b700000|100%| E|CS|TAMS 0x000000008b600000, 0x000000008b600000| Complete 
| 105|0x000000008b700000, 0x000000008b800000, 0x000000008b800000|100%| E|CS|TAMS 0x000000008b700000, 0x000000008b700000| Complete 
| 106|0x000000008b800000, 0x000000008b900000, 0x000000008b900000|100%| E|CS|TAMS 0x000000008b800000, 0x000000008b800000| Complete 
| 107|0x000000008b900000, 0x000000008ba00000, 0x000000008ba00000|100%| E|CS|TAMS 0x000000008b900000, 0x000000008b900000| Complete 
| 108|0x000000008ba00000, 0x000000008bb00000, 0x000000008bb00000|100%| E|CS|TAMS 0x000000008ba00000, 0x000000008ba00000| Complete 
| 109|0x000000008bb00000, 0x000000008bc00000, 0x000000008bc00000|100%| E|CS|TAMS 0x000000008bb00000, 0x000000008bb00000| Complete 
| 110|0x000000008bc00000, 0x000000008bd00000, 0x000000008bd00000|100%| E|CS|TAMS 0x000000008bc00000, 0x000000008bc00000| Complete 
| 111|0x000000008bd00000, 0x000000008be00000, 0x000000008be00000|100%| E|CS|TAMS 0x000000008bd00000, 0x000000008bd00000| Complete 
| 112|0x000000008be00000, 0x000000008bf00000, 0x000000008bf00000|100%| E|CS|TAMS 0x000000008be00000, 0x000000008be00000| Complete 
| 113|0x000000008bf00000, 0x000000008c000000, 0x000000008c000000|100%| E|CS|TAMS 0x000000008bf00000, 0x000000008bf00000| Complete 
| 114|0x000000008c000000, 0x000000008c100000, 0x000000008c100000|100%| E|CS|TAMS 0x000000008c000000, 0x000000008c000000| Complete 
| 115|0x000000008c100000, 0x000000008c200000, 0x000000008c200000|100%| E|CS|TAMS 0x000000008c100000, 0x000000008c100000| Complete 
| 116|0x000000008c200000, 0x000000008c300000, 0x000000008c300000|100%| E|CS|TAMS 0x000000008c200000, 0x000000008c200000| Complete 
| 117|0x000000008c300000, 0x000000008c400000, 0x000000008c400000|100%| E|CS|TAMS 0x000000008c300000, 0x000000008c300000| Complete 
| 118|0x000000008c400000, 0x000000008c500000, 0x000000008c500000|100%| E|CS|TAMS 0x000000008c400000, 0x000000008c400000| Complete 
| 119|0x000000008c500000, 0x000000008c600000, 0x000000008c600000|100%| E|CS|TAMS 0x000000008c500000, 0x000000008c500000| Complete 
| 120|0x000000008c600000, 0x000000008c700000, 0x000000008c700000|100%| E|CS|TAMS 0x000000008c600000, 0x000000008c600000| Complete 
| 121|0x000000008c700000, 0x000000008c800000, 0x000000008c800000|100%| E|CS|TAMS 0x000000008c700000, 0x000000008c700000| Complete 
| 122|0x000000008c800000, 0x000000008c900000, 0x000000008c900000|100%| E|CS|TAMS 0x000000008c800000, 0x000000008c800000| Complete 
| 123|0x000000008c900000, 0x000000008ca00000, 0x000000008ca00000|100%| E|CS|TAMS 0x000000008c900000, 0x000000008c900000| Complete 

Card table byte_map: [0x0000014579080000,0x0000014579460000] _byte_map_base: 0x0000014578c59000

Marking Bits (Prev, Next): (CMBitMap*) 0x000001456f6829d0, (CMBitMap*) 0x000001456f682a10
 Prev Bits: [0x0000014579840000, 0x000001457b708000)
 Next Bits: [0x000001457b710000, 0x000001457d5d8000)

Polling page: 0x000001456f490000

Metaspace:

Usage:
  Non-class:     12.61 MB used.
      Class:      1.55 MB used.
       Both:     14.16 MB used.

Virtual space:
  Non-class space:       16.00 MB reserved,      12.69 MB ( 79%) committed,  2 nodes.
      Class space:        1.00 GB reserved,       1.62 MB ( <1%) committed,  1 nodes.
             Both:        1.02 GB reserved,      14.31 MB (  1%) committed. 

Chunk freelists:
   Non-Class:  2.58 MB
       Class:  2.31 MB
        Both:  4.89 MB

MaxMetaspaceSize: unlimited
CompressedClassSpaceSize: 1.00 GB
Initial GC threshold: 21.00 MB
Current GC threshold: 21.00 MB
CDS: on
MetaspaceReclaimPolicy: balanced
 - commit_granule_bytes: 65536.
 - commit_granule_words: 8192.
 - virtual_space_node_default_size: 1048576.
 - enlarge_chunks_in_place: 1.
 - new_chunks_are_fully_committed: 0.
 - uncommit_free_chunks: 1.
 - use_allocation_guard: 0.
 - handle_deallocations: 1.


Internal statistics:

num_allocs_failed_limit: 0.
num_arena_births: 90.
num_arena_deaths: 0.
num_vsnodes_births: 3.
num_vsnodes_deaths: 0.
num_space_committed: 229.
num_space_uncommitted: 0.
num_chunks_returned_to_freelist: 0.
num_chunks_taken_from_freelist: 579.
num_chunk_merges: 0.
num_chunk_splits: 413.
num_chunks_enlarged: 315.
num_purges: 0.
num_inconsistent_stats: 0.

CodeHeap 'non-profiled nmethods': size=120000Kb used=2324Kb max_used=2324Kb free=117675Kb
 bounds [0x0000014507ad0000, 0x0000014507d40000, 0x000001450f000000]
CodeHeap 'profiled nmethods': size=120000Kb used=8695Kb max_used=8695Kb free=111304Kb
 bounds [0x0000014500000000, 0x0000014500880000, 0x0000014507530000]
CodeHeap 'non-nmethods': size=5760Kb used=1177Kb max_used=1243Kb free=4582Kb
 bounds [0x0000014507530000, 0x00000145077a0000, 0x0000014507ad0000]
 total_blobs=4490 nmethods=4022 adapters=380
 compilation: enabled
              stopped_count=0, restarted_count=0
 full_count=0

Compilation events (20 events):
Event: 17.523 Thread 0x000001457fbeef60 nmethod 4010 0x0000014500856710 code [0x0000014500856920, 0x00000145008570c8]
Event: 17.524 Thread 0x000001457fbeef60 4011       3       org.apache.maven.model.merge.MavenModelMerger::mergeDistributionManagement_Site (92 bytes)
Event: 17.524 Thread 0x000001457fbeef60 nmethod 4011 0x0000014500857310 code [0x0000014500857520, 0x0000014500857cc8]
Event: 17.525 Thread 0x000001457fbeef60 4012       3       java.util.AbstractCollection::containsAll (38 bytes)
Event: 17.526 Thread 0x000001457fbeef60 nmethod 4012 0x0000014500857f90 code [0x0000014500858180, 0x00000145008586d8]
Event: 17.583 Thread 0x000001457fbee4c0 4013       4       org.apache.maven.model.interpolation.StringVisitorModelInterpolator$ModelVisitor::visit (55 bytes)
Event: 17.589 Thread 0x000001457fbeef60 4014       3       org.eclipse.aether.graph.Dependency::equals (94 bytes)
Event: 17.590 Thread 0x000001457fbee4c0 nmethod 4013 0x0000014507d14910 code [0x0000014507d14ac0, 0x0000014507d14dc8]
Event: 17.591 Thread 0x000001457fbeef60 nmethod 4014 0x0000014500858890 code [0x0000014500858b00, 0x0000014500859938]
Event: 17.591 Thread 0x000001457fbeef60 4016   !   3       org.eclipse.aether.internal.impl.DefaultArtifactResolver::resolve (1067 bytes)
Event: 17.597 Thread 0x000001457fbee4c0 4018       4       org.apache.maven.model.inheritance.DefaultInheritanceAssembler$InheritanceModelMerger::mergePluginContainer_Plugins (430 bytes)
Event: 17.605 Thread 0x000001457fbeef60 nmethod 4016 0x0000014500859c10 code [0x000001450085a7a0, 0x00000145008626a8]
Event: 17.605 Thread 0x000001457fbeef60 4017       3       org.codehaus.plexus.util.StringUtils::isNotEmpty (17 bytes)
Event: 17.605 Thread 0x000001457fbeef60 nmethod 4017 0x0000014500865c90 code [0x0000014500865e40, 0x0000014500866098]
Event: 17.605 Thread 0x000001457fbeef60 4015       3       org.eclipse.aether.util.version.GenericVersion$Item::compareTo (282 bytes)
Event: 17.607 Thread 0x000001457fbeef60 nmethod 4015 0x0000014500866190 code [0x0000014500866500, 0x0000014500867e58]
Event: 17.676 Thread 0x000001457fbeef60 4019   !   3       org.codehaus.plexus.util.xml.pull.MXParser::parseEpilog (758 bytes)
Event: 17.682 Thread 0x000001457fbeef60 nmethod 4019 0x0000014500868510 code [0x0000014500868bc0, 0x000001450086c008]
Event: 17.722 Thread 0x000001457fbeef60 4020   !   3       java.util.regex.Pattern::RemoveQEQuoting (370 bytes)
Event: 17.724 Thread 0x000001457fbeef60 nmethod 4020 0x000001450086d790 code [0x000001450086da60, 0x000001450086ec48]

GC Heap History (8 events):
Event: 1.531 GC heap before
{Heap before GC invocations=0 (full 0):
 garbage-first heap   total 126976K, used 12288K [0x0000000084e00000, 0x0000000100000000)
  region size 1024K, 13 young (13312K), 0 survivors (0K)
 Metaspace       used 3650K, committed 3840K, reserved 1056768K
  class space    used 359K, committed 448K, reserved 1048576K
}
Event: 1.543 GC heap after
{Heap after GC invocations=1 (full 0):
 garbage-first heap   total 126976K, used 3411K [0x0000000084e00000, 0x0000000100000000)
  region size 1024K, 2 young (2048K), 2 survivors (2048K)
 Metaspace       used 3650K, committed 3840K, reserved 1056768K
  class space    used 359K, committed 448K, reserved 1048576K
}
Event: 2.048 GC heap before
{Heap before GC invocations=1 (full 0):
 garbage-first heap   total 126976K, used 13651K [0x0000000084e00000, 0x0000000100000000)
  region size 1024K, 13 young (13312K), 2 survivors (2048K)
 Metaspace       used 5348K, committed 5504K, reserved 1056768K
  class space    used 610K, committed 704K, reserved 1048576K
}
Event: 2.056 GC heap after
{Heap after GC invocations=2 (full 0):
 garbage-first heap   total 126976K, used 4214K [0x0000000084e00000, 0x0000000100000000)
  region size 1024K, 1 young (1024K), 1 survivors (1024K)
 Metaspace       used 5348K, committed 5504K, reserved 1056768K
  class space    used 610K, committed 704K, reserved 1048576K
}
Event: 4.372 GC heap before
{Heap before GC invocations=2 (full 0):
 garbage-first heap   total 126976K, used 32886K [0x0000000084e00000, 0x0000000100000000)
  region size 1024K, 29 young (29696K), 1 survivors (1024K)
 Metaspace       used 9790K, committed 9984K, reserved 1064960K
  class space    used 1183K, committed 1280K, reserved 1048576K
}
Event: 4.381 GC heap after
{Heap after GC invocations=3 (full 0):
 garbage-first heap   total 126976K, used 5809K [0x0000000084e00000, 0x0000000100000000)
  region size 1024K, 3 young (3072K), 3 survivors (3072K)
 Metaspace       used 9790K, committed 9984K, reserved 1064960K
  class space    used 1183K, committed 1280K, reserved 1048576K
}
Event: 9.544 GC heap before
{Heap before GC invocations=3 (full 0):
 garbage-first heap   total 126976K, used 78513K [0x0000000084e00000, 0x0000000100000000)
  region size 1024K, 74 young (75776K), 3 survivors (3072K)
 Metaspace       used 13392K, committed 13568K, reserved 1064960K
  class space    used 1506K, committed 1600K, reserved 1048576K
}
Event: 9.575 GC heap after
{Heap after GC invocations=4 (full 0):
 garbage-first heap   total 126976K, used 13001K [0x0000000084e00000, 0x0000000100000000)
  region size 1024K, 10 young (10240K), 10 survivors (10240K)
 Metaspace       used 13392K, committed 13568K, reserved 1064960K
  class space    used 1506K, committed 1600K, reserved 1048576K
}

Deoptimization events (20 events):
Event: 15.189 Thread 0x000001456f62a4d0 DEOPT PACKING pc=0x0000014507c82a68 sp=0x000000027a7fd6a0
Event: 15.190 Thread 0x000001456f62a4d0 DEOPT UNPACKING pc=0x00000145075823a3 sp=0x000000027a7fd690 mode 2
Event: 15.192 Thread 0x000001456f62a4d0 Uncommon trap: trap_request=0xffffff54 fr.pc=0x0000014507c44ae0 relative=0x0000000000000340
Event: 15.192 Thread 0x000001456f62a4d0 Uncommon trap: reason=speculate_null_assert action=make_not_entrant pc=0x0000014507c44ae0 method=org.eclipse.sisu.inject.RankedBindings$Itr.hasNext()Z @ 80 c2
Event: 15.192 Thread 0x000001456f62a4d0 DEOPT PACKING pc=0x0000014507c44ae0 sp=0x000000027a7fda60
Event: 15.192 Thread 0x000001456f62a4d0 DEOPT UNPACKING pc=0x00000145075823a3 sp=0x000000027a7fda38 mode 2
Event: 15.220 Thread 0x000001456f62a4d0 DEOPT PACKING pc=0x000001450016afb4 sp=0x000000027a7f7f00
Event: 15.220 Thread 0x000001456f62a4d0 DEOPT UNPACKING pc=0x0000014507582b43 sp=0x000000027a7f7338 mode 0
Event: 15.220 Thread 0x000001456f62a4d0 DEOPT PACKING pc=0x00000145000f0f4c sp=0x000000027a7f7f70
Event: 15.220 Thread 0x000001456f62a4d0 DEOPT UNPACKING pc=0x0000014507582b43 sp=0x000000027a7f7418 mode 0
Event: 15.238 Thread 0x000001456f62a4d0 Uncommon trap: trap_request=0xffffffde fr.pc=0x0000014507cadc7c relative=0x00000000000002bc
Event: 15.238 Thread 0x000001456f62a4d0 Uncommon trap: reason=class_check action=maybe_recompile pc=0x0000014507cadc7c method=org.eclipse.sisu.wire.EntryListAdapter$ValueIterator.next()Ljava/lang/Object; @ 4 c2
Event: 15.238 Thread 0x000001456f62a4d0 DEOPT PACKING pc=0x0000014507cadc7c sp=0x000000027a7fde40
Event: 15.238 Thread 0x000001456f62a4d0 DEOPT UNPACKING pc=0x00000145075823a3 sp=0x000000027a7fde10 mode 2
Event: 15.420 Thread 0x000001456f62a4d0 Uncommon trap: trap_request=0xffffffde fr.pc=0x0000014507cadc7c relative=0x00000000000002bc
Event: 15.420 Thread 0x000001456f62a4d0 Uncommon trap: reason=class_check action=maybe_recompile pc=0x0000014507cadc7c method=org.eclipse.sisu.wire.EntryListAdapter$ValueIterator.next()Ljava/lang/Object; @ 4 c2
Event: 15.420 Thread 0x000001456f62a4d0 DEOPT PACKING pc=0x0000014507cadc7c sp=0x000000027a7fde40
Event: 15.420 Thread 0x000001456f62a4d0 DEOPT UNPACKING pc=0x00000145075823a3 sp=0x000000027a7fde10 mode 2
Event: 16.825 Thread 0x000001456f62a4d0 DEOPT PACKING pc=0x00000145005d35fb sp=0x000000027a7fbfc0
Event: 16.825 Thread 0x000001456f62a4d0 DEOPT UNPACKING pc=0x0000014507582b43 sp=0x000000027a7fb4e0 mode 0

Classes unloaded (0 events):
No events

Classes redefined (0 events):
No events

Internal exceptions (13 events):
Event: 0.533 Thread 0x000001450f968070 Exception <a 'java/lang/NoSuchMethodError'{0x000000008c747518}: 'java.lang.Object java.lang.invoke.DirectMethodHandle$Holder.invokeStaticInit(java.lang.Object)'> (0x000000008c747518) 
thrown [s\open\src\hotspot\share\interpreter\linkResolver.cpp, line 759]
Event: 0.551 Thread 0x000001450f968070 Exception <a 'java/lang/NoSuchMethodError'{0x000000008c7551d8}: 'void java.lang.invoke.DirectMethodHandle$Holder.invokeStatic(java.lang.Object, java.lang.Object)'> (0x000000008c7551d8) 
thrown [s\open\src\hotspot\share\interpreter\linkResolver.cpp, line 759]
Event: 0.786 Thread 0x000001456f62a4d0 Exception <a 'java/lang/NullPointerException'{0x000000008c56d390}> (0x000000008c56d390) 
thrown [s\open\src\hotspot\share\interpreter\linkResolver.cpp, line 1350]
Event: 1.737 Thread 0x000001456f62a4d0 Exception <a 'java/lang/NoSuchMethodError'{0x000000008c63c5e0}: 'java.lang.Object java.lang.invoke.DirectMethodHandle$Holder.newInvokeSpecial(java.lang.Object, java.lang.Object, java.lang.Object, java.lang.Object, java.lang.Object)'> (0x000000008c63c5e0) 
thrown [s\open\src\hotspot\share\interpreter\linkResolver.cpp, line 759]
Event: 1.844 Thread 0x000001456f62a4d0 Exception <a 'java/lang/NoClassDefFoundError'{0x000000008c5bbbe0}: javax/enterprise/inject/Typed> (0x000000008c5bbbe0) 
thrown [s\open\src\hotspot\share\classfile\systemDictionary.cpp, line 245]
Event: 4.519 Thread 0x000001456f62a4d0 Exception <a 'java/lang/NoClassDefFoundError'{0x000000008c7dace8}: com/google/inject/servlet/ServletModuleTargetVisitor> (0x000000008c7dace8) 
thrown [s\open\src\hotspot\share\classfile\systemDictionary.cpp, line 245]
Event: 4.721 Thread 0x000001456f62a4d0 Exception <a 'java/lang/NoSuchMethodError'{0x000000008c429c80}: 'java.lang.Object java.lang.invoke.DirectMethodHandle$Holder.invokeStaticInit(java.lang.Object, int, int, int, int)'> (0x000000008c429c80) 
thrown [s\open\src\hotspot\share\interpreter\linkResolver.cpp, line 759]
Event: 5.092 Thread 0x000001456f62a4d0 Implicit null exception at 0x0000014507b40af2 to 0x0000014507b410c4
Event: 5.092 Thread 0x000001456f62a4d0 Implicit null exception at 0x0000014507b04a72 to 0x0000014507b05054
Event: 12.492 Thread 0x000001456f62a4d0 Implicit null exception at 0x0000014507b7bd6a to 0x0000014507b7c0fc
Event: 12.492 Thread 0x000001456f62a4d0 Implicit null exception at 0x0000014507b7aa6a to 0x0000014507b7addc
Event: 12.492 Thread 0x000001456f62a4d0 Implicit null exception at 0x0000014507b7468f to 0x0000014507b74709
Event: 15.189 Thread 0x000001456f62a4d0 Implicit null exception at 0x0000014507c82103 to 0x0000014507c82a58

VM Operations (20 events):
Event: 8.613 Executing VM operation: Cleanup
Event: 8.613 Executing VM operation: Cleanup done
Event: 9.544 Executing VM operation: G1CollectForAllocation
Event: 9.575 Executing VM operation: G1CollectForAllocation done
Event: 10.588 Executing VM operation: Cleanup
Event: 10.588 Executing VM operation: Cleanup done
Event: 11.601 Executing VM operation: Cleanup
Event: 11.665 Executing VM operation: Cleanup done
Event: 12.676 Executing VM operation: Cleanup
Event: 12.676 Executing VM operation: Cleanup done
Event: 14.701 Executing VM operation: Cleanup
Event: 14.749 Executing VM operation: Cleanup done
Event: 15.220 Executing VM operation: HandshakeAllThreads
Event: 15.220 Executing VM operation: HandshakeAllThreads done
Event: 15.255 Executing VM operation: HandshakeAllThreads
Event: 15.255 Executing VM operation: HandshakeAllThreads done
Event: 16.280 Executing VM operation: Cleanup
Event: 16.280 Executing VM operation: Cleanup done
Event: 17.283 Executing VM operation: Cleanup
Event: 17.283 Executing VM operation: Cleanup done

Events (20 events):
Event: 15.260 loading class java/nio/file/DirectoryStream
Event: 15.260 loading class java/nio/file/DirectoryStream done
Event: 15.260 loading class java/nio/file/DirectoryStream$Filter
Event: 15.260 loading class java/nio/file/DirectoryStream$Filter done
Event: 15.260 loading class java/nio/file/FileStore
Event: 15.260 loading class java/nio/file/FileStore done
Event: 15.260 loading class java/nio/file/FileVisitor
Event: 15.260 loading class java/nio/file/FileVisitor done
Event: 15.261 loading class java/io/FileFilter
Event: 15.261 loading class java/io/FileFilter done
Event: 15.261 loading class java/nio/file/WatchService
Event: 15.261 loading class java/nio/file/WatchService done
Event: 15.261 loading class java/nio/file/WatchEvent$Kind
Event: 15.261 loading class java/nio/file/WatchEvent$Kind done
Event: 15.261 loading class java/nio/file/WatchKey
Event: 15.261 loading class java/nio/file/WatchKey done
Event: 15.261 loading class java/nio/file/WatchEvent$Modifier
Event: 15.261 loading class java/nio/file/WatchEvent$Modifier done
Event: 16.746 loading class java/util/Collections$UnmodifiableList$1
Event: 16.747 loading class java/util/Collections$UnmodifiableList$1 done


Dynamic libraries:
0x00007ff66f470000 - 0x00007ff66f480000 	C:\Program Files\Java\jdk-17\bin\java.exe
0x00007ffcef410000 - 0x00007ffcef608000 	C:\WINDOWS\SYSTEM32\ntdll.dll
0x00007ffced430000 - 0x00007ffced4f2000 	C:\WINDOWS\System32\KERNEL32.DLL
0x00007ffced090000 - 0x00007ffced38f000 	C:\WINDOWS\System32\KERNELBASE.dll
0x00007ffcecd70000 - 0x00007ffcece70000 	C:\WINDOWS\System32\ucrtbase.dll
0x00007ffce54a0000 - 0x00007ffce54b9000 	C:\Program Files\Java\jdk-17\bin\jli.dll
0x00007ffcd91c0000 - 0x00007ffcd91db000 	C:\Program Files\Java\jdk-17\bin\VCRUNTIME140.dll
0x00007ffcef1c0000 - 0x00007ffcef26f000 	C:\WINDOWS\System32\ADVAPI32.dll
0x00007ffcef040000 - 0x00007ffcef0de000 	C:\WINDOWS\System32\msvcrt.dll
0x00007ffcef330000 - 0x00007ffcef3cf000 	C:\WINDOWS\System32\sechost.dll
0x00007ffceee20000 - 0x00007ffceef43000 	C:\WINDOWS\System32\RPCRT4.dll
0x00007ffcecab0000 - 0x00007ffcecad7000 	C:\WINDOWS\System32\bcrypt.dll
0x00007ffcedf90000 - 0x00007ffcee12d000 	C:\WINDOWS\System32\USER32.dll
0x00007ffcecd40000 - 0x00007ffcecd62000 	C:\WINDOWS\System32\win32u.dll
0x00007ffcd91e0000 - 0x00007ffcd947a000 	C:\WINDOWS\WinSxS\amd64_microsoft.windows.common-controls_6595b64144ccf1df_6.0.19041.4355_none_60b8b9eb71f62e16\COMCTL32.dll
0x00007ffcee840000 - 0x00007ffcee86b000 	C:\WINDOWS\System32\GDI32.dll
0x00007ffcecf00000 - 0x00007ffced01a000 	C:\WINDOWS\System32\gdi32full.dll
0x00007ffced390000 - 0x00007ffced42d000 	C:\WINDOWS\System32\msvcp_win.dll
0x00007ffcdf2e0000 - 0x00007ffcdf2ea000 	C:\WINDOWS\SYSTEM32\VERSION.dll
0x00007ffcef300000 - 0x00007ffcef32f000 	C:\WINDOWS\System32\IMM32.DLL
0x00007ffce5690000 - 0x00007ffce569c000 	C:\Program Files\Java\jdk-17\bin\vcruntime140_1.dll
0x00007ffcd8bf0000 - 0x00007ffcd8c7e000 	C:\Program Files\Java\jdk-17\bin\msvcp140.dll
0x00007ffc784a0000 - 0x00007ffc7907d000 	C:\Program Files\Java\jdk-17\bin\server\jvm.dll
0x00007ffcee830000 - 0x00007ffcee838000 	C:\WINDOWS\System32\PSAPI.DLL
0x00007ffcdccd0000 - 0x00007ffcdccd9000 	C:\WINDOWS\SYSTEM32\WSOCK32.dll
0x00007ffcee610000 - 0x00007ffcee67b000 	C:\WINDOWS\System32\WS2_32.dll
0x00007ffcdce70000 - 0x00007ffcdce97000 	C:\WINDOWS\SYSTEM32\WINMM.dll
0x00007ffceb2e0000 - 0x00007ffceb2f2000 	C:\WINDOWS\SYSTEM32\kernel.appcore.dll
0x00007ffce5610000 - 0x00007ffce561a000 	C:\Program Files\Java\jdk-17\bin\jimage.dll
0x00007ffceae00000 - 0x00007ffceafe4000 	C:\WINDOWS\SYSTEM32\DBGHELP.DLL
0x00007ffcdad60000 - 0x00007ffcdad94000 	C:\WINDOWS\SYSTEM32\dbgcore.DLL
0x00007ffcece70000 - 0x00007ffcecef2000 	C:\WINDOWS\System32\bcryptPrimitives.dll
0x00007ffcda740000 - 0x00007ffcda74e000 	C:\Program Files\Java\jdk-17\bin\instrument.dll
0x00007ffcd8000000 - 0x00007ffcd8025000 	C:\Program Files\Java\jdk-17\bin\java.dll
0x00007ffcc5ad0000 - 0x00007ffcc5ba7000 	C:\Program Files\Java\jdk-17\bin\jsvml.dll
0x00007ffced6b0000 - 0x00007ffcede1d000 	C:\WINDOWS\System32\SHELL32.dll
0x00007ffce9ce0000 - 0x00007ffcea484000 	C:\WINDOWS\SYSTEM32\windows.storage.dll
0x00007ffcee130000 - 0x00007ffcee485000 	C:\WINDOWS\System32\combase.dll
0x00007ffcec400000 - 0x00007ffcec42b000 	C:\WINDOWS\SYSTEM32\Wldp.dll
0x00007ffcef0e0000 - 0x00007ffcef1ad000 	C:\WINDOWS\System32\OLEAUT32.dll
0x00007ffcedee0000 - 0x00007ffcedf8d000 	C:\WINDOWS\System32\SHCORE.dll
0x00007ffcee490000 - 0x00007ffcee4e5000 	C:\WINDOWS\System32\shlwapi.dll
0x00007ffcec9e0000 - 0x00007ffceca05000 	C:\WINDOWS\SYSTEM32\profapi.dll
0x00007ffcd8bd0000 - 0x00007ffcd8be8000 	C:\Program Files\Java\jdk-17\bin\zip.dll
0x00007ffcd91a0000 - 0x00007ffcd91b9000 	C:\Program Files\Java\jdk-17\bin\net.dll
0x00007ffce4300000 - 0x00007ffce440a000 	C:\WINDOWS\SYSTEM32\WINHTTP.dll
0x00007ffcec1e0000 - 0x00007ffcec24c000 	C:\WINDOWS\system32\mswsock.dll
0x00007ffcd9180000 - 0x00007ffcd9196000 	C:\Program Files\Java\jdk-17\bin\nio.dll
0x00007ffcc50b0000 - 0x00007ffcc50ca000 	C:\Program Files\JetBrains\IntelliJ IDEA Community Edition 2024.1.4\bin\breakgen64.dll
0x0000000069ac0000 - 0x0000000069ae4000 	C:\Users\SERIGNE M  DIOUF\AppData\Local\Temp\jansi-2.4.0-c6957000743d62b4-jansi.dll
0x00007ffcd8bc0000 - 0x00007ffcd8bd0000 	C:\Program Files\Java\jdk-17\bin\verify.dll

dbghelp: loaded successfully - version: 4.0.5 - missing functions: none
symbol engine: initialized successfully - sym options: 0x614 - pdb path: .;C:\Program Files\Java\jdk-17\bin;C:\WINDOWS\SYSTEM32;C:\WINDOWS\WinSxS\amd64_microsoft.windows.common-controls_6595b64144ccf1df_6.0.19041.4355_none_60b8b9eb71f62e16;C:\Program Files\Java\jdk-17\bin\server;C:\Program Files\JetBrains\IntelliJ IDEA Community Edition 2024.1.4\bin;C:\Users\SERIGNE M  DIOUF\AppData\Local\Temp

VM Arguments:
jvm_args: -Dmaven.multiModuleProjectDirectory=C:\devops\devopsgitaction\microservice-gestion-cours -Djansi.passthrough=true -Dmaven.home=C:\Users\SERIGNE M  DIOUF\.m2\wrapper\dists\apache-maven-3.8.5-bin\5i5jha092a3i37g0paqnfr15e0\apache-maven-3.8.5 -Dclassworlds.conf=C:\Users\SERIGNE M  DIOUF\.m2\wrapper\dists\apache-maven-3.8.5-bin\5i5jha092a3i37g0paqnfr15e0\apache-maven-3.8.5\bin\m2.conf -Dmaven.ext.class.path=C:\Program Files\JetBrains\IntelliJ IDEA Community Edition 2024.1.4\plugins\maven\lib\maven-event-listener.jar -javaagent:C:\Program Files\JetBrains\IntelliJ IDEA Community Edition 2024.1.4\lib\idea_rt.jar=51912:C:\Program Files\JetBrains\IntelliJ IDEA Community Edition 2024.1.4\bin -Dfile.encoding=UTF-8 
java_command: org.codehaus.classworlds.Launcher -Didea.version=2024.1.4 clean package
java_class_path (initial): C:\Users\SERIGNE M  DIOUF\.m2\wrapper\dists\apache-maven-3.8.5-bin\5i5jha092a3i37g0paqnfr15e0\apache-maven-3.8.5\boot\plexus-classworlds-2.6.0.jar;C:\Users\SERIGNE M  DIOUF\.m2\wrapper\dists\apache-maven-3.8.5-bin\5i5jha092a3i37g0paqnfr15e0\apache-maven-3.8.5\boot\plexus-classworlds.license
Launcher Type: SUN_STANDARD

[Global flags]
     intx CICompilerCount                          = 3                                         {product} {ergonomic}
     uint ConcGCThreads                            = 1                                         {product} {ergonomic}
     uint G1ConcRefinementThreads                  = 4                                         {product} {ergonomic}
   size_t G1HeapRegionSize                         = 1048576                                   {product} {ergonomic}
    uintx GCDrainStackTargetSize                   = 64                                        {product} {ergonomic}
   size_t InitialHeapSize                          = 130023424                                 {product} {ergonomic}
   size_t MarkStackSize                            = 4194304                                   {product} {ergonomic}
   size_t MaxHeapSize                              = 2065694720                                {product} {ergonomic}
   size_t MaxNewSize                               = 1239416832                                {product} {ergonomic}
   size_t MinHeapDeltaBytes                        = 1048576                                   {product} {ergonomic}
   size_t MinHeapSize                              = 8388608                                   {product} {ergonomic}
    uintx NonNMethodCodeHeapSize                   = 5832780                                {pd product} {ergonomic}
    uintx NonProfiledCodeHeapSize                  = 122912730                              {pd product} {ergonomic}
    uintx ProfiledCodeHeapSize                     = 122912730                              {pd product} {ergonomic}
    uintx ReservedCodeCacheSize                    = 251658240                              {pd product} {ergonomic}
     bool SegmentedCodeCache                       = true                                      {product} {ergonomic}
   size_t SoftMaxHeapSize                          = 2065694720                             {manageable} {ergonomic}
     bool UseCompressedClassPointers               = true                           {product lp64_product} {ergonomic}
     bool UseCompressedOops                        = true                           {product lp64_product} {ergonomic}
     bool UseG1GC                                  = true                                      {product} {ergonomic}
     bool UseLargePagesIndividualAllocation        = false                                  {pd product} {ergonomic}

Logging:
Log output configuration:
 #0: stdout all=warning uptime,level,tags
 #1: stderr all=off uptime,level,tags

Environment Variables:
JAVA_HOME=C:\Program Files\Java\jdk-17
PATH=C:\Program Files\Common Files\Oracle\Java\javapath;C:\WINDOWS\system32;C:\WINDOWS;C:\WINDOWS\System32\Wbem;C:\WINDOWS\System32\WindowsPowerShell\v1.0\;C:\WINDOWS\System32\OpenSSH\;C:\xampp\php;C:\Program Files\Microsoft SQL Server\150\Tools\Binn\;C:\Program Files\Microsoft SQL Server\Client SDK\ODBC\170\Tools\Binn\;C:\Program Files\Azure Data Studio\bin;C:\Program Files\Git\cmd;C:\Program Files (x86)\Microsoft SQL Server\160\Tools\Binn\;C:\Program Files\Microsoft SQL Server\160\Tools\Binn\;C:\Program Files\Microsoft SQL Server\160\DTS\Binn\;C:\ProgramData\ComposerSetup\bin;C:\Users\SERIGNE M  DIOUF\AppData\Roaming\Microsoft\Windows\Start Menu\Programs\Python 3.11;C:\Users\SERIGNE M  DIOUF\AppData\Roaming\Microsoft\Windows\Start Menu\Programs\Python 3.11;C:\Windows\System32\cmd.exe;C:\Users\SERIGNE M  DIOUF\AppData\Local\Programs\Python\Python311;C:\ProgramData\chocolatey\bin;C:\Program Files\nodejs\;;C:\Program Files (x86)\Certbot\bin;C:\Program Files\Docker\Docker\resources\bin;C:\Program Files\dotnet\;C:\Program Files\Amazon\AWSCLIV2\;C:\Users\SERIGNE M  DIOUF\AppData\Local\Microsoft\WindowsApps;C:\Users\SERIGNE M  DIOUF\AppData\Local\Programs\Microsoft VS Code\bin;C:\Users\SERIGNE M  DIOUF\AppData\Roaming\Composer\vendor\bin;C:\ProgramData\Microsoft\Windows\Start Menu\Programs\Node.js;C:\Users\SERIGNE M  DIOUF\AppData\Roaming\npm;C:\Program Files\JetBrains\IntelliJ IDEA 2022.1\bin;C:\Users\SERIGNE M  DIOUF\.dotnet\tools;C:\Users\SERIGNE M  DIOUF\AppData\Local\Programs\cursor\resources\app\bin;C:\flutter\bin;C:\Program Files\terraform;;C:\Program Files\terraform;C:\Users\SERIGNE M  DIOUF\AppData\Local\Microsoft\WindowsApps;C:\Users\SERIGNE M  DIOUF\AppData\Local\Programs\Microsoft VS Code\bin;C:\Program Files\Azure Data Studio\bin;C:\Users\SERIGNE M  DIOUF\AppData\Roaming\Composer\vendor\bin;C:\Users\SERIGNE M  DIOUF\AppData\Roaming\Microsoft\Windows\Start Menu\Programs\Python 3.11;C:\Users\SERIGNE M  DIOUF\AppData\Roaming\Microsoft\Windows\Start Menu\Programs\P
USERNAME=SERIGNE M  DIOUF
OS=Windows_NT
PROCESSOR_IDENTIFIER=Intel64 Family 6 Model 69 Stepping 1, GenuineIntel



---------------  S Y S T E M  ---------------

OS:
 Windows 10 , 64 bit Build 19041 (10.0.19041.5438)
OS uptime: 0 days 8:22 hours
Hyper-V role detected

CPU: total 4 (initial active 4) (2 cores per cpu, 2 threads per core) family 6 model 69 stepping 1 microcode 0x25, cx8, cmov, fxsr, ht, mmx, sse, sse2, sse3, ssse3, sse4.1, sse4.2, popcnt, lzcnt, tsc, tscinvbit, avx, avx2, aes, erms, clmul, bmi1, bmi2, fma, vzeroupper, clflush, hv

Memory: 4k page, system-wide physical 7879M (730M free)
TotalPageFile size 12406M (AvailPageFile size 135M)
current process WorkingSet (physical memory assigned to process): 168M, peak: 175M
current process commit charge ("private bytes"): 240M, peak: 249M

vm_info: Java HotSpot(TM) 64-Bit Server VM (17.0.7+8-LTS-224) for windows-amd64 JRE (17.0.7+8-LTS-224), built on Feb 28 2023 23:03:02 by "mach5one" with MS VC++ 17.1 (VS2022)

END.
