#
# There is insufficient memory for the Java Runtime Environment to continue.
# Native memory allocation (malloc) failed to allocate 65552 bytes for Chunk::new
# Possible reasons:
#   The system is out of physical RAM or swap space
#   The process is running with CompressedOops enabled, and the Java Heap may be blocking the growth of the native heap
# Possible solutions:
#   Reduce memory load on the system
#   Increase physical memory or swap space
#   Check if swap backing store is full
#   Decrease Java heap size (-Xmx/-Xms)
#   Decrease number of Java threads
#   Decrease Java thread stack sizes (-Xss)
#   Set larger code cache with -XX:ReservedCodeCacheSize=
#   JVM is running with Unscaled Compressed Oops mode in which the Java heap is
#     placed in the first 4GB address space. The Java Heap base address is the
#     maximum limit for the native heap growth. Please use -XX:HeapBaseMinAddress
#     to set the Java Heap base and to place the Java Heap above 4GB virtual address.
# This output file may be truncated or incomplete.
#
#  Out of Memory Error (arena.cpp:189), pid=1948, tid=13572
#
# JRE version: Java(TM) SE Runtime Environment (17.0.7+8) (build 17.0.7+8-LTS-224)
# Java VM: Java HotSpot(TM) 64-Bit Server VM (17.0.7+8-LTS-224, mixed mode, sharing, tiered, compressed oops, compressed class ptrs, g1 gc, windows-amd64)
# No core dump will be written. Minidumps are not enabled by default on client versions of Windows
#

---------------  S U M M A R Y ------------

Command Line: -javaagent:C:\Program Files\JetBrains\IntelliJ IDEA Community Edition 2024.1.4\lib\idea_rt.jar=55990:C:\Program Files\JetBrains\IntelliJ IDEA Community Edition 2024.1.4\bin -Dfile.encoding=UTF-8 com.isi.MicroserviceCoursApplication

Host: Intel(R) Core(TM) i5-4300U CPU @ 1.90GHz, 4 cores, 7G,  Windows 10 , 64 bit Build 19041 (10.0.19041.5438)
Time: Sat Mar  8 14:23:28 2025 Greenwich elapsed time: 16.700537 seconds (0d 0h 0m 16s)

---------------  T H R E A D  ---------------

Current thread (0x00000129329f43c0):  JavaThread "C2 CompilerThread0" daemon [_thread_in_native, id=13572, stack(0x00000020ba500000,0x00000020ba600000)]


Current CompileTask:
C2:  16700 4525   !   4       jdk.internal.loader.BuiltinClassLoader::findClassOnClassPathOrNull (64 bytes)

Stack: [0x00000020ba500000,0x00000020ba600000]
Native frames: (J=compiled Java code, j=interpreted, Vv=VM code, C=native code)
V  [jvm.dll+0x676a4a]
V  [jvm.dll+0x7d74f4]
V  [jvm.dll+0x7d8c9e]
V  [jvm.dll+0x7d9303]
V  [jvm.dll+0x2452c5]
V  [jvm.dll+0xaaa2b]
V  [jvm.dll+0xaafcc]
V  [jvm.dll+0xb66ed]
V  [jvm.dll+0x57f6c3]
V  [jvm.dll+0x2205f2]
V  [jvm.dll+0x2191f0]
V  [jvm.dll+0x216df9]
V  [jvm.dll+0x1a35e0]
V  [jvm.dll+0x226a6e]
V  [jvm.dll+0x224e15]
V  [jvm.dll+0x78d05c]
V  [jvm.dll+0x78759a]
V  [jvm.dll+0x675875]
C  [ucrtbase.dll+0x21bb2]
C  [KERNEL32.DLL+0x17374]
C  [ntdll.dll+0x4cc91]


---------------  P R O C E S S  ---------------

Threads class SMR info:
_java_thread_list=0x0000012938789aa0, length=20, elements={
0x000001291538e630, 0x00000129329de130, 0x00000129329decb0, 0x00000129329f0cd0,
0x00000129329f25a0, 0x00000129329f2e60, 0x00000129329f3720, 0x00000129329f43c0,
0x00000129329f4d70, 0x0000012932a6e490, 0x000001293348d570, 0x000001293368e240,
0x000001293368e710, 0x0000012933fee650, 0x00000129344a4b20, 0x00000129349bbf40,
0x00000129349bb0d0, 0x00000129349bd750, 0x00000129349bba70, 0x00000129349bb5a0
}

Java Threads: ( => current thread )
  0x000001291538e630 JavaThread "main" [_thread_blocked, id=1300, stack(0x00000020b9800000,0x00000020b9900000)]
  0x00000129329de130 JavaThread "Reference Handler" daemon [_thread_blocked, id=18792, stack(0x00000020b9f00000,0x00000020ba000000)]
  0x00000129329decb0 JavaThread "Finalizer" daemon [_thread_blocked, id=8928, stack(0x00000020ba000000,0x00000020ba100000)]
  0x00000129329f0cd0 JavaThread "Signal Dispatcher" daemon [_thread_blocked, id=19992, stack(0x00000020ba100000,0x00000020ba200000)]
  0x00000129329f25a0 JavaThread "Attach Listener" daemon [_thread_blocked, id=15536, stack(0x00000020ba200000,0x00000020ba300000)]
  0x00000129329f2e60 JavaThread "Service Thread" daemon [_thread_blocked, id=20160, stack(0x00000020ba300000,0x00000020ba400000)]
  0x00000129329f3720 JavaThread "Monitor Deflation Thread" daemon [_thread_blocked, id=6312, stack(0x00000020ba400000,0x00000020ba500000)]
=>0x00000129329f43c0 JavaThread "C2 CompilerThread0" daemon [_thread_in_native, id=13572, stack(0x00000020ba500000,0x00000020ba600000)]
  0x00000129329f4d70 JavaThread "C1 CompilerThread0" daemon [_thread_blocked, id=20172, stack(0x00000020ba600000,0x00000020ba700000)]
  0x0000012932a6e490 JavaThread "Sweeper thread" daemon [_thread_blocked, id=17980, stack(0x00000020ba700000,0x00000020ba800000)]
  0x000001293348d570 JavaThread "Common-Cleaner" daemon [_thread_blocked, id=7784, stack(0x00000020ba800000,0x00000020ba900000)]
  0x000001293368e240 JavaThread "Monitor Ctrl-Break" daemon [_thread_in_native, id=13708, stack(0x00000020ba900000,0x00000020baa00000)]
  0x000001293368e710 JavaThread "Notification Thread" daemon [_thread_blocked, id=19652, stack(0x00000020baa00000,0x00000020bab00000)]
  0x0000012933fee650 JavaThread "Thread-0" [_thread_blocked, id=20588, stack(0x00000020bac00000,0x00000020bad00000)]
  0x00000129344a4b20 JavaThread "restartedMain" [_thread_in_vm, id=20452, stack(0x00000020bb100000,0x00000020bb200000)]
  0x00000129349bbf40 JavaThread "Catalina-utility-1" [_thread_blocked, id=904, stack(0x00000020bb300000,0x00000020bb400000)]
  0x00000129349bb0d0 JavaThread "Catalina-utility-2" [_thread_blocked, id=20664, stack(0x00000020bb400000,0x00000020bb500000)]
  0x00000129349bd750 JavaThread "container-0" [_thread_blocked, id=21184, stack(0x00000020bb500000,0x00000020bb600000)]
  0x00000129349bba70 JavaThread "mysql-cj-abandoned-connection-cleanup" daemon [_thread_blocked, id=17320, stack(0x00000020bb600000,0x00000020bb700000)]
  0x00000129349bb5a0 JavaThread "HikariPool-1 housekeeper" daemon [_thread_blocked, id=7028, stack(0x00000020bb700000,0x00000020bb800000)]

Other Threads:
  0x00000129329d82c0 VMThread "VM Thread" [stack: 0x00000020b9e00000,0x00000020b9f00000] [id=5356]
  0x0000012933726580 WatcherThread [stack: 0x00000020bab00000,0x00000020bac00000] [id=17160]
  0x00000129153e6030 GCTaskThread "GC Thread#0" [stack: 0x00000020b9900000,0x00000020b9a00000] [id=17128]
  0x000001293439b510 GCTaskThread "GC Thread#1" [stack: 0x00000020bad00000,0x00000020bae00000] [id=16172]
  0x00000129344dc900 GCTaskThread "GC Thread#2" [stack: 0x00000020bae00000,0x00000020baf00000] [id=4764]
  0x0000012933c02920 GCTaskThread "GC Thread#3" [stack: 0x00000020baf00000,0x00000020bb000000] [id=15772]
  0x00000129153f78d0 ConcurrentGCThread "G1 Main Marker" [stack: 0x00000020b9a00000,0x00000020b9b00000] [id=20600]
  0x00000129153f81f0 ConcurrentGCThread "G1 Conc#0" [stack: 0x00000020b9b00000,0x00000020b9c00000] [id=21232]
  0x000001291544d450 ConcurrentGCThread "G1 Refine#0" [stack: 0x00000020b9c00000,0x00000020b9d00000] [id=20336]
  0x0000012934489ed0 ConcurrentGCThread "G1 Refine#1" [stack: 0x00000020bb000000,0x00000020bb100000] [id=18356]
  0x0000012932884210 ConcurrentGCThread "G1 Service" [stack: 0x00000020b9d00000,0x00000020b9e00000] [id=16476]

Threads with active compile tasks:
C2 CompilerThread0    16756 4525   !   4       jdk.internal.loader.BuiltinClassLoader::findClassOnClassPathOrNull (64 bytes)

VM state: not at safepoint (normal execution)

VM Mutex/Monitor currently owned by a thread: None

Heap address: 0x0000000084e00000, size: 1970 MB, Compressed Oops mode: 32-bit

CDS archive(s) mapped at: [0x0000000800000000-0x0000000800bd0000-0x0000000800bd0000), size 12386304, SharedBaseAddress: 0x0000000800000000, ArchiveRelocationMode: 0.
Compressed class space mapped at: 0x0000000800c00000-0x0000000840c00000, reserved size: 1073741824
Narrow klass base: 0x0000000800000000, Narrow klass shift: 0, Narrow klass range: 0x100000000

GC Precious Log:
 CPUs: 4 total, 4 available
 Memory: 7879M
 Large Page Support: Disabled
 NUMA Support: Disabled
 Compressed Oops: Enabled (32-bit)
 Heap Region Size: 1M
 Heap Min Capacity: 8M
 Heap Initial Capacity: 124M
 Heap Max Capacity: 1970M
 Pre-touch: Disabled
 Parallel Workers: 4
 Concurrent Workers: 1
 Concurrent Refinement Workers: 4
 Periodic GC: Disabled

Heap:
 garbage-first heap   total 55296K, used 34987K [0x0000000084e00000, 0x0000000100000000)
  region size 1024K, 16 young (16384K), 2 survivors (2048K)
 Metaspace       used 40023K, committed 40384K, reserved 1089536K
  class space    used 5291K, committed 5440K, reserved 1048576K

Heap Regions: E=young(eden), S=young(survivor), O=old, HS=humongous(starts), HC=humongous(continues), CS=collection set, F=free, OA=open archive, CA=closed archive, TAMS=top-at-mark-start (previous, next)
|   0|0x0000000084e00000, 0x0000000084f00000, 0x0000000084f00000|100%|HS|  |TAMS 0x0000000084f00000, 0x0000000084e00000| Complete 
|   1|0x0000000084f00000, 0x0000000085000000, 0x0000000085000000|100%| O|  |TAMS 0x0000000085000000, 0x0000000084f00000| Untracked 
|   2|0x0000000085000000, 0x0000000085100000, 0x0000000085100000|100%| O|  |TAMS 0x0000000085100000, 0x0000000085000000| Untracked 
|   3|0x0000000085100000, 0x0000000085200000, 0x0000000085200000|100%| O|  |TAMS 0x0000000085200000, 0x0000000085100000| Untracked 
|   4|0x0000000085200000, 0x0000000085300000, 0x0000000085300000|100%| O|  |TAMS 0x0000000085300000, 0x0000000085200000| Untracked 
|   5|0x0000000085300000, 0x0000000085400000, 0x0000000085400000|100%| O|  |TAMS 0x0000000085400000, 0x0000000085300000| Untracked 
|   6|0x0000000085400000, 0x0000000085500000, 0x0000000085500000|100%| O|  |TAMS 0x0000000085500000, 0x0000000085400000| Untracked 
|   7|0x0000000085500000, 0x0000000085600000, 0x0000000085600000|100%| O|  |TAMS 0x0000000085600000, 0x0000000085500000| Untracked 
|   8|0x0000000085600000, 0x0000000085700000, 0x0000000085700000|100%| O|  |TAMS 0x0000000085700000, 0x0000000085600000| Untracked 
|   9|0x0000000085700000, 0x0000000085800000, 0x0000000085800000|100%| O|  |TAMS 0x0000000085800000, 0x0000000085700000| Untracked 
|  10|0x0000000085800000, 0x0000000085900000, 0x0000000085900000|100%| O|  |TAMS 0x0000000085900000, 0x0000000085800000| Untracked 
|  11|0x0000000085900000, 0x0000000085a00000, 0x0000000085a00000|100%| O|  |TAMS 0x0000000085a00000, 0x0000000085900000| Untracked 
|  12|0x0000000085a00000, 0x0000000085b00000, 0x0000000085b00000|100%| O|  |TAMS 0x0000000085b00000, 0x0000000085a00000| Untracked 
|  13|0x0000000085b00000, 0x0000000085c00000, 0x0000000085c00000|100%| O|  |TAMS 0x0000000085c00000, 0x0000000085b00000| Untracked 
|  14|0x0000000085c00000, 0x0000000085d00000, 0x0000000085d00000|100%| O|  |TAMS 0x0000000085d00000, 0x0000000085c00000| Untracked 
|  15|0x0000000085d00000, 0x0000000085e00000, 0x0000000085e00000|100%| O|  |TAMS 0x0000000085e00000, 0x0000000085d00000| Untracked 
|  16|0x0000000085e00000, 0x0000000085f00000, 0x0000000085f00000|100%| O|  |TAMS 0x0000000085f00000, 0x0000000085e00000| Untracked 
|  17|0x0000000085f00000, 0x0000000086000000, 0x0000000086000000|100%| O|  |TAMS 0x0000000086000000, 0x0000000085f00000| Untracked 
|  18|0x0000000086000000, 0x0000000086100000, 0x0000000086100000|100%| O|  |TAMS 0x0000000086100000, 0x0000000086000000| Untracked 
|  19|0x0000000086100000, 0x00000000861d2400, 0x0000000086200000| 82%| O|  |TAMS 0x00000000861d2400, 0x0000000086100000| Untracked 
|  20|0x0000000086200000, 0x0000000086200000, 0x0000000086300000|  0%| F|  |TAMS 0x0000000086200000, 0x0000000086200000| Untracked 
|  21|0x0000000086300000, 0x0000000086300000, 0x0000000086400000|  0%| F|  |TAMS 0x0000000086300000, 0x0000000086300000| Untracked 
|  22|0x0000000086400000, 0x0000000086400000, 0x0000000086500000|  0%| F|  |TAMS 0x0000000086400000, 0x0000000086400000| Untracked 
|  23|0x0000000086500000, 0x0000000086500000, 0x0000000086600000|  0%| F|  |TAMS 0x0000000086500000, 0x0000000086500000| Untracked 
|  24|0x0000000086600000, 0x0000000086600000, 0x0000000086700000|  0%| F|  |TAMS 0x0000000086600000, 0x0000000086600000| Untracked 
|  25|0x0000000086700000, 0x0000000086700000, 0x0000000086800000|  0%| F|  |TAMS 0x0000000086700000, 0x0000000086700000| Untracked 
|  26|0x0000000086800000, 0x0000000086800000, 0x0000000086900000|  0%| F|  |TAMS 0x0000000086800000, 0x0000000086800000| Untracked 
|  27|0x0000000086900000, 0x0000000086900000, 0x0000000086a00000|  0%| F|  |TAMS 0x0000000086900000, 0x0000000086900000| Untracked 
|  28|0x0000000086a00000, 0x0000000086a00000, 0x0000000086b00000|  0%| F|  |TAMS 0x0000000086a00000, 0x0000000086a00000| Untracked 
|  29|0x0000000086b00000, 0x0000000086b00000, 0x0000000086c00000|  0%| F|  |TAMS 0x0000000086b00000, 0x0000000086b00000| Untracked 
|  30|0x0000000086c00000, 0x0000000086c00000, 0x0000000086d00000|  0%| F|  |TAMS 0x0000000086c00000, 0x0000000086c00000| Untracked 
|  31|0x0000000086d00000, 0x0000000086d00000, 0x0000000086e00000|  0%| F|  |TAMS 0x0000000086d00000, 0x0000000086d00000| Untracked 
|  32|0x0000000086e00000, 0x0000000086e00000, 0x0000000086f00000|  0%| F|  |TAMS 0x0000000086e00000, 0x0000000086e00000| Untracked 
|  33|0x0000000086f00000, 0x0000000086f00000, 0x0000000087000000|  0%| F|  |TAMS 0x0000000086f00000, 0x0000000086f00000| Untracked 
|  34|0x0000000087000000, 0x0000000087000000, 0x0000000087100000|  0%| F|  |TAMS 0x0000000087000000, 0x0000000087000000| Untracked 
|  35|0x0000000087100000, 0x0000000087100000, 0x0000000087200000|  0%| F|  |TAMS 0x0000000087100000, 0x0000000087100000| Untracked 
|  36|0x0000000087200000, 0x0000000087200000, 0x0000000087300000|  0%| F|  |TAMS 0x0000000087200000, 0x0000000087200000| Untracked 
|  37|0x0000000087300000, 0x0000000087300000, 0x0000000087400000|  0%| F|  |TAMS 0x0000000087300000, 0x0000000087300000| Untracked 
|  38|0x0000000087400000, 0x00000000874e3900, 0x0000000087500000| 88%| E|  |TAMS 0x0000000087400000, 0x0000000087400000| Complete 
|  39|0x0000000087500000, 0x0000000087600000, 0x0000000087600000|100%| E|CS|TAMS 0x0000000087500000, 0x0000000087500000| Complete 
|  40|0x0000000087600000, 0x0000000087700000, 0x0000000087700000|100%| E|CS|TAMS 0x0000000087600000, 0x0000000087600000| Complete 
|  41|0x0000000087700000, 0x0000000087800000, 0x0000000087800000|100%| E|CS|TAMS 0x0000000087700000, 0x0000000087700000| Complete 
|  42|0x0000000087800000, 0x0000000087900000, 0x0000000087900000|100%| E|CS|TAMS 0x0000000087800000, 0x0000000087800000| Complete 
|  43|0x0000000087900000, 0x0000000087a00000, 0x0000000087a00000|100%| E|CS|TAMS 0x0000000087900000, 0x0000000087900000| Complete 
|  44|0x0000000087a00000, 0x0000000087b00000, 0x0000000087b00000|100%| E|CS|TAMS 0x0000000087a00000, 0x0000000087a00000| Complete 
|  45|0x0000000087b00000, 0x0000000087c00000, 0x0000000087c00000|100%| E|CS|TAMS 0x0000000087b00000, 0x0000000087b00000| Complete 
|  46|0x0000000087c00000, 0x0000000087c58860, 0x0000000087d00000| 34%| S|CS|TAMS 0x0000000087c00000, 0x0000000087c00000| Complete 
|  47|0x0000000087d00000, 0x0000000087e00000, 0x0000000087e00000|100%| S|CS|TAMS 0x0000000087d00000, 0x0000000087d00000| Complete 
| 112|0x000000008be00000, 0x000000008bf00000, 0x000000008bf00000|100%| E|CS|TAMS 0x000000008be00000, 0x000000008be00000| Complete 
| 113|0x000000008bf00000, 0x000000008c000000, 0x000000008c000000|100%| E|CS|TAMS 0x000000008bf00000, 0x000000008bf00000| Complete 
| 114|0x000000008c000000, 0x000000008c100000, 0x000000008c100000|100%| E|CS|TAMS 0x000000008c000000, 0x000000008c000000| Complete 
| 115|0x000000008c100000, 0x000000008c200000, 0x000000008c200000|100%| E|CS|TAMS 0x000000008c100000, 0x000000008c100000| Complete 
| 116|0x000000008c200000, 0x000000008c300000, 0x000000008c300000|100%| E|CS|TAMS 0x000000008c200000, 0x000000008c200000| Complete 
| 123|0x000000008c900000, 0x000000008ca00000, 0x000000008ca00000|100%| E|CS|TAMS 0x000000008c900000, 0x000000008c900000| Complete 

Card table byte_map: [0x000001292bfe0000,0x000001292c3c0000] _byte_map_base: 0x000001292bbb9000

Marking Bits (Prev, Next): (CMBitMap*) 0x00000129153e7960, (CMBitMap*) 0x00000129153e79a0
 Prev Bits: [0x000001292c7a0000, 0x000001292e668000)
 Next Bits: [0x000001292e670000, 0x0000012930538000)

Polling page: 0x00000129132b0000

Metaspace:

Usage:
  Non-class:     33.93 MB used.
      Class:      5.17 MB used.
       Both:     39.10 MB used.

Virtual space:
  Non-class space:       40.00 MB reserved,      34.12 MB ( 85%) committed,  5 nodes.
      Class space:        1.00 GB reserved,       5.31 MB ( <1%) committed,  1 nodes.
             Both:        1.04 GB reserved,      39.44 MB (  4%) committed. 

Chunk freelists:
   Non-Class:  1.41 MB
       Class:  2.64 MB
        Both:  4.05 MB

MaxMetaspaceSize: unlimited
CompressedClassSpaceSize: 1.00 GB
Initial GC threshold: 21.00 MB
Current GC threshold: 58.88 MB
CDS: on
MetaspaceReclaimPolicy: balanced
 - commit_granule_bytes: 65536.
 - commit_granule_words: 8192.
 - virtual_space_node_default_size: 1048576.
 - enlarge_chunks_in_place: 1.
 - new_chunks_are_fully_committed: 0.
 - uncommit_free_chunks: 1.
 - use_allocation_guard: 0.
 - handle_deallocations: 1.


Internal statistics:

num_allocs_failed_limit: 6.
num_arena_births: 340.
num_arena_deaths: 0.
num_vsnodes_births: 6.
num_vsnodes_deaths: 0.
num_space_committed: 631.
num_space_uncommitted: 0.
num_chunks_returned_to_freelist: 6.
num_chunks_taken_from_freelist: 1742.
num_chunk_merges: 6.
num_chunk_splits: 1257.
num_chunks_enlarged: 993.
num_purges: 0.
num_inconsistent_stats: 0.

CodeHeap 'non-profiled nmethods': size=120000Kb used=2565Kb max_used=2739Kb free=117434Kb
 bounds [0x00000129246d0000, 0x00000129249a0000, 0x000001292bc00000]
CodeHeap 'profiled nmethods': size=120000Kb used=8076Kb max_used=10071Kb free=111923Kb
 bounds [0x000001291cc00000, 0x000001291d5e0000, 0x0000012924130000]
CodeHeap 'non-nmethods': size=5760Kb used=1233Kb max_used=1256Kb free=4526Kb
 bounds [0x0000012924130000, 0x00000129243a0000, 0x00000129246d0000]
 total_blobs=4397 nmethods=3858 adapters=451
 compilation: enabled
              stopped_count=0, restarted_count=0
 full_count=0

Compilation events (20 events):
Event: 16.617 Thread 0x00000129329f4d70 4522       3       com.mysql.cj.CharsetMapping::getStaticMysqlCharsetByName (13 bytes)
Event: 16.617 Thread 0x00000129329f43c0 nmethod 4516 0x00000129247b8310 code [0x00000129247b84c0, 0x00000129247b8a38]
Event: 16.617 Thread 0x00000129329f4d70 nmethod 4522 0x000001291cd97610 code [0x000001291cd977c0, 0x000001291cd97b28]
Event: 16.617 Thread 0x00000129329f43c0 4519       4       java.lang.StringBuilder::<init> (6 bytes)
Event: 16.620 Thread 0x00000129329f43c0 nmethod 4519 0x0000012924835390 code [0x0000012924835520, 0x0000012924835758]
Event: 16.620 Thread 0x00000129329f43c0 4525   !   4       jdk.internal.loader.BuiltinClassLoader::findClassOnClassPathOrNull (64 bytes)
Event: 16.640 Thread 0x00000129329f4d70 4528       3       java.util.LinkedList$ListItr::hasNext (20 bytes)
Event: 16.641 Thread 0x00000129329f4d70 nmethod 4528 0x000001291cd16410 code [0x000001291cd165a0, 0x000001291cd16718]
Event: 16.659 Thread 0x00000129329f4d70 4529       1       com.mysql.cj.protocol.a.NativePacketPayload::getPosition (5 bytes)
Event: 16.659 Thread 0x00000129329f4d70 nmethod 4529 0x0000012924812f10 code [0x00000129248130a0, 0x0000012924813178]
Event: 16.659 Thread 0x00000129329f4d70 4530       1       com.mysql.cj.protocol.a.NativePacketPayload::getByteBuffer (5 bytes)
Event: 16.660 Thread 0x00000129329f4d70 nmethod 4530 0x0000012924778590 code [0x0000012924778720, 0x00000129247787f8]
Event: 16.660 Thread 0x00000129329f4d70 4531       1       com.mysql.cj.protocol.a.NativePacketPayload::setPosition (6 bytes)
Event: 16.660 Thread 0x00000129329f4d70 nmethod 4531 0x00000129247f2c90 code [0x00000129247f2e20, 0x00000129247f2ef8]
Event: 16.660 Thread 0x00000129329f4d70 4532       3       com.mysql.cj.protocol.a.NativePacketPayload::readInteger (662 bytes)
Event: 16.661 Thread 0x00000129329f4d70 nmethod 4532 0x000001291ce20210 code [0x000001291ce20480, 0x000001291ce21028]
Event: 16.684 Thread 0x00000129329f4d70 4533       1       com.mysql.cj.conf.AbstractRuntimeProperty::getValue (5 bytes)
Event: 16.684 Thread 0x00000129329f4d70 nmethod 4533 0x00000129247f2990 code [0x00000129247f2b20, 0x00000129247f2bf8]
Event: 16.697 Thread 0x00000129329f4d70 4535       1       sun.nio.ch.NativeThread::current (2 bytes)
Event: 16.697 Thread 0x00000129329f4d70 nmethod 4535 0x00000129247f2590 code [0x00000129247f2720, 0x00000129247f27d8]

GC Heap History (20 events):
Event: 2.021 GC heap before
{Heap before GC invocations=1 (full 0):
 garbage-first heap   total 126976K, used 15075K [0x0000000084e00000, 0x0000000100000000)
  region size 1024K, 9 young (9216K), 2 survivors (2048K)
 Metaspace       used 4666K, committed 4864K, reserved 1056768K
  class space    used 484K, committed 576K, reserved 1048576K
}
Event: 2.027 GC heap after
{Heap after GC invocations=2 (full 0):
 garbage-first heap   total 126976K, used 8408K [0x0000000084e00000, 0x0000000100000000)
  region size 1024K, 1 young (1024K), 1 survivors (1024K)
 Metaspace       used 4666K, committed 4864K, reserved 1056768K
  class space    used 484K, committed 576K, reserved 1048576K
}
Event: 3.596 GC heap before
{Heap before GC invocations=2 (full 0):
 garbage-first heap   total 126976K, used 27864K [0x0000000084e00000, 0x0000000100000000)
  region size 1024K, 21 young (21504K), 1 survivors (1024K)
 Metaspace       used 9429K, committed 9600K, reserved 1064960K
  class space    used 1150K, committed 1216K, reserved 1048576K
}
Event: 3.601 GC heap after
{Heap after GC invocations=3 (full 0):
 garbage-first heap   total 126976K, used 9983K [0x0000000084e00000, 0x0000000100000000)
  region size 1024K, 3 young (3072K), 3 survivors (3072K)
 Metaspace       used 9429K, committed 9600K, reserved 1064960K
  class space    used 1150K, committed 1216K, reserved 1048576K
}
Event: 6.924 GC heap before
{Heap before GC invocations=3 (full 0):
 garbage-first heap   total 126976K, used 81663K [0x0000000084e00000, 0x0000000100000000)
  region size 1024K, 74 young (75776K), 3 survivors (3072K)
 Metaspace       used 20796K, committed 20992K, reserved 1073152K
  class space    used 2597K, committed 2688K, reserved 1048576K
}
Event: 6.936 GC heap after
{Heap after GC invocations=4 (full 0):
 garbage-first heap   total 126976K, used 13889K [0x0000000084e00000, 0x0000000100000000)
  region size 1024K, 7 young (7168K), 7 survivors (7168K)
 Metaspace       used 20796K, committed 20992K, reserved 1073152K
  class space    used 2597K, committed 2688K, reserved 1048576K
}
Event: 7.242 GC heap before
{Heap before GC invocations=4 (full 0):
 garbage-first heap   total 126976K, used 20033K [0x0000000084e00000, 0x0000000100000000)
  region size 1024K, 14 young (14336K), 7 survivors (7168K)
 Metaspace       used 21287K, committed 21504K, reserved 1073152K
  class space    used 2654K, committed 2752K, reserved 1048576K
}
Event: 7.253 GC heap after
{Heap after GC invocations=5 (full 0):
 garbage-first heap   total 126976K, used 14405K [0x0000000084e00000, 0x0000000100000000)
  region size 1024K, 5 young (5120K), 5 survivors (5120K)
 Metaspace       used 21287K, committed 21504K, reserved 1073152K
  class space    used 2654K, committed 2752K, reserved 1048576K
}
Event: 8.991 GC heap before
{Heap before GC invocations=6 (full 0):
 garbage-first heap   total 55296K, used 42053K [0x0000000084e00000, 0x0000000100000000)
  region size 1024K, 32 young (32768K), 5 survivors (5120K)
 Metaspace       used 24219K, committed 24512K, reserved 1073152K
  class space    used 3076K, committed 3200K, reserved 1048576K
}
Event: 9.003 GC heap after
{Heap after GC invocations=7 (full 0):
 garbage-first heap   total 55296K, used 16156K [0x0000000084e00000, 0x0000000100000000)
  region size 1024K, 3 young (3072K), 3 survivors (3072K)
 Metaspace       used 24219K, committed 24512K, reserved 1073152K
  class space    used 3076K, committed 3200K, reserved 1048576K
}
Event: 9.064 GC heap before
{Heap before GC invocations=7 (full 0):
 garbage-first heap   total 55296K, used 17180K [0x0000000084e00000, 0x0000000100000000)
  region size 1024K, 4 young (4096K), 3 survivors (3072K)
 Metaspace       used 24315K, committed 24576K, reserved 1073152K
  class space    used 3086K, committed 3200K, reserved 1048576K
}
Event: 9.070 GC heap after
{Heap after GC invocations=8 (full 0):
 garbage-first heap   total 55296K, used 16642K [0x0000000084e00000, 0x0000000100000000)
  region size 1024K, 1 young (1024K), 1 survivors (1024K)
 Metaspace       used 24315K, committed 24576K, reserved 1073152K
  class space    used 3086K, committed 3200K, reserved 1048576K
}
Event: 10.925 GC heap before
{Heap before GC invocations=8 (full 0):
 garbage-first heap   total 55296K, used 39170K [0x0000000084e00000, 0x0000000100000000)
  region size 1024K, 23 young (23552K), 1 survivors (1024K)
 Metaspace       used 27965K, committed 28288K, reserved 1081344K
  class space    used 3596K, committed 3776K, reserved 1048576K
}
Event: 10.932 GC heap after
{Heap after GC invocations=9 (full 0):
 garbage-first heap   total 55296K, used 18382K [0x0000000084e00000, 0x0000000100000000)
  region size 1024K, 3 young (3072K), 3 survivors (3072K)
 Metaspace       used 27965K, committed 28288K, reserved 1081344K
  class space    used 3596K, committed 3776K, reserved 1048576K
}
Event: 13.578 GC heap before
{Heap before GC invocations=9 (full 0):
 garbage-first heap   total 55296K, used 39886K [0x0000000084e00000, 0x0000000100000000)
  region size 1024K, 24 young (24576K), 3 survivors (3072K)
 Metaspace       used 31375K, committed 31680K, reserved 1081344K
  class space    used 4015K, committed 4160K, reserved 1048576K
}
Event: 13.588 GC heap after
{Heap after GC invocations=10 (full 0):
 garbage-first heap   total 55296K, used 20311K [0x0000000084e00000, 0x0000000100000000)
  region size 1024K, 2 young (2048K), 2 survivors (2048K)
 Metaspace       used 31375K, committed 31680K, reserved 1081344K
  class space    used 4015K, committed 4160K, reserved 1048576K
}
Event: 15.459 GC heap before
{Heap before GC invocations=10 (full 0):
 garbage-first heap   total 55296K, used 39767K [0x0000000084e00000, 0x0000000100000000)
  region size 1024K, 22 young (22528K), 2 survivors (2048K)
 Metaspace       used 34413K, committed 34816K, reserved 1081344K
  class space    used 4416K, committed 4608K, reserved 1048576K
}
Event: 15.465 GC heap after
{Heap after GC invocations=11 (full 0):
 garbage-first heap   total 55296K, used 21593K [0x0000000084e00000, 0x0000000100000000)
  region size 1024K, 2 young (2048K), 2 survivors (2048K)
 Metaspace       used 34413K, committed 34816K, reserved 1081344K
  class space    used 4416K, committed 4608K, reserved 1048576K
}
Event: 15.861 GC heap before
{Heap before GC invocations=11 (full 0):
 garbage-first heap   total 55296K, used 26713K [0x0000000084e00000, 0x0000000100000000)
  region size 1024K, 8 young (8192K), 2 survivors (2048K)
 Metaspace       used 35591K, committed 35968K, reserved 1081344K
  class space    used 4644K, committed 4864K, reserved 1048576K
}
Event: 15.864 GC heap after
{Heap after GC invocations=12 (full 0):
 garbage-first heap   total 55296K, used 21675K [0x0000000084e00000, 0x0000000100000000)
  region size 1024K, 2 young (2048K), 2 survivors (2048K)
 Metaspace       used 35591K, committed 35968K, reserved 1081344K
  class space    used 4644K, committed 4864K, reserved 1048576K
}

Deoptimization events (20 events):
Event: 16.526 Thread 0x00000129344a4b20 Uncommon trap: trap_request=0xffffff45 fr.pc=0x0000012924734228 relative=0x00000000000000a8
Event: 16.526 Thread 0x00000129344a4b20 Uncommon trap: reason=unstable_if action=reinterpret pc=0x0000012924734228 method=java.net.URI.match(CJJ)Z @ 45 c2
Event: 16.526 Thread 0x00000129344a4b20 DEOPT PACKING pc=0x0000012924734228 sp=0x00000020bb1fc580
Event: 16.526 Thread 0x00000129344a4b20 DEOPT UNPACKING pc=0x00000129241823a3 sp=0x00000020bb1fc530 mode 2
Event: 16.585 Thread 0x00000129344a4b20 DEOPT PACKING pc=0x000001291d3b37a7 sp=0x00000020bb1fa610
Event: 16.585 Thread 0x00000129344a4b20 DEOPT UNPACKING pc=0x0000012924182b43 sp=0x00000020bb1f9ad8 mode 0
Event: 16.587 Thread 0x00000129344a4b20 DEOPT PACKING pc=0x000001291d3b37a7 sp=0x00000020bb1fa620
Event: 16.587 Thread 0x00000129344a4b20 DEOPT UNPACKING pc=0x0000012924182b43 sp=0x00000020bb1f9ae8 mode 0
Event: 16.588 Thread 0x00000129344a4b20 DEOPT PACKING pc=0x000001291d3b37a7 sp=0x00000020bb1fa630
Event: 16.588 Thread 0x00000129344a4b20 DEOPT UNPACKING pc=0x0000012924182b43 sp=0x00000020bb1f9af8 mode 0
Event: 16.589 Thread 0x00000129344a4b20 DEOPT PACKING pc=0x000001291d3b37a7 sp=0x00000020bb1fa620
Event: 16.589 Thread 0x00000129344a4b20 DEOPT UNPACKING pc=0x0000012924182b43 sp=0x00000020bb1f9ae8 mode 0
Event: 16.644 Thread 0x00000129344a4b20 Uncommon trap: trap_request=0xffffff45 fr.pc=0x00000129247d42e8 relative=0x0000000000001288
Event: 16.644 Thread 0x00000129344a4b20 Uncommon trap: reason=unstable_if action=reinterpret pc=0x00000129247d42e8 method=java.lang.String.<init>([BIILjava/nio/charset/Charset;)V @ 18 c2
Event: 16.644 Thread 0x00000129344a4b20 DEOPT PACKING pc=0x00000129247d42e8 sp=0x00000020bb1fc950
Event: 16.644 Thread 0x00000129344a4b20 DEOPT UNPACKING pc=0x00000129241823a3 sp=0x00000020bb1fc910 mode 2
Event: 16.683 Thread 0x00000129344a4b20 Uncommon trap: trap_request=0xffffff45 fr.pc=0x00000129247e437c relative=0x000000000000025c
Event: 16.683 Thread 0x00000129344a4b20 Uncommon trap: reason=unstable_if action=reinterpret pc=0x00000129247e437c method=java.lang.String.getChars(II[CI)V @ 23 c2
Event: 16.683 Thread 0x00000129344a4b20 DEOPT PACKING pc=0x00000129247e437c sp=0x00000020bb1fcc00
Event: 16.683 Thread 0x00000129344a4b20 DEOPT UNPACKING pc=0x00000129241823a3 sp=0x00000020bb1fcbc0 mode 2

Classes unloaded (0 events):
No events

Classes redefined (0 events):
No events

Internal exceptions (20 events):
Event: 11.072 Thread 0x00000129344a4b20 Exception <a 'java/lang/NoSuchMethodError'{0x000000008c2020d8}: 'java.lang.Object java.lang.invoke.DirectMethodHandle$Holder.invokeStatic(java.lang.Object, java.lang.Object, int)'> (0x000000008c2020d8) 
thrown [s\open\src\hotspot\share\interpreter\linkResolver.cpp, line 759]
Event: 11.074 Thread 0x00000129344a4b20 Exception <a 'java/lang/NoSuchMethodError'{0x000000008c20dd20}: 'void java.lang.invoke.DelegatingMethodHandle$Holder.delegate(java.lang.Object, java.lang.Object, int, java.lang.Object)'> (0x000000008c20dd20) 
thrown [s\open\src\hotspot\share\interpreter\linkResolver.cpp, line 759]
Event: 11.240 Thread 0x00000129344a4b20 Exception <a 'java/lang/NoSuchMethodError'{0x000000008c1c1fb8}: 'void java.lang.invoke.DirectMethodHandle$Holder.invokeInterface(java.lang.Object, java.lang.Object, int)'> (0x000000008c1c1fb8) 
thrown [s\open\src\hotspot\share\interpreter\linkResolver.cpp, line 759]
Event: 11.287 Thread 0x00000129344a4b20 Exception <a 'java/lang/IncompatibleClassChangeError'{0x000000008c0122d0}: Found class java.lang.Object, but interface was expected> (0x000000008c0122d0) 
thrown [s\open\src\hotspot\share\interpreter\linkResolver.cpp, line 826]
Event: 11.288 Thread 0x00000129344a4b20 Exception <a 'java/lang/NoSuchMethodError'{0x000000008c017420}: 'void java.lang.invoke.DirectMethodHandle$Holder.invokeStatic(java.lang.Object, int, java.lang.Object)'> (0x000000008c017420) 
thrown [s\open\src\hotspot\share\interpreter\linkResolver.cpp, line 759]
Event: 11.295 Thread 0x00000129344a4b20 Exception <a 'java/lang/NoSuchMethodError'{0x000000008c04c830}: 'int java.lang.invoke.DirectMethodHandle$Holder.invokeSpecial(java.lang.Object, java.lang.Object, int)'> (0x000000008c04c830) 
thrown [s\open\src\hotspot\share\interpreter\linkResolver.cpp, line 759]
Event: 11.968 Thread 0x00000129344a4b20 Exception <a 'java/lang/NoSuchMethodError'{0x0000000087b31168}: 'java.lang.Object java.lang.invoke.DirectMethodHandle$Holder.invokeStaticInit(java.lang.Object, int, int, int, int)'> (0x0000000087b31168) 
thrown [s\open\src\hotspot\share\interpreter\linkResolver.cpp, line 759]
Event: 12.738 Thread 0x00000129344a4b20 Exception <a 'java/lang/NoSuchMethodError'{0x0000000087ba1618}: 'java.lang.Object java.lang.invoke.DirectMethodHandle$Holder.invokeStaticInit(java.lang.Object, java.lang.Object, int, int, int, int)'> (0x0000000087ba1618) 
thrown [s\open\src\hotspot\share\interpreter\linkResolver.cpp, line 759]
Event: 13.111 Thread 0x00000129344a4b20 Exception <a 'sun/nio/fs/WindowsException'{0x0000000087298c50}> (0x0000000087298c50) 
thrown [s\open\src\hotspot\share\prims\jni.cpp, line 516]
Event: 13.114 Thread 0x00000129344a4b20 Exception <a 'sun/nio/fs/WindowsException'{0x000000008729e928}> (0x000000008729e928) 
thrown [s\open\src\hotspot\share\prims\jni.cpp, line 516]
Event: 13.114 Thread 0x00000129344a4b20 Exception <a 'sun/nio/fs/WindowsException'{0x000000008729ec28}> (0x000000008729ec28) 
thrown [s\open\src\hotspot\share\prims\jni.cpp, line 516]
Event: 13.115 Thread 0x00000129344a4b20 Exception <a 'sun/nio/fs/WindowsException'{0x000000008729fa10}> (0x000000008729fa10) 
thrown [s\open\src\hotspot\share\prims\jni.cpp, line 516]
Event: 13.115 Thread 0x00000129344a4b20 Exception <a 'sun/nio/fs/WindowsException'{0x000000008729fd70}> (0x000000008729fd70) 
thrown [s\open\src\hotspot\share\prims\jni.cpp, line 516]
Event: 13.742 Thread 0x00000129344a4b20 Exception <a 'java/io/FileNotFoundException'{0x000000008c1aed08}> (0x000000008c1aed08) 
thrown [s\open\src\hotspot\share\prims\jni.cpp, line 516]
Event: 13.853 Thread 0x00000129344a4b20 Exception <a 'java/lang/NoSuchMethodError'{0x000000008bf6fde8}: 'int java.lang.invoke.DirectMethodHandle$Holder.invokeInterface(java.lang.Object, java.lang.Object, java.lang.Object, java.lang.Object)'> (0x000000008bf6fde8) 
thrown [s\open\src\hotspot\share\interpreter\linkResolver.cpp, line 759]
Event: 13.978 Thread 0x00000129344a4b20 Exception <a 'java/io/FileNotFoundException'{0x0000000087de6558}> (0x0000000087de6558) 
thrown [s\open\src\hotspot\share\prims\jni.cpp, line 516]
Event: 14.696 Thread 0x00000129344a4b20 Implicit null exception at 0x00000129249017cd to 0x00000129249039e0
Event: 14.701 Thread 0x00000129344a4b20 Implicit null exception at 0x0000012924929685 to 0x000001292492b780
Event: 14.885 Thread 0x00000129344a4b20 Implicit null exception at 0x0000012924887217 to 0x00000129248876d4
Event: 16.303 Thread 0x00000129344a4b20 Implicit null exception at 0x0000012924950be3 to 0x0000012924951184

VM Operations (20 events):
Event: 13.984 Executing VM operation: HandshakeAllThreads
Event: 13.984 Executing VM operation: HandshakeAllThreads done
Event: 13.985 Executing VM operation: HandshakeAllThreads
Event: 13.985 Executing VM operation: HandshakeAllThreads done
Event: 14.075 Executing VM operation: HandshakeAllThreads
Event: 14.187 Executing VM operation: HandshakeAllThreads done
Event: 14.187 Executing VM operation: HandshakeAllThreads
Event: 14.187 Executing VM operation: HandshakeAllThreads done
Event: 14.331 Executing VM operation: ICBufferFull
Event: 14.692 Executing VM operation: ICBufferFull done
Event: 14.692 Executing VM operation: HandshakeAllThreads
Event: 15.348 Executing VM operation: HandshakeAllThreads done
Event: 15.453 Executing VM operation: G1CollectForAllocation
Event: 15.467 Executing VM operation: G1CollectForAllocation done
Event: 15.861 Executing VM operation: CollectForMetadataAllocation
Event: 15.864 Executing VM operation: CollectForMetadataAllocation done
Event: 15.926 Executing VM operation: G1Concurrent
Event: 15.929 Executing VM operation: G1Concurrent done
Event: 15.953 Executing VM operation: G1Concurrent
Event: 15.954 Executing VM operation: G1Concurrent done

Events (20 events):
Event: 16.610 loading class sun/nio/cs/MS1251
Event: 16.611 loading class sun/nio/cs/MS1251 done
Event: 16.611 loading class sun/nio/cs/MS1256
Event: 16.611 loading class sun/nio/cs/MS1256 done
Event: 16.611 loading class sun/nio/cs/MS1257
Event: 16.612 loading class sun/nio/cs/MS1257 done
Event: 16.613 loading class sun/nio/cs/UTF_32
Event: 16.614 loading class sun/nio/cs/UTF_32 done
Event: 16.628 loading class java/security/DigestException
Event: 16.628 loading class java/security/DigestException done
Event: 16.632 loading class javax/security/sasl/SaslException
Event: 16.632 loading class javax/security/sasl/SaslException done
Event: 16.632 loading class javax/security/auth/callback/UnsupportedCallbackException
Event: 16.633 loading class javax/security/auth/callback/UnsupportedCallbackException done
Event: 16.633 loading class javax/security/auth/login/Configuration
Event: 16.634 loading class javax/security/auth/login/Configuration done
Event: 16.634 loading class javax/security/auth/callback/CallbackHandler
Event: 16.635 loading class javax/security/auth/callback/CallbackHandler done
Event: 16.635 loading class javax/security/auth/callback/Callback
Event: 16.635 loading class javax/security/auth/callback/Callback done


Dynamic libraries:
0x00007ff7afe60000 - 0x00007ff7afe70000 	C:\Program Files\Java\jdk-17\bin\java.exe
0x00007ffa902b0000 - 0x00007ffa904a8000 	C:\WINDOWS\SYSTEM32\ntdll.dll
0x00007ffa8fae0000 - 0x00007ffa8fba2000 	C:\WINDOWS\System32\KERNEL32.DLL
0x00007ffa8d950000 - 0x00007ffa8dc4f000 	C:\WINDOWS\System32\KERNELBASE.dll
0x00007ffa8dcc0000 - 0x00007ffa8ddc0000 	C:\WINDOWS\System32\ucrtbase.dll
0x00007ffa7d8b0000 - 0x00007ffa7d8cb000 	C:\Program Files\Java\jdk-17\bin\VCRUNTIME140.dll
0x00007ffa7d8d0000 - 0x00007ffa7d8e9000 	C:\Program Files\Java\jdk-17\bin\jli.dll
0x00007ffa8fed0000 - 0x00007ffa8ff7f000 	C:\WINDOWS\System32\ADVAPI32.dll
0x00007ffa8f6e0000 - 0x00007ffa8f77e000 	C:\WINDOWS\System32\msvcrt.dll
0x00007ffa8fbb0000 - 0x00007ffa8fc4f000 	C:\WINDOWS\System32\sechost.dll
0x00007ffa8eec0000 - 0x00007ffa8efe3000 	C:\WINDOWS\System32\RPCRT4.dll
0x00007ffa8ddc0000 - 0x00007ffa8dde7000 	C:\WINDOWS\System32\bcrypt.dll
0x00007ffa8f030000 - 0x00007ffa8f1cd000 	C:\WINDOWS\System32\USER32.dll
0x00007ffa8dfd0000 - 0x00007ffa8dff2000 	C:\WINDOWS\System32\win32u.dll
0x00007ffa8eff0000 - 0x00007ffa8f01b000 	C:\WINDOWS\System32\GDI32.dll
0x00007ffa8e050000 - 0x00007ffa8e16a000 	C:\WINDOWS\System32\gdi32full.dll
0x00007ffa8dea0000 - 0x00007ffa8df3d000 	C:\WINDOWS\System32\msvcp_win.dll
0x00007ffa79eb0000 - 0x00007ffa7a14a000 	C:\WINDOWS\WinSxS\amd64_microsoft.windows.common-controls_6595b64144ccf1df_6.0.19041.4355_none_60b8b9eb71f62e16\COMCTL32.dll
0x00007ffa80170000 - 0x00007ffa8017a000 	C:\WINDOWS\SYSTEM32\VERSION.dll
0x00007ffa8ee30000 - 0x00007ffa8ee5f000 	C:\WINDOWS\System32\IMM32.DLL
0x00007ffa87370000 - 0x00007ffa8737c000 	C:\Program Files\Java\jdk-17\bin\vcruntime140_1.dll
0x00007ffa772f0000 - 0x00007ffa7737e000 	C:\Program Files\Java\jdk-17\bin\msvcp140.dll
0x00007ffa0b1e0000 - 0x00007ffa0bdbd000 	C:\Program Files\Java\jdk-17\bin\server\jvm.dll
0x00007ffa8f6d0000 - 0x00007ffa8f6d8000 	C:\WINDOWS\System32\PSAPI.DLL
0x00007ffa7ca30000 - 0x00007ffa7ca39000 	C:\WINDOWS\SYSTEM32\WSOCK32.dll
0x00007ffa8f660000 - 0x00007ffa8f6cb000 	C:\WINDOWS\System32\WS2_32.dll
0x00007ffa7e090000 - 0x00007ffa7e0b7000 	C:\WINDOWS\SYSTEM32\WINMM.dll
0x00007ffa8c180000 - 0x00007ffa8c192000 	C:\WINDOWS\SYSTEM32\kernel.appcore.dll
0x00007ffa7d8a0000 - 0x00007ffa7d8aa000 	C:\Program Files\Java\jdk-17\bin\jimage.dll
0x00007ffa8bca0000 - 0x00007ffa8be84000 	C:\WINDOWS\SYSTEM32\DBGHELP.DLL
0x00007ffa7c790000 - 0x00007ffa7c7c4000 	C:\WINDOWS\SYSTEM32\dbgcore.DLL
0x00007ffa8df40000 - 0x00007ffa8dfc2000 	C:\WINDOWS\System32\bcryptPrimitives.dll
0x00007ffa86ce0000 - 0x00007ffa86cee000 	C:\Program Files\Java\jdk-17\bin\instrument.dll
0x00007ffa7d870000 - 0x00007ffa7d895000 	C:\Program Files\Java\jdk-17\bin\java.dll
0x00007ffa60010000 - 0x00007ffa600e7000 	C:\Program Files\Java\jdk-17\bin\jsvml.dll
0x00007ffa8e5b0000 - 0x00007ffa8ed1d000 	C:\WINDOWS\System32\SHELL32.dll
0x00007ffa8ab80000 - 0x00007ffa8b324000 	C:\WINDOWS\SYSTEM32\windows.storage.dll
0x00007ffa8f780000 - 0x00007ffa8fad5000 	C:\WINDOWS\System32\combase.dll
0x00007ffa8d2a0000 - 0x00007ffa8d2cf000 	C:\WINDOWS\SYSTEM32\Wldp.dll
0x00007ffa900c0000 - 0x00007ffa9018d000 	C:\WINDOWS\System32\OLEAUT32.dll
0x00007ffa8fc50000 - 0x00007ffa8fcfd000 	C:\WINDOWS\System32\SHCORE.dll
0x00007ffa8fd80000 - 0x00007ffa8fdd5000 	C:\WINDOWS\System32\shlwapi.dll
0x00007ffa8d880000 - 0x00007ffa8d8a4000 	C:\WINDOWS\SYSTEM32\profapi.dll
0x00007ffa7b820000 - 0x00007ffa7b838000 	C:\Program Files\Java\jdk-17\bin\zip.dll
0x00007ffa7d850000 - 0x00007ffa7d869000 	C:\Program Files\Java\jdk-17\bin\net.dll
0x00007ffa84250000 - 0x00007ffa8435a000 	C:\WINDOWS\SYSTEM32\WINHTTP.dll
0x00007ffa8d080000 - 0x00007ffa8d0ec000 	C:\WINDOWS\system32\mswsock.dll
0x00007ffa7d830000 - 0x00007ffa7d846000 	C:\Program Files\Java\jdk-17\bin\nio.dll
0x00007ffa7c190000 - 0x00007ffa7c1aa000 	C:\Program Files\JetBrains\IntelliJ IDEA Community Edition 2024.1.4\bin\breakgen64.dll
0x00007ffa7bf90000 - 0x00007ffa7bfa0000 	C:\Program Files\Java\jdk-17\bin\verify.dll
0x00007ffa7c140000 - 0x00007ffa7c14a000 	C:\Program Files\Java\jdk-17\bin\management.dll
0x00007ffa7bf80000 - 0x00007ffa7bf8b000 	C:\Program Files\Java\jdk-17\bin\management_ext.dll
0x00007ffa78e50000 - 0x00007ffa78e67000 	C:\WINDOWS\system32\napinsp.dll
0x00007ffa78e30000 - 0x00007ffa78e4b000 	C:\WINDOWS\system32\pnrpnsp.dll
0x00007ffa78e10000 - 0x00007ffa78e25000 	C:\WINDOWS\system32\wshbth.dll
0x00007ffa87130000 - 0x00007ffa8714d000 	C:\WINDOWS\system32\NLAapi.dll
0x00007ffa8cd30000 - 0x00007ffa8cd6b000 	C:\WINDOWS\SYSTEM32\IPHLPAPI.DLL
0x00007ffa8cd80000 - 0x00007ffa8ce4a000 	C:\WINDOWS\SYSTEM32\DNSAPI.dll
0x00007ffa8f020000 - 0x00007ffa8f028000 	C:\WINDOWS\System32\NSI.dll
0x00007ffa78a10000 - 0x00007ffa78a22000 	C:\WINDOWS\System32\winrnr.dll
0x000000006b760000 - 0x000000006b786000 	C:\Program Files\Bonjour\mdnsNSP.dll
0x00007ffa804d0000 - 0x00007ffa804da000 	C:\Windows\System32\rasadhlp.dll
0x00007ffa80cf0000 - 0x00007ffa80d70000 	C:\WINDOWS\System32\fwpuclnt.dll
0x00007ffa8d600000 - 0x00007ffa8d618000 	C:\WINDOWS\SYSTEM32\CRYPTSP.dll
0x00007ffa8c950000 - 0x00007ffa8c984000 	C:\WINDOWS\system32\rsaenh.dll
0x00007ffa8d800000 - 0x00007ffa8d82e000 	C:\WINDOWS\SYSTEM32\USERENV.dll
0x00007ffa8d210000 - 0x00007ffa8d21c000 	C:\WINDOWS\SYSTEM32\CRYPTBASE.dll
0x00007ffa86a10000 - 0x00007ffa86a27000 	C:\WINDOWS\SYSTEM32\dhcpcsvc6.DLL
0x00007ffa85ec0000 - 0x00007ffa85edd000 	C:\WINDOWS\SYSTEM32\dhcpcsvc.DLL

dbghelp: loaded successfully - version: 4.0.5 - missing functions: none
symbol engine: initialized successfully - sym options: 0x614 - pdb path: .;C:\Program Files\Java\jdk-17\bin;C:\WINDOWS\SYSTEM32;C:\WINDOWS\WinSxS\amd64_microsoft.windows.common-controls_6595b64144ccf1df_6.0.19041.4355_none_60b8b9eb71f62e16;C:\Program Files\Java\jdk-17\bin\server;C:\Program Files\JetBrains\IntelliJ IDEA Community Edition 2024.1.4\bin;C:\Program Files\Bonjour

VM Arguments:
jvm_args: -javaagent:C:\Program Files\JetBrains\IntelliJ IDEA Community Edition 2024.1.4\lib\idea_rt.jar=55990:C:\Program Files\JetBrains\IntelliJ IDEA Community Edition 2024.1.4\bin -Dfile.encoding=UTF-8 
java_command: com.isi.MicroserviceCoursApplication
java_class_path (initial): C:\devops\microservice-gestion-cours\target\classes;C:\Users\SERIGNE M  DIOUF\.m2\repository\org\springframework\boot\spring-boot-starter-data-jpa\2.6.1\spring-boot-starter-data-jpa-2.6.1.jar;C:\Users\SERIGNE M  DIOUF\.m2\repository\org\springframework\boot\spring-boot-starter-aop\2.6.1\spring-boot-starter-aop-2.6.1.jar;C:\Users\SERIGNE M  DIOUF\.m2\repository\org\aspectj\aspectjweaver\1.9.7\aspectjweaver-1.9.7.jar;C:\Users\SERIGNE M  DIOUF\.m2\repository\org\springframework\boot\spring-boot-starter-jdbc\2.6.1\spring-boot-starter-jdbc-2.6.1.jar;C:\Users\SERIGNE M  DIOUF\.m2\repository\com\zaxxer\HikariCP\4.0.3\HikariCP-4.0.3.jar;C:\Users\SERIGNE M  DIOUF\.m2\repository\org\springframework\spring-jdbc\5.3.13\spring-jdbc-5.3.13.jar;C:\Users\SERIGNE M  DIOUF\.m2\repository\jakarta\transaction\jakarta.transaction-api\1.3.3\jakarta.transaction-api-1.3.3.jar;C:\Users\SERIGNE M  DIOUF\.m2\repository\jakarta\persistence\jakarta.persistence-api\2.2.3\jakarta.persistence-api-2.2.3.jar;C:\Users\SERIGNE M  DIOUF\.m2\repository\org\hibernate\hibernate-core\5.6.1.Final\hibernate-core-5.6.1.Final.jar;C:\Users\SERIGNE M  DIOUF\.m2\repository\org\jboss\logging\jboss-logging\3.4.2.Final\jboss-logging-3.4.2.Final.jar;C:\Users\SERIGNE M  DIOUF\.m2\repository\net\bytebuddy\byte-buddy\1.11.22\byte-buddy-1.11.22.jar;C:\Users\SERIGNE M  DIOUF\.m2\repository\antlr\antlr\2.7.7\antlr-2.7.7.jar;C:\Users\SERIGNE M  DIOUF\.m2\repository\org\jboss\jandex\2.2.3.Final\jandex-2.2.3.Final.jar;C:\Users\SERIGNE M  DIOUF\.m2\repository\org\hibernate\common\hibernate-commons-annotations\5.1.2.Final\hibernate-commons-annotations-5.1.2.Final.jar;C:\Users\SERIGNE M  DIOUF\.m2\repository\org\glassfish\jaxb\jaxb-runtime\2.3.5\jaxb-runtime-2.3.5.jar;C:\Users\SERIGNE M  DIOUF\.m2\repository\org\glassfish\jaxb\txw2\2.3.5\txw2-2.3.5.jar;C:\Users\SERIGNE M  DIOUF\.m2\repository\com\sun\istack\istack-commons-runtime\3.0.12\istack-commons-runtime-3.0.12.jar;C:\Users\SERIGNE M  DIOUF\.m2\
Launcher Type: SUN_STANDARD

[Global flags]
     intx CICompilerCount                          = 3                                         {product} {ergonomic}
     uint ConcGCThreads                            = 1                                         {product} {ergonomic}
     uint G1ConcRefinementThreads                  = 4                                         {product} {ergonomic}
   size_t G1HeapRegionSize                         = 1048576                                   {product} {ergonomic}
    uintx GCDrainStackTargetSize                   = 64                                        {product} {ergonomic}
   size_t InitialHeapSize                          = 130023424                                 {product} {ergonomic}
   size_t MarkStackSize                            = 4194304                                   {product} {ergonomic}
   size_t MaxHeapSize                              = 2065694720                                {product} {ergonomic}
   size_t MaxNewSize                               = 1239416832                                {product} {ergonomic}
   size_t MinHeapDeltaBytes                        = 1048576                                   {product} {ergonomic}
   size_t MinHeapSize                              = 8388608                                   {product} {ergonomic}
    uintx NonNMethodCodeHeapSize                   = 5832780                                {pd product} {ergonomic}
    uintx NonProfiledCodeHeapSize                  = 122912730                              {pd product} {ergonomic}
    uintx ProfiledCodeHeapSize                     = 122912730                              {pd product} {ergonomic}
    uintx ReservedCodeCacheSize                    = 251658240                              {pd product} {ergonomic}
     bool SegmentedCodeCache                       = true                                      {product} {ergonomic}
   size_t SoftMaxHeapSize                          = 2065694720                             {manageable} {ergonomic}
     bool UseCompressedClassPointers               = true                           {product lp64_product} {ergonomic}
     bool UseCompressedOops                        = true                           {product lp64_product} {ergonomic}
     bool UseG1GC                                  = true                                      {product} {ergonomic}
     bool UseLargePagesIndividualAllocation        = false                                  {pd product} {ergonomic}

Logging:
Log output configuration:
 #0: stdout all=warning uptime,level,tags
 #1: stderr all=off uptime,level,tags

Environment Variables:
JAVA_HOME=C:\Program Files\Java\jdk-17
PATH=C:\Program Files\Common Files\Oracle\Java\javapath;C:\WINDOWS\system32;C:\WINDOWS;C:\WINDOWS\System32\Wbem;C:\WINDOWS\System32\WindowsPowerShell\v1.0\;C:\WINDOWS\System32\OpenSSH\;C:\xampp\php;C:\Program Files\Microsoft SQL Server\150\Tools\Binn\;C:\Program Files\Microsoft SQL Server\Client SDK\ODBC\170\Tools\Binn\;C:\Program Files\Azure Data Studio\bin;C:\Program Files\Git\cmd;C:\Program Files (x86)\Microsoft SQL Server\160\Tools\Binn\;C:\Program Files\Microsoft SQL Server\160\Tools\Binn\;C:\Program Files\Microsoft SQL Server\160\DTS\Binn\;C:\ProgramData\ComposerSetup\bin;C:\Users\SERIGNE M  DIOUF\AppData\Roaming\Microsoft\Windows\Start Menu\Programs\Python 3.11;C:\Users\SERIGNE M  DIOUF\AppData\Roaming\Microsoft\Windows\Start Menu\Programs\Python 3.11;C:\Windows\System32\cmd.exe;C:\Users\SERIGNE M  DIOUF\AppData\Local\Programs\Python\Python311;C:\ProgramData\chocolatey\bin;C:\Program Files\nodejs\;;C:\Program Files (x86)\Certbot\bin;C:\Program Files\Docker\Docker\resources\bin;C:\Program Files\dotnet\;C:\Program Files\Amazon\AWSCLIV2\;C:\Users\SERIGNE M  DIOUF\AppData\Local\Microsoft\WindowsApps;C:\Users\SERIGNE M  DIOUF\AppData\Local\Programs\Microsoft VS Code\bin;C:\Users\SERIGNE M  DIOUF\AppData\Roaming\Composer\vendor\bin;C:\ProgramData\Microsoft\Windows\Start Menu\Programs\Node.js;C:\Users\SERIGNE M  DIOUF\AppData\Roaming\npm;C:\Program Files\JetBrains\IntelliJ IDEA 2022.1\bin;C:\Users\SERIGNE M  DIOUF\.dotnet\tools;C:\Users\SERIGNE M  DIOUF\AppData\Local\Programs\cursor\resources\app\bin;C:\flutter\bin;C:\Program Files\terraform;;C:\Program Files\terraform;C:\Users\SERIGNE M  DIOUF\AppData\Local\Microsoft\WindowsApps;C:\Users\SERIGNE M  DIOUF\AppData\Local\Programs\Microsoft VS Code\bin;C:\Program Files\Azure Data Studio\bin;C:\Users\SERIGNE M  DIOUF\AppData\Roaming\Composer\vendor\bin;C:\Users\SERIGNE M  DIOUF\AppData\Roaming\Microsoft\Windows\Start Menu\Programs\Python 3.11;C:\Users\SERIGNE M  DIOUF\AppData\Roaming\Microsoft\Windows\Start Menu\Programs\P
USERNAME=SERIGNE M  DIOUF
OS=Windows_NT
PROCESSOR_IDENTIFIER=Intel64 Family 6 Model 69 Stepping 1, GenuineIntel



---------------  S Y S T E M  ---------------

OS:
 Windows 10 , 64 bit Build 19041 (10.0.19041.5438)
OS uptime: 0 days 15:51 hours
Hyper-V role detected

CPU: total 4 (initial active 4) (2 cores per cpu, 2 threads per core) family 6 model 69 stepping 1 microcode 0x25, cx8, cmov, fxsr, ht, mmx, sse, sse2, sse3, ssse3, sse4.1, sse4.2, popcnt, lzcnt, tsc, tscinvbit, avx, avx2, aes, erms, clmul, bmi1, bmi2, fma, vzeroupper, clflush, hv

Memory: 4k page, system-wide physical 7879M (310M free)
TotalPageFile size 16600M (AvailPageFile size 1M)
current process WorkingSet (physical memory assigned to process): 184M, peak: 203M
current process commit charge ("private bytes"): 216M, peak: 259M

vm_info: Java HotSpot(TM) 64-Bit Server VM (17.0.7+8-LTS-224) for windows-amd64 JRE (17.0.7+8-LTS-224), built on Feb 28 2023 23:03:02 by "mach5one" with MS VC++ 17.1 (VS2022)

END.
